{"uuid":"12ff336f-6e55-4597-a111-034cace14a68","historyId":"a085830fa551b4fb640788d01437436c","fullName":"com.cyberiansoft.test.inhouse.testcases.TeamPortalUserTestCases.testUserCanPayAgreementFromMailLink","labels":[{"name":"package","value":"com.cyberiansoft.test.inhouse.testcases.TeamPortalUserTestCases"},{"name":"testClass","value":"com.cyberiansoft.test.inhouse.testcases.TeamPortalUserTestCases"},{"name":"testMethod","value":"testUserCanPayAgreementFromMailLink"},{"name":"parentSuite","value":"Default Suite"},{"name":"suite","value":"TestAutomationProject"},{"name":"subSuite","value":"com.cyberiansoft.test.inhouse.testcases.TeamPortalUserTestCases"},{"name":"host","value":"DESKTOP-RNHDCNI"},{"name":"thread","value":"8384@DESKTOP-RNHDCNI.main(1)"}],"links":[],"name":"testUserCanPayAgreementFromMailLink","status":"broken","statusDetails":{"known":false,"muted":false,"flaky":false,"message":"Expected condition failed: waiting for element to be clickable: Proxy element for: DefaultElementLocator 'By.id: LicenseFeeDiscount' (tried for 60 second(s) with 250 milliseconds interval)","trace":"org.openqa.selenium.TimeoutException: Expected condition failed: waiting for element to be clickable: Proxy element for: DefaultElementLocator 'By.id: LicenseFeeDiscount' (tried for 60 second(s) with 250 milliseconds interval)\r\n\tat org.openqa.selenium.support.ui.WebDriverWait.timeoutException(WebDriverWait.java:81)\r\n\tat org.openqa.selenium.support.ui.FluentWait.until(FluentWait.java:271)\r\n\tat com.cyberiansoft.test.inhouse.pageObject.ClientQuotesDetailPage.insertLicenseFeeDiscount_aroundBody16(ClientQuotesDetailPage.java:276)\r\n\tat com.cyberiansoft.test.inhouse.pageObject.ClientQuotesDetailPage$AjcClosure17.run(ClientQuotesDetailPage.java:1)\r\n\tat org.aspectj.runtime.reflect.JoinPointImpl.proceed(JoinPointImpl.java:149)\r\n\tat io.qameta.allure.aspects.StepsAspects.step(StepsAspects.java:51)\r\n\tat com.cyberiansoft.test.inhouse.pageObject.ClientQuotesDetailPage.insertLicenseFeeDiscount(ClientQuotesDetailPage.java:275)\r\n\tat com.cyberiansoft.test.inhouse.pageObject.ClientQuotesDetailPage.selectLicenseDiscount_aroundBody24(ClientQuotesDetailPage.java:303)\r\n\tat com.cyberiansoft.test.inhouse.pageObject.ClientQuotesDetailPage$AjcClosure25.run(ClientQuotesDetailPage.java:1)\r\n\tat org.aspectj.runtime.reflect.JoinPointImpl.proceed(JoinPointImpl.java:149)\r\n\tat io.qameta.allure.aspects.StepsAspects.step(StepsAspects.java:51)\r\n\tat com.cyberiansoft.test.inhouse.pageObject.ClientQuotesDetailPage.selectLicenseDiscount(ClientQuotesDetailPage.java:303)\r\n\tat com.cyberiansoft.test.inhouse.testcases.TeamPortalUserTestCases.testUserCanPayAgreementFromMailLink(TeamPortalUserTestCases.java:246)\r\n\tat sun.reflect.NativeMethodAccessorImpl.invoke0(Native Method)\r\n\tat sun.reflect.NativeMethodAccessorImpl.invoke(NativeMethodAccessorImpl.java:62)\r\n\tat sun.reflect.DelegatingMethodAccessorImpl.invoke(DelegatingMethodAccessorImpl.java:43)\r\n\tat java.lang.reflect.Method.invoke(Method.java:498)\r\n\tat org.testng.internal.MethodInvocationHelper.invokeMethod(MethodInvocationHelper.java:124)\r\n\tat org.testng.internal.Invoker.invokeMethod(Invoker.java:583)\r\n\tat org.testng.internal.Invoker.invokeTestMethod(Invoker.java:719)\r\n\tat org.testng.internal.Invoker.invokeTestMethods(Invoker.java:989)\r\n\tat org.testng.internal.TestMethodWorker.invokeTestMethods(TestMethodWorker.java:125)\r\n\tat org.testng.internal.TestMethodWorker.run(TestMethodWorker.java:109)\r\n\tat org.testng.TestRunner.privateRun(TestRunner.java:648)\r\n\tat org.testng.TestRunner.run(TestRunner.java:505)\r\n\tat org.testng.SuiteRunner.runTest(SuiteRunner.java:455)\r\n\tat org.testng.SuiteRunner.runSequentially(SuiteRunner.java:450)\r\n\tat org.testng.SuiteRunner.privateRun(SuiteRunner.java:415)\r\n\tat org.testng.SuiteRunner.run(SuiteRunner.java:364)\r\n\tat org.testng.SuiteRunnerWorker.runSuite(SuiteRunnerWorker.java:52)\r\n\tat org.testng.SuiteRunnerWorker.run(SuiteRunnerWorker.java:84)\r\n\tat org.testng.TestNG.runSuitesSequentially(TestNG.java:1208)\r\n\tat org.testng.TestNG.runSuitesLocally(TestNG.java:1137)\r\n\tat org.testng.TestNG.runSuites(TestNG.java:1049)\r\n\tat org.testng.TestNG.run(TestNG.java:1017)\r\n\tat org.testng.IDEARemoteTestNG.run(IDEARemoteTestNG.java:72)\r\n\tat org.testng.RemoteTestNGStarter.main(RemoteTestNGStarter.java:123)\r\nCaused by: org.openqa.selenium.NoSuchElementException: no such element: Unable to locate element: {\"method\":\"id\",\"selector\":\"LicenseFeeDiscount\"}\n  (Session info: chrome=67.0.3396.99)\n  (Driver info: chromedriver=2.40.565498 (ea082db3280dd6843ebfb08a625e3eb905c4f5ab),platform=Windows NT 10.0.17134 x86_64) (WARNING: The server did not provide any stacktrace information)\nCommand duration or timeout: 0 milliseconds\nFor documentation on this error, please visit: http://seleniumhq.org/exceptions/no_such_element.html\nBuild info: version: '3.12.0', revision: '7c6e0b3', time: '2018-05-08T14:04:26.12Z'\nSystem info: host: 'DESKTOP-RNHDCNI', ip: '46.255.33.32', os.name: 'Windows 10', os.arch: 'amd64', os.version: '10.0', java.version: '1.8.0_161'\nDriver info: org.openqa.selenium.chrome.ChromeDriver\nCapabilities {acceptInsecureCerts: false, acceptSslCerts: false, applicationCacheEnabled: false, browserConnectionEnabled: false, browserName: chrome, chrome: {chromedriverVersion: 2.40.565498 (ea082db3280dd6..., userDataDir: C:\\Users\\Irene\\AppData\\Loca...}, cssSelectorsEnabled: true, databaseEnabled: false, handlesAlerts: true, hasTouchScreen: false, javascriptEnabled: true, locationContextEnabled: true, mobileEmulationEnabled: false, nativeEvents: true, networkConnectionEnabled: false, pageLoadStrategy: normal, platform: XP, platformName: XP, rotatable: false, setWindowRect: true, takesHeapSnapshot: true, takesScreenshot: true, unexpectedAlertBehaviour: , unhandledPromptBehavior: , version: 67.0.3396.99, webStorageEnabled: true}\nSession ID: cffa97cf2069bb42f6b1028991acaa1d\n*** Element info: {Using=id, value=LicenseFeeDiscount}\r\n\tat sun.reflect.NativeConstructorAccessorImpl.newInstance0(Native Method)\r\n\tat sun.reflect.NativeConstructorAccessorImpl.newInstance(NativeConstructorAccessorImpl.java:62)\r\n\tat sun.reflect.DelegatingConstructorAccessorImpl.newInstance(DelegatingConstructorAccessorImpl.java:45)\r\n\tat java.lang.reflect.Constructor.newInstance(Constructor.java:423)\r\n\tat org.openqa.selenium.remote.ErrorHandler.createThrowable(ErrorHandler.java:214)\r\n\tat org.openqa.selenium.remote.ErrorHandler.throwIfResponseFailed(ErrorHandler.java:166)\r\n\tat org.openqa.selenium.remote.http.JsonHttpResponseCodec.reconstructValue(JsonHttpResponseCodec.java:40)\r\n\tat org.openqa.selenium.remote.http.AbstractHttpResponseCodec.decode(AbstractHttpResponseCodec.java:80)\r\n\tat org.openqa.selenium.remote.http.AbstractHttpResponseCodec.decode(AbstractHttpResponseCodec.java:44)\r\n\tat org.openqa.selenium.remote.HttpCommandExecutor.execute(HttpCommandExecutor.java:158)\r\n\tat org.openqa.selenium.remote.service.DriverCommandExecutor.execute(DriverCommandExecutor.java:83)\r\n\tat org.openqa.selenium.remote.RemoteWebDriver.execute(RemoteWebDriver.java:543)\r\n\tat org.openqa.selenium.remote.RemoteWebDriver.findElement(RemoteWebDriver.java:317)\r\n\tat org.openqa.selenium.remote.RemoteWebDriver.findElementById(RemoteWebDriver.java:363)\r\n\tat org.openqa.selenium.By$ById.findElement(By.java:188)\r\n\tat org.openqa.selenium.remote.RemoteWebDriver.findElement(RemoteWebDriver.java:309)\r\n\tat org.openqa.selenium.support.pagefactory.DefaultElementLocator.findElement(DefaultElementLocator.java:69)\r\n\tat org.openqa.selenium.support.pagefactory.internal.LocatingElementHandler.invoke(LocatingElementHandler.java:38)\r\n\tat com.sun.proxy.$Proxy12.isDisplayed(Unknown Source)\r\n\tat org.openqa.selenium.support.ui.ExpectedConditions.elementIfVisible(ExpectedConditions.java:315)\r\n\tat org.openqa.selenium.support.ui.ExpectedConditions.access$100(ExpectedConditions.java:44)\r\n\tat org.openqa.selenium.support.ui.ExpectedConditions$10.apply(ExpectedConditions.java:301)\r\n\tat org.openqa.selenium.support.ui.ExpectedConditions$10.apply(ExpectedConditions.java:298)\r\n\tat org.openqa.selenium.support.ui.ExpectedConditions$23.apply(ExpectedConditions.java:686)\r\n\tat org.openqa.selenium.support.ui.ExpectedConditions$23.apply(ExpectedConditions.java:682)\r\n\tat org.openqa.selenium.support.ui.FluentWait.until(FluentWait.java:248)\r\n\t... 35 more\r\n"},"stage":"finished","start":1532359281716,"stop":1532359458276,"steps":[{"name":"clickSalesQuotes","status":"passed","stage":"finished","start":1532359282695,"stop":1532359286114,"steps":[{"name":"clickMenu","status":"passed","stage":"finished","start":1532359285942,"stop":1532359286114,"parameters":[{"name":"menu","value":"[[ChromeDriver: chrome on XP (cffa97cf2069bb42f6b1028991acaa1d)] -> xpath: //span[text()='Sales Quotes']]"}]}]},{"name":"clickAgreementsInProgress","status":"passed","stage":"finished","start":1532359286115,"stop":1532359303360,"steps":[{"name":"clickSubMenu","status":"passed","stage":"finished","start":1532359286143,"stop":1532359286644,"parameters":[{"name":"submenu","value":"[[ChromeDriver: chrome on XP (cffa97cf2069bb42f6b1028991acaa1d)] -> xpath: //span[text()='Agreements in Progress']]"}]},{"name":"waitForLoading","status":"passed","stage":"finished","start":1532359286645,"stop":1532359303199,"steps":[{"name":"waitABit","status":"passed","stage":"finished","start":1532359301699,"stop":1532359303199,"parameters":[{"name":"milliseconds","value":"1500"}]}]}]},{"name":"searchUser","status":"passed","stage":"finished","start":1532359303360,"stop":1532359304652,"steps":[{"name":"clickWithJS","status":"passed","stage":"finished","start":1532359303665,"stop":1532359303704,"parameters":[{"name":"element","value":"[[ChromeDriver: chrome on XP (cffa97cf2069bb42f6b1028991acaa1d)] -> id: btnSearch]"}]},{"name":"waitForProcessing","status":"passed","stage":"finished","start":1532359303704,"stop":1532359304652}],"parameters":[{"name":"searchValue","value":"CompanyAutomation"}]},{"name":"deleteUsers","status":"passed","stage":"finished","start":1532359304652,"stop":1532359337346,"steps":[{"name":"deleteParameters","status":"passed","stage":"finished","start":1532359334775,"stop":1532359337346,"steps":[{"name":"waitABit","status":"passed","stage":"finished","start":1532359335806,"stop":1532359337307,"parameters":[{"name":"milliseconds","value":"1500"}]}],"parameters":[{"name":"deleteParameter","value":"CompanyAutomation"}]}],"parameters":[{"name":"deleteParameter","value":"CompanyAutomation"}]},{"name":"clickAddClientButton","status":"passed","stage":"finished","start":1532359337347,"stop":1532359337478},{"name":"fillNewClientProfile","status":"passed","stage":"finished","start":1532359337479,"stop":1532359340076,"steps":[{"name":"setNewClientName","status":"passed","stage":"finished","start":1532359337540,"stop":1532359338300,"parameters":[{"name":"name","value":"CompanyAutomation"}]},{"name":"setNewClientNickName","status":"passed","stage":"finished","start":1532359338300,"stop":1532359338469,"parameters":[{"name":"name","value":"Nock for company"}]},{"name":"setNewClientAddress","status":"passed","stage":"finished","start":1532359338469,"stop":1532359338595,"parameters":[{"name":"address","value":"Address 1"}]},{"name":"setNewClientAddress2","status":"passed","stage":"finished","start":1532359338595,"stop":1532359338726,"parameters":[{"name":"address2","value":"Address 2"}]},{"name":"setNewClientZip","status":"passed","stage":"finished","start":1532359338727,"stop":1532359338840,"parameters":[{"name":"zip","value":"123AB"}]},{"name":"setNewClientCountry","status":"passed","stage":"finished","start":1532359338840,"stop":1532359339057,"parameters":[{"name":"country","value":"United States"}]},{"name":"setNewClientCity","status":"passed","stage":"finished","start":1532359339058,"stop":1532359339149,"parameters":[{"name":"city","value":"LA"}]},{"name":"setNewClientBusinessPhone","status":"passed","stage":"finished","start":1532359339149,"stop":1532359339323,"parameters":[{"name":"businessPhone","value":"+380963665214"}]},{"name":"setNewClientCellPhone","status":"passed","stage":"finished","start":1532359339323,"stop":1532359339477,"parameters":[{"name":"cellPhone","value":"+380963665214"}]},{"name":"setNewClientFirstName","status":"passed","stage":"finished","start":1532359339477,"stop":1532359339574,"parameters":[{"name":"firstName","value":"Test"}]},{"name":"setNewClientLastName","status":"passed","stage":"finished","start":1532359339575,"stop":1532359339673,"parameters":[{"name":"lastName","value":"User"}]},{"name":"setNewClientTitle","status":"passed","stage":"finished","start":1532359339674,"stop":1532359339804,"parameters":[{"name":"title","value":"Job title"}]},{"name":"setNewClientEmail","status":"passed","stage":"finished","start":1532359339804,"stop":1532359340076,"parameters":[{"name":"email","value":"test.cyberiansoft@gmail.com"}]}],"parameters":[{"name":"name","value":"CompanyAutomation"},{"name":"nickname","value":"Nock for company"},{"name":"address","value":"Address 1"},{"name":"address2","value":"Address 2"},{"name":"zip","value":"123AB"},{"name":"country","value":"United States"},{"name":"state","value":"California"},{"name":"city","value":"LA"},{"name":"businessPhone","value":"+380963665214"},{"name":"cellPhone","value":"+380963665214"},{"name":"firstName","value":"Test"},{"name":"lastName","value":"User"},{"name":"title","value":"Job title"},{"name":"email","value":"test.cyberiansoft@gmail.com"}]},{"name":"clickConfirmNewClientButton","status":"passed","stage":"finished","start":1532359340076,"stop":1532359341846},{"name":"isUserCreated","status":"passed","stage":"finished","start":1532359341846,"stop":1532359342485,"steps":[{"name":"searchUser","status":"passed","stage":"finished","start":1532359341846,"stop":1532359342472,"steps":[{"name":"clickWithJS","status":"passed","stage":"finished","start":1532359342091,"stop":1532359342119,"parameters":[{"name":"element","value":"[[ChromeDriver: chrome on XP (cffa97cf2069bb42f6b1028991acaa1d)] -> id: btnSearch]"}]},{"name":"waitForProcessing","status":"passed","stage":"finished","start":1532359342119,"stop":1532359342472}],"parameters":[{"name":"searchValue","value":"CompanyAutomation"}]}],"parameters":[{"name":"verifyParameter","value":"CompanyAutomation"}]},{"name":"clickAddAgreementBTN","status":"passed","stage":"finished","start":1532359342492,"stop":1532359342709,"parameters":[{"name":"agreementIdentifier","value":"CompanyAutomation"}]},{"name":"setAgreement","status":"passed","stage":"finished","start":1532359342710,"stop":1532359344879,"steps":[{"name":"setAgreementName","status":"passed","stage":"finished","start":1532359342710,"stop":1532359343320,"parameters":[{"name":"name","value":"First agreement"}]},{"name":"selectEdition","status":"passed","stage":"finished","start":1532359343320,"stop":1532359343483,"parameters":[{"name":"edition","value":"Repair360 FREE"}]},{"name":"saveAgreement","status":"passed","stage":"finished","start":1532359343483,"stop":1532359343651}],"parameters":[{"name":"agreement","value":"First agreement"},{"name":"team","value":"Repair360 FREE"}]},{"name":"clickAgreementsInProgress","status":"passed","stage":"finished","start":1532359344879,"stop":1532359361671,"steps":[{"name":"clickSubMenu","status":"passed","stage":"finished","start":1532359344899,"stop":1532359345041,"parameters":[{"name":"submenu","value":"[[ChromeDriver: chrome on XP (cffa97cf2069bb42f6b1028991acaa1d)] -> xpath: //span[text()='Agreements in Progress']]"}]},{"name":"waitForLoading","status":"passed","stage":"finished","start":1532359345042,"stop":1532359361603,"steps":[{"name":"waitABit","status":"passed","stage":"finished","start":1532359360103,"stop":1532359361603,"parameters":[{"name":"milliseconds","value":"1500"}]}]}]},{"name":"searchUser","status":"passed","stage":"finished","start":1532359361671,"stop":1532359362916,"steps":[{"name":"clickWithJS","status":"passed","stage":"finished","start":1532359361962,"stop":1532359361993,"parameters":[{"name":"element","value":"[[ChromeDriver: chrome on XP (cffa97cf2069bb42f6b1028991acaa1d)] -> id: btnSearch]"}]},{"name":"waitForProcessing","status":"passed","stage":"finished","start":1532359361993,"stop":1532359362916}],"parameters":[{"name":"searchValue","value":"CompanyAutomation"}]},{"name":"expandAgreementList","status":"passed","stage":"finished","start":1532359362917,"stop":1532359363087,"parameters":[{"name":"identifier","value":"CompanyAutomation"}]},{"name":"clickEditAgreement","status":"passed","stage":"finished","start":1532359363088,"stop":1532359363310,"parameters":[{"name":"s","value":"First agreement"}]},{"name":"verifyAgreementEditionCannotBeChanged","status":"passed","stage":"finished","start":1532359363310,"stop":1532359378343,"steps":[{"name":"selectEdition","status":"broken","statusDetails":{"known":false,"muted":false,"flaky":false,"message":"no such element: Unable to locate element: {\"method\":\"xpath\",\"selector\":\"//div[contains(@class, 'active')]//select[@id='EditionID']\"}\n  (Session info: chrome=67.0.3396.99)\n  (Driver info: chromedriver=2.40.565498 (ea082db3280dd6843ebfb08a625e3eb905c4f5ab),platform=Windows NT 10.0.17134 x86_64) (WARNING: The server did not provide any stacktrace information)\nCommand duration or timeout: 0 milliseconds\nFor documentation on this error, please visit: http://seleniumhq.org/exceptions/no_such_element.html\nBuild info: version: '3.12.0', revision: '7c6e0b3', time: '2018-05-08T14:04:26.12Z'\nSystem info: host: 'DESKTOP-RNHDCNI', ip: '46.255.33.32', os.name: 'Windows 10', os.arch: 'amd64', os.version: '10.0', java.version: '1.8.0_161'\nDriver info: org.openqa.selenium.chrome.ChromeDriver\nCapabilities {acceptInsecureCerts: false, acceptSslCerts: false, applicationCacheEnabled: false, browserConnectionEnabled: false, browserName: chrome, chrome: {chromedriverVersion: 2.40.565498 (ea082db3280dd6..., userDataDir: C:\\Users\\Irene\\AppData\\Loca...}, cssSelectorsEnabled: true, databaseEnabled: false, handlesAlerts: true, hasTouchScreen: false, javascriptEnabled: true, locationContextEnabled: true, mobileEmulationEnabled: false, nativeEvents: true, networkConnectionEnabled: false, pageLoadStrategy: normal, platform: XP, platformName: XP, rotatable: false, setWindowRect: true, takesHeapSnapshot: true, takesScreenshot: true, unexpectedAlertBehaviour: , unhandledPromptBehavior: , version: 67.0.3396.99, webStorageEnabled: true}\nSession ID: cffa97cf2069bb42f6b1028991acaa1d\n*** Element info: {Using=xpath, value=//div[contains(@class, 'active')]//select[@id='EditionID']}","trace":"org.openqa.selenium.NoSuchElementException: no such element: Unable to locate element: {\"method\":\"xpath\",\"selector\":\"//div[contains(@class, 'active')]//select[@id='EditionID']\"}\n  (Session info: chrome=67.0.3396.99)\n  (Driver info: chromedriver=2.40.565498 (ea082db3280dd6843ebfb08a625e3eb905c4f5ab),platform=Windows NT 10.0.17134 x86_64) (WARNING: The server did not provide any stacktrace information)\nCommand duration or timeout: 0 milliseconds\nFor documentation on this error, please visit: http://seleniumhq.org/exceptions/no_such_element.html\nBuild info: version: '3.12.0', revision: '7c6e0b3', time: '2018-05-08T14:04:26.12Z'\nSystem info: host: 'DESKTOP-RNHDCNI', ip: '46.255.33.32', os.name: 'Windows 10', os.arch: 'amd64', os.version: '10.0', java.version: '1.8.0_161'\nDriver info: org.openqa.selenium.chrome.ChromeDriver\nCapabilities {acceptInsecureCerts: false, acceptSslCerts: false, applicationCacheEnabled: false, browserConnectionEnabled: false, browserName: chrome, chrome: {chromedriverVersion: 2.40.565498 (ea082db3280dd6..., userDataDir: C:\\Users\\Irene\\AppData\\Loca...}, cssSelectorsEnabled: true, databaseEnabled: false, handlesAlerts: true, hasTouchScreen: false, javascriptEnabled: true, locationContextEnabled: true, mobileEmulationEnabled: false, nativeEvents: true, networkConnectionEnabled: false, pageLoadStrategy: normal, platform: XP, platformName: XP, rotatable: false, setWindowRect: true, takesHeapSnapshot: true, takesScreenshot: true, unexpectedAlertBehaviour: , unhandledPromptBehavior: , version: 67.0.3396.99, webStorageEnabled: true}\nSession ID: cffa97cf2069bb42f6b1028991acaa1d\n*** Element info: {Using=xpath, value=//div[contains(@class, 'active')]//select[@id='EditionID']}\r\n\tat sun.reflect.NativeConstructorAccessorImpl.newInstance0(Native Method)\r\n\tat sun.reflect.NativeConstructorAccessorImpl.newInstance(NativeConstructorAccessorImpl.java:62)\r\n\tat sun.reflect.DelegatingConstructorAccessorImpl.newInstance(DelegatingConstructorAccessorImpl.java:45)\r\n\tat java.lang.reflect.Constructor.newInstance(Constructor.java:423)\r\n\tat org.openqa.selenium.remote.ErrorHandler.createThrowable(ErrorHandler.java:214)\r\n\tat org.openqa.selenium.remote.ErrorHandler.throwIfResponseFailed(ErrorHandler.java:166)\r\n\tat org.openqa.selenium.remote.http.JsonHttpResponseCodec.reconstructValue(JsonHttpResponseCodec.java:40)\r\n\tat org.openqa.selenium.remote.http.AbstractHttpResponseCodec.decode(AbstractHttpResponseCodec.java:80)\r\n\tat org.openqa.selenium.remote.http.AbstractHttpResponseCodec.decode(AbstractHttpResponseCodec.java:44)\r\n\tat org.openqa.selenium.remote.HttpCommandExecutor.execute(HttpCommandExecutor.java:158)\r\n\tat org.openqa.selenium.remote.service.DriverCommandExecutor.execute(DriverCommandExecutor.java:83)\r\n\tat org.openqa.selenium.remote.RemoteWebDriver.execute(RemoteWebDriver.java:543)\r\n\tat org.openqa.selenium.remote.RemoteWebDriver.findElement(RemoteWebDriver.java:317)\r\n\tat org.openqa.selenium.remote.RemoteWebDriver.findElementByXPath(RemoteWebDriver.java:419)\r\n\tat org.openqa.selenium.By$ByXPath.findElement(By.java:353)\r\n\tat org.openqa.selenium.remote.RemoteWebDriver.findElement(RemoteWebDriver.java:309)\r\n\tat org.openqa.selenium.support.pagefactory.DefaultElementLocator.findElement(DefaultElementLocator.java:69)\r\n\tat org.openqa.selenium.support.pagefactory.internal.LocatingElementHandler.invoke(LocatingElementHandler.java:38)\r\n\tat com.sun.proxy.$Proxy12.getTagName(Unknown Source)\r\n\tat org.openqa.selenium.support.ui.Select.<init>(Select.java:44)\r\n\tat com.cyberiansoft.test.inhouse.pageObject.SignedAgreements.selectEdition_aroundBody52(SignedAgreements.java:304)\r\n\tat com.cyberiansoft.test.inhouse.pageObject.SignedAgreements$AjcClosure53.run(SignedAgreements.java:1)\r\n\tat org.aspectj.runtime.reflect.JoinPointImpl.proceed(JoinPointImpl.java:149)\r\n\tat io.qameta.allure.aspects.StepsAspects.step(StepsAspects.java:51)\r\n\tat com.cyberiansoft.test.inhouse.pageObject.SignedAgreements.selectEdition(SignedAgreements.java:304)\r\n\tat com.cyberiansoft.test.inhouse.pageObject.SignedAgreements.verifyAgreementEditionCannotBeChanged_aroundBody62(SignedAgreements.java:348)\r\n\tat com.cyberiansoft.test.inhouse.pageObject.SignedAgreements$AjcClosure63.run(SignedAgreements.java:1)\r\n\tat org.aspectj.runtime.reflect.JoinPointImpl.proceed(JoinPointImpl.java:149)\r\n\tat io.qameta.allure.aspects.StepsAspects.step(StepsAspects.java:51)\r\n\tat com.cyberiansoft.test.inhouse.pageObject.SignedAgreements.verifyAgreementEditionCannotBeChanged(SignedAgreements.java:348)\r\n\tat com.cyberiansoft.test.inhouse.testcases.TeamPortalUserTestCases.testUserCanPayAgreementFromMailLink(TeamPortalUserTestCases.java:237)\r\n\tat sun.reflect.NativeMethodAccessorImpl.invoke0(Native Method)\r\n\tat sun.reflect.NativeMethodAccessorImpl.invoke(NativeMethodAccessorImpl.java:62)\r\n\tat sun.reflect.DelegatingMethodAccessorImpl.invoke(DelegatingMethodAccessorImpl.java:43)\r\n\tat java.lang.reflect.Method.invoke(Method.java:498)\r\n\tat org.testng.internal.MethodInvocationHelper.invokeMethod(MethodInvocationHelper.java:124)\r\n\tat org.testng.internal.Invoker.invokeMethod(Invoker.java:583)\r\n\tat org.testng.internal.Invoker.invokeTestMethod(Invoker.java:719)\r\n\tat org.testng.internal.Invoker.invokeTestMethods(Invoker.java:989)\r\n\tat org.testng.internal.TestMethodWorker.invokeTestMethods(TestMethodWorker.java:125)\r\n\tat org.testng.internal.TestMethodWorker.run(TestMethodWorker.java:109)\r\n\tat org.testng.TestRunner.privateRun(TestRunner.java:648)\r\n\tat org.testng.TestRunner.run(TestRunner.java:505)\r\n\tat org.testng.SuiteRunner.runTest(SuiteRunner.java:455)\r\n\tat org.testng.SuiteRunner.runSequentially(SuiteRunner.java:450)\r\n\tat org.testng.SuiteRunner.privateRun(SuiteRunner.java:415)\r\n\tat org.testng.SuiteRunner.run(SuiteRunner.java:364)\r\n\tat org.testng.SuiteRunnerWorker.runSuite(SuiteRunnerWorker.java:52)\r\n\tat org.testng.SuiteRunnerWorker.run(SuiteRunnerWorker.java:84)\r\n\tat org.testng.TestNG.runSuitesSequentially(TestNG.java:1208)\r\n\tat org.testng.TestNG.runSuitesLocally(TestNG.java:1137)\r\n\tat org.testng.TestNG.runSuites(TestNG.java:1049)\r\n\tat org.testng.TestNG.run(TestNG.java:1017)\r\n\tat org.testng.IDEARemoteTestNG.run(IDEARemoteTestNG.java:72)\r\n\tat org.testng.RemoteTestNGStarter.main(RemoteTestNGStarter.java:123)\r\n"},"stage":"finished","start":1532359363310,"stop":1532359378343,"parameters":[{"name":"edition","value":"Repair360 FREE"}]}],"parameters":[{"name":"newName","value":"Repair360 FREE"}]},{"name":"isAgreementNameChangeable","status":"passed","stage":"finished","start":1532359378343,"stop":1532359378592,"parameters":[{"name":"s","value":"Second Agreement"}]},{"name":"updateAgreement","status":"passed","stage":"finished","start":1532359378592,"stop":1532359378716},{"name":"checkAgreementByName","status":"passed","stage":"finished","start":1532359378716,"stop":1532359380171,"steps":[{"name":"waitABit","status":"passed","stage":"finished","start":1532359378716,"stop":1532359379717,"parameters":[{"name":"milliseconds","value":"1000"}]}],"parameters":[{"name":"s","value":"Second Agreement"}]},{"name":"clickSetupAgreementButton","status":"passed","stage":"finished","start":1532359380172,"stop":1532359381986,"steps":[{"name":"waitForProcessing","status":"passed","stage":"finished","start":1532359380172,"stop":1532359380199}],"parameters":[{"name":"agreementIdentifier","value":"Second Agreement"}]},{"name":"checkAgreementStatus","status":"passed","stage":"finished","start":1532359381986,"stop":1532359382257,"parameters":[{"name":"agreement","value":"New"},{"name":"payment","value":"No"},{"name":"letterView","value":"No"},{"name":"agreementView","value":"No"}]},{"name":"selectLicenseDiscount","status":"broken","statusDetails":{"known":false,"muted":false,"flaky":false,"message":"Expected condition failed: waiting for element to be clickable: Proxy element for: DefaultElementLocator 'By.id: LicenseFeeDiscount' (tried for 60 second(s) with 250 milliseconds interval)","trace":"org.openqa.selenium.TimeoutException: Expected condition failed: waiting for element to be clickable: Proxy element for: DefaultElementLocator 'By.id: LicenseFeeDiscount' (tried for 60 second(s) with 250 milliseconds interval)\r\n\tat org.openqa.selenium.support.ui.WebDriverWait.timeoutException(WebDriverWait.java:81)\r\n\tat org.openqa.selenium.support.ui.FluentWait.until(FluentWait.java:271)\r\n\tat com.cyberiansoft.test.inhouse.pageObject.ClientQuotesDetailPage.insertLicenseFeeDiscount_aroundBody16(ClientQuotesDetailPage.java:276)\r\n\tat com.cyberiansoft.test.inhouse.pageObject.ClientQuotesDetailPage$AjcClosure17.run(ClientQuotesDetailPage.java:1)\r\n\tat org.aspectj.runtime.reflect.JoinPointImpl.proceed(JoinPointImpl.java:149)\r\n\tat io.qameta.allure.aspects.StepsAspects.step(StepsAspects.java:51)\r\n\tat com.cyberiansoft.test.inhouse.pageObject.ClientQuotesDetailPage.insertLicenseFeeDiscount(ClientQuotesDetailPage.java:275)\r\n\tat com.cyberiansoft.test.inhouse.pageObject.ClientQuotesDetailPage.selectLicenseDiscount_aroundBody24(ClientQuotesDetailPage.java:303)\r\n\tat com.cyberiansoft.test.inhouse.pageObject.ClientQuotesDetailPage$AjcClosure25.run(ClientQuotesDetailPage.java:1)\r\n\tat org.aspectj.runtime.reflect.JoinPointImpl.proceed(JoinPointImpl.java:149)\r\n\tat io.qameta.allure.aspects.StepsAspects.step(StepsAspects.java:51)\r\n\tat com.cyberiansoft.test.inhouse.pageObject.ClientQuotesDetailPage.selectLicenseDiscount(ClientQuotesDetailPage.java:303)\r\n\tat com.cyberiansoft.test.inhouse.testcases.TeamPortalUserTestCases.testUserCanPayAgreementFromMailLink(TeamPortalUserTestCases.java:246)\r\n\tat sun.reflect.NativeMethodAccessorImpl.invoke0(Native Method)\r\n\tat sun.reflect.NativeMethodAccessorImpl.invoke(NativeMethodAccessorImpl.java:62)\r\n\tat sun.reflect.DelegatingMethodAccessorImpl.invoke(DelegatingMethodAccessorImpl.java:43)\r\n\tat java.lang.reflect.Method.invoke(Method.java:498)\r\n\tat org.testng.internal.MethodInvocationHelper.invokeMethod(MethodInvocationHelper.java:124)\r\n\tat org.testng.internal.Invoker.invokeMethod(Invoker.java:583)\r\n\tat org.testng.internal.Invoker.invokeTestMethod(Invoker.java:719)\r\n\tat org.testng.internal.Invoker.invokeTestMethods(Invoker.java:989)\r\n\tat org.testng.internal.TestMethodWorker.invokeTestMethods(TestMethodWorker.java:125)\r\n\tat org.testng.internal.TestMethodWorker.run(TestMethodWorker.java:109)\r\n\tat org.testng.TestRunner.privateRun(TestRunner.java:648)\r\n\tat org.testng.TestRunner.run(TestRunner.java:505)\r\n\tat org.testng.SuiteRunner.runTest(SuiteRunner.java:455)\r\n\tat org.testng.SuiteRunner.runSequentially(SuiteRunner.java:450)\r\n\tat org.testng.SuiteRunner.privateRun(SuiteRunner.java:415)\r\n\tat org.testng.SuiteRunner.run(SuiteRunner.java:364)\r\n\tat org.testng.SuiteRunnerWorker.runSuite(SuiteRunnerWorker.java:52)\r\n\tat org.testng.SuiteRunnerWorker.run(SuiteRunnerWorker.java:84)\r\n\tat org.testng.TestNG.runSuitesSequentially(TestNG.java:1208)\r\n\tat org.testng.TestNG.runSuitesLocally(TestNG.java:1137)\r\n\tat org.testng.TestNG.runSuites(TestNG.java:1049)\r\n\tat org.testng.TestNG.run(TestNG.java:1017)\r\n\tat org.testng.IDEARemoteTestNG.run(IDEARemoteTestNG.java:72)\r\n\tat org.testng.RemoteTestNGStarter.main(RemoteTestNGStarter.java:123)\r\nCaused by: org.openqa.selenium.NoSuchElementException: no such element: Unable to locate element: {\"method\":\"id\",\"selector\":\"LicenseFeeDiscount\"}\n  (Session info: chrome=67.0.3396.99)\n  (Driver info: chromedriver=2.40.565498 (ea082db3280dd6843ebfb08a625e3eb905c4f5ab),platform=Windows NT 10.0.17134 x86_64) (WARNING: The server did not provide any stacktrace information)\nCommand duration or timeout: 0 milliseconds\nFor documentation on this error, please visit: http://seleniumhq.org/exceptions/no_such_element.html\nBuild info: version: '3.12.0', revision: '7c6e0b3', time: '2018-05-08T14:04:26.12Z'\nSystem info: host: 'DESKTOP-RNHDCNI', ip: '46.255.33.32', os.name: 'Windows 10', os.arch: 'amd64', os.version: '10.0', java.version: '1.8.0_161'\nDriver info: org.openqa.selenium.chrome.ChromeDriver\nCapabilities {acceptInsecureCerts: false, acceptSslCerts: false, applicationCacheEnabled: false, browserConnectionEnabled: false, browserName: chrome, chrome: {chromedriverVersion: 2.40.565498 (ea082db3280dd6..., userDataDir: C:\\Users\\Irene\\AppData\\Loca...}, cssSelectorsEnabled: true, databaseEnabled: false, handlesAlerts: true, hasTouchScreen: false, javascriptEnabled: true, locationContextEnabled: true, mobileEmulationEnabled: false, nativeEvents: true, networkConnectionEnabled: false, pageLoadStrategy: normal, platform: XP, platformName: XP, rotatable: false, setWindowRect: true, takesHeapSnapshot: true, takesScreenshot: true, unexpectedAlertBehaviour: , unhandledPromptBehavior: , version: 67.0.3396.99, webStorageEnabled: true}\nSession ID: cffa97cf2069bb42f6b1028991acaa1d\n*** Element info: {Using=id, value=LicenseFeeDiscount}\r\n\tat sun.reflect.NativeConstructorAccessorImpl.newInstance0(Native Method)\r\n\tat sun.reflect.NativeConstructorAccessorImpl.newInstance(NativeConstructorAccessorImpl.java:62)\r\n\tat sun.reflect.DelegatingConstructorAccessorImpl.newInstance(DelegatingConstructorAccessorImpl.java:45)\r\n\tat java.lang.reflect.Constructor.newInstance(Constructor.java:423)\r\n\tat org.openqa.selenium.remote.ErrorHandler.createThrowable(ErrorHandler.java:214)\r\n\tat org.openqa.selenium.remote.ErrorHandler.throwIfResponseFailed(ErrorHandler.java:166)\r\n\tat org.openqa.selenium.remote.http.JsonHttpResponseCodec.reconstructValue(JsonHttpResponseCodec.java:40)\r\n\tat org.openqa.selenium.remote.http.AbstractHttpResponseCodec.decode(AbstractHttpResponseCodec.java:80)\r\n\tat org.openqa.selenium.remote.http.AbstractHttpResponseCodec.decode(AbstractHttpResponseCodec.java:44)\r\n\tat org.openqa.selenium.remote.HttpCommandExecutor.execute(HttpCommandExecutor.java:158)\r\n\tat org.openqa.selenium.remote.service.DriverCommandExecutor.execute(DriverCommandExecutor.java:83)\r\n\tat org.openqa.selenium.remote.RemoteWebDriver.execute(RemoteWebDriver.java:543)\r\n\tat org.openqa.selenium.remote.RemoteWebDriver.findElement(RemoteWebDriver.java:317)\r\n\tat org.openqa.selenium.remote.RemoteWebDriver.findElementById(RemoteWebDriver.java:363)\r\n\tat org.openqa.selenium.By$ById.findElement(By.java:188)\r\n\tat org.openqa.selenium.remote.RemoteWebDriver.findElement(RemoteWebDriver.java:309)\r\n\tat org.openqa.selenium.support.pagefactory.DefaultElementLocator.findElement(DefaultElementLocator.java:69)\r\n\tat org.openqa.selenium.support.pagefactory.internal.LocatingElementHandler.invoke(LocatingElementHandler.java:38)\r\n\tat com.sun.proxy.$Proxy12.isDisplayed(Unknown Source)\r\n\tat org.openqa.selenium.support.ui.ExpectedConditions.elementIfVisible(ExpectedConditions.java:315)\r\n\tat org.openqa.selenium.support.ui.ExpectedConditions.access$100(ExpectedConditions.java:44)\r\n\tat org.openqa.selenium.support.ui.ExpectedConditions$10.apply(ExpectedConditions.java:301)\r\n\tat org.openqa.selenium.support.ui.ExpectedConditions$10.apply(ExpectedConditions.java:298)\r\n\tat org.openqa.selenium.support.ui.ExpectedConditions$23.apply(ExpectedConditions.java:686)\r\n\tat org.openqa.selenium.support.ui.ExpectedConditions$23.apply(ExpectedConditions.java:682)\r\n\tat org.openqa.selenium.support.ui.FluentWait.until(FluentWait.java:248)\r\n\t... 35 more\r\n"},"stage":"finished","start":1532359382258,"stop":1532359458237,"steps":[{"name":"insertLicenseFeeDiscount","status":"broken","statusDetails":{"known":false,"muted":false,"flaky":false,"message":"Expected condition failed: waiting for element to be clickable: Proxy element for: DefaultElementLocator 'By.id: LicenseFeeDiscount' (tried for 60 second(s) with 250 milliseconds interval)","trace":"org.openqa.selenium.TimeoutException: Expected condition failed: waiting for element to be clickable: Proxy element for: DefaultElementLocator 'By.id: LicenseFeeDiscount' (tried for 60 second(s) with 250 milliseconds interval)\r\n\tat org.openqa.selenium.support.ui.WebDriverWait.timeoutException(WebDriverWait.java:81)\r\n\tat org.openqa.selenium.support.ui.FluentWait.until(FluentWait.java:271)\r\n\tat com.cyberiansoft.test.inhouse.pageObject.ClientQuotesDetailPage.insertLicenseFeeDiscount_aroundBody16(ClientQuotesDetailPage.java:276)\r\n\tat com.cyberiansoft.test.inhouse.pageObject.ClientQuotesDetailPage$AjcClosure17.run(ClientQuotesDetailPage.java:1)\r\n\tat org.aspectj.runtime.reflect.JoinPointImpl.proceed(JoinPointImpl.java:149)\r\n\tat io.qameta.allure.aspects.StepsAspects.step(StepsAspects.java:51)\r\n\tat com.cyberiansoft.test.inhouse.pageObject.ClientQuotesDetailPage.insertLicenseFeeDiscount(ClientQuotesDetailPage.java:275)\r\n\tat com.cyberiansoft.test.inhouse.pageObject.ClientQuotesDetailPage.selectLicenseDiscount_aroundBody24(ClientQuotesDetailPage.java:303)\r\n\tat com.cyberiansoft.test.inhouse.pageObject.ClientQuotesDetailPage$AjcClosure25.run(ClientQuotesDetailPage.java:1)\r\n\tat org.aspectj.runtime.reflect.JoinPointImpl.proceed(JoinPointImpl.java:149)\r\n\tat io.qameta.allure.aspects.StepsAspects.step(StepsAspects.java:51)\r\n\tat com.cyberiansoft.test.inhouse.pageObject.ClientQuotesDetailPage.selectLicenseDiscount(ClientQuotesDetailPage.java:303)\r\n\tat com.cyberiansoft.test.inhouse.testcases.TeamPortalUserTestCases.testUserCanPayAgreementFromMailLink(TeamPortalUserTestCases.java:246)\r\n\tat sun.reflect.NativeMethodAccessorImpl.invoke0(Native Method)\r\n\tat sun.reflect.NativeMethodAccessorImpl.invoke(NativeMethodAccessorImpl.java:62)\r\n\tat sun.reflect.DelegatingMethodAccessorImpl.invoke(DelegatingMethodAccessorImpl.java:43)\r\n\tat java.lang.reflect.Method.invoke(Method.java:498)\r\n\tat org.testng.internal.MethodInvocationHelper.invokeMethod(MethodInvocationHelper.java:124)\r\n\tat org.testng.internal.Invoker.invokeMethod(Invoker.java:583)\r\n\tat org.testng.internal.Invoker.invokeTestMethod(Invoker.java:719)\r\n\tat org.testng.internal.Invoker.invokeTestMethods(Invoker.java:989)\r\n\tat org.testng.internal.TestMethodWorker.invokeTestMethods(TestMethodWorker.java:125)\r\n\tat org.testng.internal.TestMethodWorker.run(TestMethodWorker.java:109)\r\n\tat org.testng.TestRunner.privateRun(TestRunner.java:648)\r\n\tat org.testng.TestRunner.run(TestRunner.java:505)\r\n\tat org.testng.SuiteRunner.runTest(SuiteRunner.java:455)\r\n\tat org.testng.SuiteRunner.runSequentially(SuiteRunner.java:450)\r\n\tat org.testng.SuiteRunner.privateRun(SuiteRunner.java:415)\r\n\tat org.testng.SuiteRunner.run(SuiteRunner.java:364)\r\n\tat org.testng.SuiteRunnerWorker.runSuite(SuiteRunnerWorker.java:52)\r\n\tat org.testng.SuiteRunnerWorker.run(SuiteRunnerWorker.java:84)\r\n\tat org.testng.TestNG.runSuitesSequentially(TestNG.java:1208)\r\n\tat org.testng.TestNG.runSuitesLocally(TestNG.java:1137)\r\n\tat org.testng.TestNG.runSuites(TestNG.java:1049)\r\n\tat org.testng.TestNG.run(TestNG.java:1017)\r\n\tat org.testng.IDEARemoteTestNG.run(IDEARemoteTestNG.java:72)\r\n\tat org.testng.RemoteTestNGStarter.main(RemoteTestNGStarter.java:123)\r\nCaused by: org.openqa.selenium.NoSuchElementException: no such element: Unable to locate element: {\"method\":\"id\",\"selector\":\"LicenseFeeDiscount\"}\n  (Session info: chrome=67.0.3396.99)\n  (Driver info: chromedriver=2.40.565498 (ea082db3280dd6843ebfb08a625e3eb905c4f5ab),platform=Windows NT 10.0.17134 x86_64) (WARNING: The server did not provide any stacktrace information)\nCommand duration or timeout: 0 milliseconds\nFor documentation on this error, please visit: http://seleniumhq.org/exceptions/no_such_element.html\nBuild info: version: '3.12.0', revision: '7c6e0b3', time: '2018-05-08T14:04:26.12Z'\nSystem info: host: 'DESKTOP-RNHDCNI', ip: '46.255.33.32', os.name: 'Windows 10', os.arch: 'amd64', os.version: '10.0', java.version: '1.8.0_161'\nDriver info: org.openqa.selenium.chrome.ChromeDriver\nCapabilities {acceptInsecureCerts: false, acceptSslCerts: false, applicationCacheEnabled: false, browserConnectionEnabled: false, browserName: chrome, chrome: {chromedriverVersion: 2.40.565498 (ea082db3280dd6..., userDataDir: C:\\Users\\Irene\\AppData\\Loca...}, cssSelectorsEnabled: true, databaseEnabled: false, handlesAlerts: true, hasTouchScreen: false, javascriptEnabled: true, locationContextEnabled: true, mobileEmulationEnabled: false, nativeEvents: true, networkConnectionEnabled: false, pageLoadStrategy: normal, platform: XP, platformName: XP, rotatable: false, setWindowRect: true, takesHeapSnapshot: true, takesScreenshot: true, unexpectedAlertBehaviour: , unhandledPromptBehavior: , version: 67.0.3396.99, webStorageEnabled: true}\nSession ID: cffa97cf2069bb42f6b1028991acaa1d\n*** Element info: {Using=id, value=LicenseFeeDiscount}\r\n\tat sun.reflect.NativeConstructorAccessorImpl.newInstance0(Native Method)\r\n\tat sun.reflect.NativeConstructorAccessorImpl.newInstance(NativeConstructorAccessorImpl.java:62)\r\n\tat sun.reflect.DelegatingConstructorAccessorImpl.newInstance(DelegatingConstructorAccessorImpl.java:45)\r\n\tat java.lang.reflect.Constructor.newInstance(Constructor.java:423)\r\n\tat org.openqa.selenium.remote.ErrorHandler.createThrowable(ErrorHandler.java:214)\r\n\tat org.openqa.selenium.remote.ErrorHandler.throwIfResponseFailed(ErrorHandler.java:166)\r\n\tat org.openqa.selenium.remote.http.JsonHttpResponseCodec.reconstructValue(JsonHttpResponseCodec.java:40)\r\n\tat org.openqa.selenium.remote.http.AbstractHttpResponseCodec.decode(AbstractHttpResponseCodec.java:80)\r\n\tat org.openqa.selenium.remote.http.AbstractHttpResponseCodec.decode(AbstractHttpResponseCodec.java:44)\r\n\tat org.openqa.selenium.remote.HttpCommandExecutor.execute(HttpCommandExecutor.java:158)\r\n\tat org.openqa.selenium.remote.service.DriverCommandExecutor.execute(DriverCommandExecutor.java:83)\r\n\tat org.openqa.selenium.remote.RemoteWebDriver.execute(RemoteWebDriver.java:543)\r\n\tat org.openqa.selenium.remote.RemoteWebDriver.findElement(RemoteWebDriver.java:317)\r\n\tat org.openqa.selenium.remote.RemoteWebDriver.findElementById(RemoteWebDriver.java:363)\r\n\tat org.openqa.selenium.By$ById.findElement(By.java:188)\r\n\tat org.openqa.selenium.remote.RemoteWebDriver.findElement(RemoteWebDriver.java:309)\r\n\tat org.openqa.selenium.support.pagefactory.DefaultElementLocator.findElement(DefaultElementLocator.java:69)\r\n\tat org.openqa.selenium.support.pagefactory.internal.LocatingElementHandler.invoke(LocatingElementHandler.java:38)\r\n\tat com.sun.proxy.$Proxy12.isDisplayed(Unknown Source)\r\n\tat org.openqa.selenium.support.ui.ExpectedConditions.elementIfVisible(ExpectedConditions.java:315)\r\n\tat org.openqa.selenium.support.ui.ExpectedConditions.access$100(ExpectedConditions.java:44)\r\n\tat org.openqa.selenium.support.ui.ExpectedConditions$10.apply(ExpectedConditions.java:301)\r\n\tat org.openqa.selenium.support.ui.ExpectedConditions$10.apply(ExpectedConditions.java:298)\r\n\tat org.openqa.selenium.support.ui.ExpectedConditions$23.apply(ExpectedConditions.java:686)\r\n\tat org.openqa.selenium.support.ui.ExpectedConditions$23.apply(ExpectedConditions.java:682)\r\n\tat org.openqa.selenium.support.ui.FluentWait.until(FluentWait.java:248)\r\n\t... 35 more\r\n"},"stage":"finished","start":1532359382258,"stop":1532359458237,"parameters":[{"name":"discount","value":"discount"}]}],"parameters":[{"name":"discount","value":"discount"},{"name":"description","value":"description"}]}],"parameters":[{"name":"arg0","value":"testUserCanPayAgreementFromMailLink.01"},{"name":"arg1","value":"Test Case 66656:Verify user can pay agreement from mail link"},{"name":"arg2","value":"{\"country\":\"United States\",\"lastName\":\"User\",\"clientCompanyName\":\"automationCompany\",\"newAgreement\":\"New\",\"city\":\"LA\",\"description\":\"Test Case 66656:Verify user can pay agreement from mail link\",\"discount\":\"20 min comm.-$10 per m.\",\"title\":\"Job title\",\"rowID\":\"testUserCanPayAgreementFromMailLink.01\",\"cvc\":\"123\",\"signedAgreement\":\"Signed\",\"price\":\"$200.00\",\"nickname\":\"Nock for company\",\"yearExpiration\":\"2026\",\"state\":\"California\",\"bodySearchText\":\"Hello CompanyAutomation\",\"email\":\"test.cyberiansoft@gmail.com\",\"zip\":\"123AB\",\"clientLastName\":\"Maksimova\",\"address\":\"Address 1\",\"address2\":\"Address 2\",\"secondAgreement\":\"Second Agreement\",\"emailTitle\":\"Agreement\",\"team\":\"Repair360 FREE\",\"firstAgreement\":\"First agreement\",\"firstName\":\"Test\",\"noAgreement\":\"No\",\"partialLinkTextToAgreementPage\":\"goo.gl\",\"name\":\"CompanyAutomation\",\"clientFirstName\":\"Anastasia\",\"businessPhone\":\"+380963665214\",\"monthExpiration\":\"10\",\"cellPhone\":\"+380963665214\",\"cardNumber\":\"4242424242424242\"}"}]}