{"uuid":"2a5bf632-2625-448b-a58f-a94cc37f7712","historyId":"9e4814da9b4b93e641e59cf3bccbf1fe","fullName":"com.cyberiansoft.test.inhouse.testcases.TeamPortalRulesTestCases.testUserCanEditAccountsRules","labels":[{"name":"package","value":"com.cyberiansoft.test.inhouse.testcases.TeamPortalRulesTestCases"},{"name":"testClass","value":"com.cyberiansoft.test.inhouse.testcases.TeamPortalRulesTestCases"},{"name":"testMethod","value":"testUserCanEditAccountsRules"},{"name":"parentSuite","value":"Default Suite"},{"name":"suite","value":"TestAutomationProject"},{"name":"subSuite","value":"com.cyberiansoft.test.inhouse.testcases.TeamPortalRulesTestCases"},{"name":"host","value":"DESKTOP-RNHDCNI"},{"name":"thread","value":"5692@DESKTOP-RNHDCNI.main(1)"}],"links":[],"name":"testUserCanEditAccountsRules","status":"passed","statusDetails":{"known":false,"muted":false,"flaky":false},"stage":"finished","start":1530270238895,"stop":1530270347935,"steps":[{"name":"clickFinancialMapping","status":"passed","stage":"finished","start":1530270239309,"stop":1530270241195,"steps":[{"name":"clickMenu","status":"passed","stage":"finished","start":1530270241028,"stop":1530270241195,"parameters":[{"name":"menu","value":"[[ChromeDriver: chrome on XP (b7b119f700744d8809d30c962ccb1dcb)] -> xpath: //span[text()='Financial Mapping']]"}]}]},{"name":"clickAccountsRulesSubmenu","status":"passed","stage":"finished","start":1530270241195,"stop":1530270243722,"steps":[{"name":"clickSubMenu","status":"passed","stage":"finished","start":1530270241221,"stop":1530270241753,"parameters":[{"name":"submenu","value":"[[ChromeDriver: chrome on XP (b7b119f700744d8809d30c962ccb1dcb)] -> xpath: //span[text()='Accounts Rules']]"}]},{"name":"waitForLoading","status":"passed","stage":"finished","start":1530270241753,"stop":1530270243692}]},{"name":"verifyRuleDoesNotExist","status":"passed","stage":"finished","start":1530270243722,"stop":1530270288843,"steps":[{"name":"isRulesTableEmpty","status":"passed","stage":"finished","start":1530270243723,"stop":1530270273793},{"name":"deleteRuleIfExists","status":"broken","statusDetails":{"known":false,"muted":false,"flaky":false,"message":"no such element: Unable to locate element: {\"method\":\"xpath\",\"selector\":\"//td[text()='Test account rule']\"}\n  (Session info: chrome=67.0.3396.99)\n  (Driver info: chromedriver=2.40.565498 (ea082db3280dd6843ebfb08a625e3eb905c4f5ab),platform=Windows NT 10.0.17134 x86_64) (WARNING: The server did not provide any stacktrace information)\nCommand duration or timeout: 0 milliseconds\nFor documentation on this error, please visit: http://seleniumhq.org/exceptions/no_such_element.html\nBuild info: version: '3.12.0', revision: '7c6e0b3', time: '2018-05-08T14:04:26.12Z'\nSystem info: host: 'DESKTOP-RNHDCNI', ip: '46.255.34.36', os.name: 'Windows 10', os.arch: 'amd64', os.version: '10.0', java.version: '1.8.0_161'\nDriver info: org.openqa.selenium.chrome.ChromeDriver\nCapabilities {acceptInsecureCerts: false, acceptSslCerts: false, applicationCacheEnabled: false, browserConnectionEnabled: false, browserName: chrome, chrome: {chromedriverVersion: 2.40.565498 (ea082db3280dd6..., userDataDir: C:\\Users\\Irene\\AppData\\Loca...}, cssSelectorsEnabled: true, databaseEnabled: false, handlesAlerts: true, hasTouchScreen: false, javascriptEnabled: true, locationContextEnabled: true, mobileEmulationEnabled: false, nativeEvents: true, networkConnectionEnabled: false, pageLoadStrategy: normal, platform: XP, platformName: XP, rotatable: false, setWindowRect: true, takesHeapSnapshot: true, takesScreenshot: true, unexpectedAlertBehaviour: , unhandledPromptBehavior: , version: 67.0.3396.99, webStorageEnabled: true}\nSession ID: b7b119f700744d8809d30c962ccb1dcb\n*** Element info: {Using=xpath, value=//td[text()='Test account rule']}","trace":"org.openqa.selenium.NoSuchElementException: no such element: Unable to locate element: {\"method\":\"xpath\",\"selector\":\"//td[text()='Test account rule']\"}\n  (Session info: chrome=67.0.3396.99)\n  (Driver info: chromedriver=2.40.565498 (ea082db3280dd6843ebfb08a625e3eb905c4f5ab),platform=Windows NT 10.0.17134 x86_64) (WARNING: The server did not provide any stacktrace information)\nCommand duration or timeout: 0 milliseconds\nFor documentation on this error, please visit: http://seleniumhq.org/exceptions/no_such_element.html\nBuild info: version: '3.12.0', revision: '7c6e0b3', time: '2018-05-08T14:04:26.12Z'\nSystem info: host: 'DESKTOP-RNHDCNI', ip: '46.255.34.36', os.name: 'Windows 10', os.arch: 'amd64', os.version: '10.0', java.version: '1.8.0_161'\nDriver info: org.openqa.selenium.chrome.ChromeDriver\nCapabilities {acceptInsecureCerts: false, acceptSslCerts: false, applicationCacheEnabled: false, browserConnectionEnabled: false, browserName: chrome, chrome: {chromedriverVersion: 2.40.565498 (ea082db3280dd6..., userDataDir: C:\\Users\\Irene\\AppData\\Loca...}, cssSelectorsEnabled: true, databaseEnabled: false, handlesAlerts: true, hasTouchScreen: false, javascriptEnabled: true, locationContextEnabled: true, mobileEmulationEnabled: false, nativeEvents: true, networkConnectionEnabled: false, pageLoadStrategy: normal, platform: XP, platformName: XP, rotatable: false, setWindowRect: true, takesHeapSnapshot: true, takesScreenshot: true, unexpectedAlertBehaviour: , unhandledPromptBehavior: , version: 67.0.3396.99, webStorageEnabled: true}\nSession ID: b7b119f700744d8809d30c962ccb1dcb\n*** Element info: {Using=xpath, value=//td[text()='Test account rule']}\r\n\tat sun.reflect.NativeConstructorAccessorImpl.newInstance0(Native Method)\r\n\tat sun.reflect.NativeConstructorAccessorImpl.newInstance(NativeConstructorAccessorImpl.java:62)\r\n\tat sun.reflect.DelegatingConstructorAccessorImpl.newInstance(DelegatingConstructorAccessorImpl.java:45)\r\n\tat java.lang.reflect.Constructor.newInstance(Constructor.java:423)\r\n\tat org.openqa.selenium.remote.ErrorHandler.createThrowable(ErrorHandler.java:214)\r\n\tat org.openqa.selenium.remote.ErrorHandler.throwIfResponseFailed(ErrorHandler.java:166)\r\n\tat org.openqa.selenium.remote.http.JsonHttpResponseCodec.reconstructValue(JsonHttpResponseCodec.java:40)\r\n\tat org.openqa.selenium.remote.http.AbstractHttpResponseCodec.decode(AbstractHttpResponseCodec.java:80)\r\n\tat org.openqa.selenium.remote.http.AbstractHttpResponseCodec.decode(AbstractHttpResponseCodec.java:44)\r\n\tat org.openqa.selenium.remote.HttpCommandExecutor.execute(HttpCommandExecutor.java:158)\r\n\tat org.openqa.selenium.remote.service.DriverCommandExecutor.execute(DriverCommandExecutor.java:83)\r\n\tat org.openqa.selenium.remote.RemoteWebDriver.execute(RemoteWebDriver.java:543)\r\n\tat org.openqa.selenium.remote.RemoteWebDriver.findElement(RemoteWebDriver.java:317)\r\n\tat org.openqa.selenium.remote.RemoteWebDriver.findElementByXPath(RemoteWebDriver.java:419)\r\n\tat org.openqa.selenium.By$ByXPath.findElement(By.java:353)\r\n\tat org.openqa.selenium.remote.RemoteWebDriver.findElement(RemoteWebDriver.java:309)\r\n\tat com.cyberiansoft.test.inhouse.pageObject.RulesPage.deleteRuleIfExists_aroundBody14(RulesPage.java:128)\r\n\tat com.cyberiansoft.test.inhouse.pageObject.RulesPage$AjcClosure15.run(RulesPage.java:1)\r\n\tat org.aspectj.runtime.reflect.JoinPointImpl.proceed(JoinPointImpl.java:149)\r\n\tat io.qameta.allure.aspects.StepsAspects.step(StepsAspects.java:51)\r\n\tat com.cyberiansoft.test.inhouse.pageObject.RulesPage.deleteRuleIfExists(RulesPage.java:127)\r\n\tat com.cyberiansoft.test.inhouse.pageObject.RulesPage.verifyRuleDoesNotExist_aroundBody10(RulesPage.java:109)\r\n\tat com.cyberiansoft.test.inhouse.pageObject.RulesPage$AjcClosure11.run(RulesPage.java:1)\r\n\tat org.aspectj.runtime.reflect.JoinPointImpl.proceed(JoinPointImpl.java:149)\r\n\tat io.qameta.allure.aspects.StepsAspects.step(StepsAspects.java:51)\r\n\tat com.cyberiansoft.test.inhouse.pageObject.RulesPage.verifyRuleDoesNotExist(RulesPage.java:108)\r\n\tat com.cyberiansoft.test.inhouse.testcases.TeamPortalRulesTestCases.testUserCanEditAccountsRules(TeamPortalRulesTestCases.java:124)\r\n\tat sun.reflect.NativeMethodAccessorImpl.invoke0(Native Method)\r\n\tat sun.reflect.NativeMethodAccessorImpl.invoke(NativeMethodAccessorImpl.java:62)\r\n\tat sun.reflect.DelegatingMethodAccessorImpl.invoke(DelegatingMethodAccessorImpl.java:43)\r\n\tat java.lang.reflect.Method.invoke(Method.java:498)\r\n\tat org.testng.internal.MethodInvocationHelper.invokeMethod(MethodInvocationHelper.java:124)\r\n\tat org.testng.internal.Invoker.invokeMethod(Invoker.java:583)\r\n\tat org.testng.internal.Invoker.invokeTestMethod(Invoker.java:719)\r\n\tat org.testng.internal.Invoker.invokeTestMethods(Invoker.java:989)\r\n\tat org.testng.internal.TestMethodWorker.invokeTestMethods(TestMethodWorker.java:125)\r\n\tat org.testng.internal.TestMethodWorker.run(TestMethodWorker.java:109)\r\n\tat org.testng.TestRunner.privateRun(TestRunner.java:648)\r\n\tat org.testng.TestRunner.run(TestRunner.java:505)\r\n\tat org.testng.SuiteRunner.runTest(SuiteRunner.java:455)\r\n\tat org.testng.SuiteRunner.runSequentially(SuiteRunner.java:450)\r\n\tat org.testng.SuiteRunner.privateRun(SuiteRunner.java:415)\r\n\tat org.testng.SuiteRunner.run(SuiteRunner.java:364)\r\n\tat org.testng.SuiteRunnerWorker.runSuite(SuiteRunnerWorker.java:52)\r\n\tat org.testng.SuiteRunnerWorker.run(SuiteRunnerWorker.java:84)\r\n\tat org.testng.TestNG.runSuitesSequentially(TestNG.java:1208)\r\n\tat org.testng.TestNG.runSuitesLocally(TestNG.java:1137)\r\n\tat org.testng.TestNG.runSuites(TestNG.java:1049)\r\n\tat org.testng.TestNG.run(TestNG.java:1017)\r\n\tat org.testng.IDEARemoteTestNG.run(IDEARemoteTestNG.java:72)\r\n\tat org.testng.RemoteTestNGStarter.main(RemoteTestNGStarter.java:123)\r\n"},"stage":"finished","start":1530270273794,"stop":1530270288843,"parameters":[{"name":"ruleName","value":"Test account rule"}]}],"parameters":[{"name":"ruleName","value":"Test account rule"}]},{"name":"verifyRuleDoesNotExist","status":"passed","stage":"finished","start":1530270288843,"stop":1530270335720,"steps":[{"name":"isRulesTableEmpty","status":"passed","stage":"finished","start":1530270288843,"stop":1530270318917},{"name":"deleteRuleIfExists","status":"broken","statusDetails":{"known":false,"muted":false,"flaky":false,"message":"no such element: Unable to locate element: {\"method\":\"xpath\",\"selector\":\"//td[text()='Account']\"}\n  (Session info: chrome=67.0.3396.99)\n  (Driver info: chromedriver=2.40.565498 (ea082db3280dd6843ebfb08a625e3eb905c4f5ab),platform=Windows NT 10.0.17134 x86_64) (WARNING: The server did not provide any stacktrace information)\nCommand duration or timeout: 0 milliseconds\nFor documentation on this error, please visit: http://seleniumhq.org/exceptions/no_such_element.html\nBuild info: version: '3.12.0', revision: '7c6e0b3', time: '2018-05-08T14:04:26.12Z'\nSystem info: host: 'DESKTOP-RNHDCNI', ip: '46.255.34.36', os.name: 'Windows 10', os.arch: 'amd64', os.version: '10.0', java.version: '1.8.0_161'\nDriver info: org.openqa.selenium.chrome.ChromeDriver\nCapabilities {acceptInsecureCerts: false, acceptSslCerts: false, applicationCacheEnabled: false, browserConnectionEnabled: false, browserName: chrome, chrome: {chromedriverVersion: 2.40.565498 (ea082db3280dd6..., userDataDir: C:\\Users\\Irene\\AppData\\Loca...}, cssSelectorsEnabled: true, databaseEnabled: false, handlesAlerts: true, hasTouchScreen: false, javascriptEnabled: true, locationContextEnabled: true, mobileEmulationEnabled: false, nativeEvents: true, networkConnectionEnabled: false, pageLoadStrategy: normal, platform: XP, platformName: XP, rotatable: false, setWindowRect: true, takesHeapSnapshot: true, takesScreenshot: true, unexpectedAlertBehaviour: , unhandledPromptBehavior: , version: 67.0.3396.99, webStorageEnabled: true}\nSession ID: b7b119f700744d8809d30c962ccb1dcb\n*** Element info: {Using=xpath, value=//td[text()='Account']}","trace":"org.openqa.selenium.NoSuchElementException: no such element: Unable to locate element: {\"method\":\"xpath\",\"selector\":\"//td[text()='Account']\"}\n  (Session info: chrome=67.0.3396.99)\n  (Driver info: chromedriver=2.40.565498 (ea082db3280dd6843ebfb08a625e3eb905c4f5ab),platform=Windows NT 10.0.17134 x86_64) (WARNING: The server did not provide any stacktrace information)\nCommand duration or timeout: 0 milliseconds\nFor documentation on this error, please visit: http://seleniumhq.org/exceptions/no_such_element.html\nBuild info: version: '3.12.0', revision: '7c6e0b3', time: '2018-05-08T14:04:26.12Z'\nSystem info: host: 'DESKTOP-RNHDCNI', ip: '46.255.34.36', os.name: 'Windows 10', os.arch: 'amd64', os.version: '10.0', java.version: '1.8.0_161'\nDriver info: org.openqa.selenium.chrome.ChromeDriver\nCapabilities {acceptInsecureCerts: false, acceptSslCerts: false, applicationCacheEnabled: false, browserConnectionEnabled: false, browserName: chrome, chrome: {chromedriverVersion: 2.40.565498 (ea082db3280dd6..., userDataDir: C:\\Users\\Irene\\AppData\\Loca...}, cssSelectorsEnabled: true, databaseEnabled: false, handlesAlerts: true, hasTouchScreen: false, javascriptEnabled: true, locationContextEnabled: true, mobileEmulationEnabled: false, nativeEvents: true, networkConnectionEnabled: false, pageLoadStrategy: normal, platform: XP, platformName: XP, rotatable: false, setWindowRect: true, takesHeapSnapshot: true, takesScreenshot: true, unexpectedAlertBehaviour: , unhandledPromptBehavior: , version: 67.0.3396.99, webStorageEnabled: true}\nSession ID: b7b119f700744d8809d30c962ccb1dcb\n*** Element info: {Using=xpath, value=//td[text()='Account']}\r\n\tat sun.reflect.NativeConstructorAccessorImpl.newInstance0(Native Method)\r\n\tat sun.reflect.NativeConstructorAccessorImpl.newInstance(NativeConstructorAccessorImpl.java:62)\r\n\tat sun.reflect.DelegatingConstructorAccessorImpl.newInstance(DelegatingConstructorAccessorImpl.java:45)\r\n\tat java.lang.reflect.Constructor.newInstance(Constructor.java:423)\r\n\tat org.openqa.selenium.remote.ErrorHandler.createThrowable(ErrorHandler.java:214)\r\n\tat org.openqa.selenium.remote.ErrorHandler.throwIfResponseFailed(ErrorHandler.java:166)\r\n\tat org.openqa.selenium.remote.http.JsonHttpResponseCodec.reconstructValue(JsonHttpResponseCodec.java:40)\r\n\tat org.openqa.selenium.remote.http.AbstractHttpResponseCodec.decode(AbstractHttpResponseCodec.java:80)\r\n\tat org.openqa.selenium.remote.http.AbstractHttpResponseCodec.decode(AbstractHttpResponseCodec.java:44)\r\n\tat org.openqa.selenium.remote.HttpCommandExecutor.execute(HttpCommandExecutor.java:158)\r\n\tat org.openqa.selenium.remote.service.DriverCommandExecutor.execute(DriverCommandExecutor.java:83)\r\n\tat org.openqa.selenium.remote.RemoteWebDriver.execute(RemoteWebDriver.java:543)\r\n\tat org.openqa.selenium.remote.RemoteWebDriver.findElement(RemoteWebDriver.java:317)\r\n\tat org.openqa.selenium.remote.RemoteWebDriver.findElementByXPath(RemoteWebDriver.java:419)\r\n\tat org.openqa.selenium.By$ByXPath.findElement(By.java:353)\r\n\tat org.openqa.selenium.remote.RemoteWebDriver.findElement(RemoteWebDriver.java:309)\r\n\tat com.cyberiansoft.test.inhouse.pageObject.RulesPage.deleteRuleIfExists_aroundBody14(RulesPage.java:128)\r\n\tat com.cyberiansoft.test.inhouse.pageObject.RulesPage$AjcClosure15.run(RulesPage.java:1)\r\n\tat org.aspectj.runtime.reflect.JoinPointImpl.proceed(JoinPointImpl.java:149)\r\n\tat io.qameta.allure.aspects.StepsAspects.step(StepsAspects.java:51)\r\n\tat com.cyberiansoft.test.inhouse.pageObject.RulesPage.deleteRuleIfExists(RulesPage.java:127)\r\n\tat com.cyberiansoft.test.inhouse.pageObject.RulesPage.verifyRuleDoesNotExist_aroundBody10(RulesPage.java:109)\r\n\tat com.cyberiansoft.test.inhouse.pageObject.RulesPage$AjcClosure11.run(RulesPage.java:1)\r\n\tat org.aspectj.runtime.reflect.JoinPointImpl.proceed(JoinPointImpl.java:149)\r\n\tat io.qameta.allure.aspects.StepsAspects.step(StepsAspects.java:51)\r\n\tat com.cyberiansoft.test.inhouse.pageObject.RulesPage.verifyRuleDoesNotExist(RulesPage.java:108)\r\n\tat com.cyberiansoft.test.inhouse.testcases.TeamPortalRulesTestCases.testUserCanEditAccountsRules(TeamPortalRulesTestCases.java:125)\r\n\tat sun.reflect.NativeMethodAccessorImpl.invoke0(Native Method)\r\n\tat sun.reflect.NativeMethodAccessorImpl.invoke(NativeMethodAccessorImpl.java:62)\r\n\tat sun.reflect.DelegatingMethodAccessorImpl.invoke(DelegatingMethodAccessorImpl.java:43)\r\n\tat java.lang.reflect.Method.invoke(Method.java:498)\r\n\tat org.testng.internal.MethodInvocationHelper.invokeMethod(MethodInvocationHelper.java:124)\r\n\tat org.testng.internal.Invoker.invokeMethod(Invoker.java:583)\r\n\tat org.testng.internal.Invoker.invokeTestMethod(Invoker.java:719)\r\n\tat org.testng.internal.Invoker.invokeTestMethods(Invoker.java:989)\r\n\tat org.testng.internal.TestMethodWorker.invokeTestMethods(TestMethodWorker.java:125)\r\n\tat org.testng.internal.TestMethodWorker.run(TestMethodWorker.java:109)\r\n\tat org.testng.TestRunner.privateRun(TestRunner.java:648)\r\n\tat org.testng.TestRunner.run(TestRunner.java:505)\r\n\tat org.testng.SuiteRunner.runTest(SuiteRunner.java:455)\r\n\tat org.testng.SuiteRunner.runSequentially(SuiteRunner.java:450)\r\n\tat org.testng.SuiteRunner.privateRun(SuiteRunner.java:415)\r\n\tat org.testng.SuiteRunner.run(SuiteRunner.java:364)\r\n\tat org.testng.SuiteRunnerWorker.runSuite(SuiteRunnerWorker.java:52)\r\n\tat org.testng.SuiteRunnerWorker.run(SuiteRunnerWorker.java:84)\r\n\tat org.testng.TestNG.runSuitesSequentially(TestNG.java:1208)\r\n\tat org.testng.TestNG.runSuitesLocally(TestNG.java:1137)\r\n\tat org.testng.TestNG.runSuites(TestNG.java:1049)\r\n\tat org.testng.TestNG.run(TestNG.java:1017)\r\n\tat org.testng.IDEARemoteTestNG.run(IDEARemoteTestNG.java:72)\r\n\tat org.testng.RemoteTestNGStarter.main(RemoteTestNGStarter.java:123)\r\n"},"stage":"finished","start":1530270318917,"stop":1530270335720,"steps":[{"name":"deleteRuleByName","status":"passed","stage":"finished","start":1530270318963,"stop":1530270320705,"steps":[{"name":"waitABit","status":"passed","stage":"finished","start":1530270318964,"stop":1530270319965,"parameters":[{"name":"milliseconds","value":"1000"}]},{"name":"waitForLoading","status":"passed","stage":"finished","start":1530270320193,"stop":1530270320540},{"name":"closeNotification","status":"passed","stage":"finished","start":1530270320541,"stop":1530270320705}],"parameters":[{"name":"ruleName","value":"Account"}]}],"parameters":[{"name":"ruleName","value":"Account"}]}],"parameters":[{"name":"ruleName","value":"Account"}]},{"name":"clickAddNewRuleButton","status":"passed","stage":"finished","start":1530270335721,"stop":1530270338970,"steps":[{"name":"waitABit","status":"passed","stage":"finished","start":1530270335721,"stop":1530270338722,"parameters":[{"name":"milliseconds","value":"3000"}]}]},{"name":"createNewRule","status":"passed","stage":"finished","start":1530270338970,"stop":1530270342147,"steps":[{"name":"fillRuleFields","status":"passed","stage":"finished","start":1530270339865,"stop":1530270340847,"parameters":[{"name":"condition","value":"Description LIKE '%Skype%'"},{"name":"order","value":"2"},{"name":"description","value":"Test description"}]},{"name":"clickSubmitRuleButton","status":"passed","stage":"finished","start":1530270340847,"stop":1530270341354,"steps":[{"name":"clickRuleButton","status":"passed","stage":"finished","start":1530270340867,"stop":1530270341354,"steps":[{"name":"waitForLoading","status":"passed","stage":"finished","start":1530270341010,"stop":1530270341354}],"parameters":[{"name":"button","value":"[[ChromeDriver: chrome on XP (b7b119f700744d8809d30c962ccb1dcb)] -> xpath: //div[@class='form-dialog active']//button[text()='Add New']]"}]}]},{"name":"closeNotification","status":"passed","stage":"finished","start":1530270341354,"stop":1530270342147}],"parameters":[{"name":"ruleName","value":"Test account rule"},{"name":"condition","value":"Description LIKE '%Skype%'"},{"name":"order","value":"2"},{"name":"description","value":"Test description"}]},{"name":"clickEditRuleByName","status":"passed","stage":"finished","start":1530270342148,"stop":1530270342477,"parameters":[{"name":"ruleName","value":"Test account rule"}]},{"name":"deleteRuleOrganisation","status":"passed","stage":"finished","start":1530270342477,"stop":1530270343723,"steps":[{"name":"waitABit","status":"passed","stage":"finished","start":1530270343222,"stop":1530270343723,"parameters":[{"name":"milliseconds","value":"500"}]}]},{"name":"editExistingRule","status":"passed","stage":"finished","start":1530270343723,"stop":1530270346118,"steps":[{"name":"fillRuleFields","status":"passed","stage":"finished","start":1530270344004,"stop":1530270344841,"parameters":[{"name":"condition","value":"Description LIKE '%ADOBE%'"},{"name":"order","value":"5"},{"name":"description","value":"new description"}]},{"name":"clickUpdateRuleButton","status":"passed","stage":"finished","start":1530270344842,"stop":1530270345320,"steps":[{"name":"clickRuleButton","status":"passed","stage":"finished","start":1530270344863,"stop":1530270345320,"steps":[{"name":"waitForLoading","status":"passed","stage":"finished","start":1530270345004,"stop":1530270345320}],"parameters":[{"name":"button","value":"[[ChromeDriver: chrome on XP (b7b119f700744d8809d30c962ccb1dcb)] -> xpath: //div[@class='form-dialog active']//button[text()='Update']]"}]}]},{"name":"closeNotification","status":"passed","stage":"finished","start":1530270345320,"stop":1530270346118}],"parameters":[{"name":"organization","value":"Account"},{"name":"condition","value":"Description LIKE '%ADOBE%'"},{"name":"order","value":"5"},{"name":"description","value":"new description"}]},{"name":"checkRuleByName","status":"passed","stage":"finished","start":1530270346119,"stop":1530270346219,"parameters":[{"name":"ruleName","value":"Account"}]},{"name":"deleteRuleByName","status":"passed","stage":"finished","start":1530270346226,"stop":1530270347931,"steps":[{"name":"waitABit","status":"passed","stage":"finished","start":1530270346226,"stop":1530270347227,"parameters":[{"name":"milliseconds","value":"1000"}]},{"name":"waitForLoading","status":"passed","stage":"finished","start":1530270347404,"stop":1530270347748},{"name":"closeNotification","status":"passed","stage":"finished","start":1530270347748,"stop":1530270347931}],"parameters":[{"name":"ruleName","value":"Account"}]}],"parameters":[{"name":"arg0","value":"testUserCanEditAccountsRules.01"},{"name":"arg1","value":"Test Case 59867:Verify user can edit Accounts Rules"},{"name":"arg2","value":"{\"condition\":\"Description LIKE '%Skype%'\",\"condition2\":\"Description LIKE '%ADOBE%'\",\"ruleDescription2\":\"new description\",\"description\":\"Test Case 59867:Verify user can edit Accounts Rules\",\"ruleName\":\"Test account rule\",\"order2\":\"5\",\"ruleName2\":\"Account\",\"ruleDescription\":\"Test description\",\"rowID\":\"testUserCanEditAccountsRules.01\",\"order\":\"2\"}"}]}