{"uuid":"6534f27d-b957-4a4d-8fd6-6f41ddc2cc43","historyId":"e8476265dd0cdb9f96fe24dc7edcc8f7","fullName":"com.cyberiansoft.test.inhouse.testcases.TeamPortalRulesTestCases.testUserCanEditOrganisationRules","labels":[{"name":"package","value":"com.cyberiansoft.test.inhouse.testcases.TeamPortalRulesTestCases"},{"name":"testClass","value":"com.cyberiansoft.test.inhouse.testcases.TeamPortalRulesTestCases"},{"name":"testMethod","value":"testUserCanEditOrganisationRules"},{"name":"parentSuite","value":"InHouse test cases"},{"name":"suite","value":"InHouse tests Chrome"},{"name":"subSuite","value":"com.cyberiansoft.test.inhouse.testcases.TeamPortalRulesTestCases"},{"name":"host","value":"DESKTOP-RNHDCNI"},{"name":"thread","value":"10276@DESKTOP-RNHDCNI.main(1)"}],"links":[],"name":"testUserCanEditOrganisationRules","status":"passed","statusDetails":{"known":false,"muted":false,"flaky":false},"stage":"finished","start":1532438446300,"stop":1532438551963,"steps":[{"name":"clickFinancialMapping","status":"passed","stage":"finished","start":1532438446309,"stop":1532438446448,"steps":[{"name":"clickMenu","status":"passed","stage":"finished","start":1532438446327,"stop":1532438446448,"parameters":[{"name":"menu","value":"[[ChromeDriver: chrome on XP (8fa7d93b3e8eda40b5bc5d63089e7af9)] -> xpath: //span[text()='Financial Mapping']]"}]}]},{"name":"clickOrganizationsRulesSubmenu","status":"passed","stage":"finished","start":1532438446448,"stop":1532438449449,"steps":[{"name":"clickSubMenu","status":"passed","stage":"finished","start":1532438446471,"stop":1532438446935,"parameters":[{"name":"submenu","value":"[[ChromeDriver: chrome on XP (8fa7d93b3e8eda40b5bc5d63089e7af9)] -> xpath: //span[text()='Organizations Rules']]"}]},{"name":"waitForLoading","status":"passed","stage":"finished","start":1532438446936,"stop":1532438449438}]},{"name":"verifyRuleDoesNotExist","status":"passed","stage":"finished","start":1532438449449,"stop":1532438494520,"steps":[{"name":"isRulesTableEmpty","status":"passed","stage":"finished","start":1532438449449,"stop":1532438479471},{"name":"deleteRuleIfExists","status":"broken","statusDetails":{"known":false,"muted":false,"flaky":false,"message":"no such element: Unable to locate element: {\"method\":\"xpath\",\"selector\":\"//td[text()='Test Organization']\"}\n  (Session info: chrome=67.0.3396.99)\n  (Driver info: chromedriver=2.40.565498 (ea082db3280dd6843ebfb08a625e3eb905c4f5ab),platform=Windows NT 10.0.17134 x86_64) (WARNING: The server did not provide any stacktrace information)\nCommand duration or timeout: 0 milliseconds\nFor documentation on this error, please visit: http://seleniumhq.org/exceptions/no_such_element.html\nBuild info: version: '3.12.0', revision: '7c6e0b3', time: '2018-05-08T14:04:26.12Z'\nSystem info: host: 'DESKTOP-RNHDCNI', ip: '46.255.32.10', os.name: 'Windows 10', os.arch: 'amd64', os.version: '10.0', java.version: '1.8.0_161'\nDriver info: org.openqa.selenium.chrome.ChromeDriver\nCapabilities {acceptInsecureCerts: false, acceptSslCerts: false, applicationCacheEnabled: false, browserConnectionEnabled: false, browserName: chrome, chrome: {chromedriverVersion: 2.40.565498 (ea082db3280dd6..., userDataDir: C:\\Users\\Irene\\AppData\\Loca...}, cssSelectorsEnabled: true, databaseEnabled: false, handlesAlerts: true, hasTouchScreen: false, javascriptEnabled: true, locationContextEnabled: true, mobileEmulationEnabled: false, nativeEvents: true, networkConnectionEnabled: false, pageLoadStrategy: normal, platform: XP, platformName: XP, rotatable: false, setWindowRect: true, takesHeapSnapshot: true, takesScreenshot: true, unexpectedAlertBehaviour: , unhandledPromptBehavior: , version: 67.0.3396.99, webStorageEnabled: true}\nSession ID: 8fa7d93b3e8eda40b5bc5d63089e7af9\n*** Element info: {Using=xpath, value=//td[text()='Test Organization']}","trace":"org.openqa.selenium.NoSuchElementException: no such element: Unable to locate element: {\"method\":\"xpath\",\"selector\":\"//td[text()='Test Organization']\"}\n  (Session info: chrome=67.0.3396.99)\n  (Driver info: chromedriver=2.40.565498 (ea082db3280dd6843ebfb08a625e3eb905c4f5ab),platform=Windows NT 10.0.17134 x86_64) (WARNING: The server did not provide any stacktrace information)\nCommand duration or timeout: 0 milliseconds\nFor documentation on this error, please visit: http://seleniumhq.org/exceptions/no_such_element.html\nBuild info: version: '3.12.0', revision: '7c6e0b3', time: '2018-05-08T14:04:26.12Z'\nSystem info: host: 'DESKTOP-RNHDCNI', ip: '46.255.32.10', os.name: 'Windows 10', os.arch: 'amd64', os.version: '10.0', java.version: '1.8.0_161'\nDriver info: org.openqa.selenium.chrome.ChromeDriver\nCapabilities {acceptInsecureCerts: false, acceptSslCerts: false, applicationCacheEnabled: false, browserConnectionEnabled: false, browserName: chrome, chrome: {chromedriverVersion: 2.40.565498 (ea082db3280dd6..., userDataDir: C:\\Users\\Irene\\AppData\\Loca...}, cssSelectorsEnabled: true, databaseEnabled: false, handlesAlerts: true, hasTouchScreen: false, javascriptEnabled: true, locationContextEnabled: true, mobileEmulationEnabled: false, nativeEvents: true, networkConnectionEnabled: false, pageLoadStrategy: normal, platform: XP, platformName: XP, rotatable: false, setWindowRect: true, takesHeapSnapshot: true, takesScreenshot: true, unexpectedAlertBehaviour: , unhandledPromptBehavior: , version: 67.0.3396.99, webStorageEnabled: true}\nSession ID: 8fa7d93b3e8eda40b5bc5d63089e7af9\n*** Element info: {Using=xpath, value=//td[text()='Test Organization']}\r\n\tat sun.reflect.NativeConstructorAccessorImpl.newInstance0(Native Method)\r\n\tat sun.reflect.NativeConstructorAccessorImpl.newInstance(NativeConstructorAccessorImpl.java:62)\r\n\tat sun.reflect.DelegatingConstructorAccessorImpl.newInstance(DelegatingConstructorAccessorImpl.java:45)\r\n\tat java.lang.reflect.Constructor.newInstance(Constructor.java:423)\r\n\tat org.openqa.selenium.remote.ErrorHandler.createThrowable(ErrorHandler.java:214)\r\n\tat org.openqa.selenium.remote.ErrorHandler.throwIfResponseFailed(ErrorHandler.java:166)\r\n\tat org.openqa.selenium.remote.http.JsonHttpResponseCodec.reconstructValue(JsonHttpResponseCodec.java:40)\r\n\tat org.openqa.selenium.remote.http.AbstractHttpResponseCodec.decode(AbstractHttpResponseCodec.java:80)\r\n\tat org.openqa.selenium.remote.http.AbstractHttpResponseCodec.decode(AbstractHttpResponseCodec.java:44)\r\n\tat org.openqa.selenium.remote.HttpCommandExecutor.execute(HttpCommandExecutor.java:158)\r\n\tat org.openqa.selenium.remote.service.DriverCommandExecutor.execute(DriverCommandExecutor.java:83)\r\n\tat org.openqa.selenium.remote.RemoteWebDriver.execute(RemoteWebDriver.java:543)\r\n\tat org.openqa.selenium.remote.RemoteWebDriver.findElement(RemoteWebDriver.java:317)\r\n\tat org.openqa.selenium.remote.RemoteWebDriver.findElementByXPath(RemoteWebDriver.java:419)\r\n\tat org.openqa.selenium.By$ByXPath.findElement(By.java:353)\r\n\tat org.openqa.selenium.remote.RemoteWebDriver.findElement(RemoteWebDriver.java:309)\r\n\tat com.cyberiansoft.test.inhouse.pageObject.RulesPage.deleteRuleIfExists_aroundBody14(RulesPage.java:128)\r\n\tat com.cyberiansoft.test.inhouse.pageObject.RulesPage$AjcClosure15.run(RulesPage.java:1)\r\n\tat org.aspectj.runtime.reflect.JoinPointImpl.proceed(JoinPointImpl.java:149)\r\n\tat io.qameta.allure.aspects.StepsAspects.step(StepsAspects.java:51)\r\n\tat com.cyberiansoft.test.inhouse.pageObject.RulesPage.deleteRuleIfExists(RulesPage.java:127)\r\n\tat com.cyberiansoft.test.inhouse.pageObject.RulesPage.verifyRuleDoesNotExist_aroundBody10(RulesPage.java:109)\r\n\tat com.cyberiansoft.test.inhouse.pageObject.RulesPage$AjcClosure11.run(RulesPage.java:1)\r\n\tat org.aspectj.runtime.reflect.JoinPointImpl.proceed(JoinPointImpl.java:149)\r\n\tat io.qameta.allure.aspects.StepsAspects.step(StepsAspects.java:51)\r\n\tat com.cyberiansoft.test.inhouse.pageObject.RulesPage.verifyRuleDoesNotExist(RulesPage.java:108)\r\n\tat com.cyberiansoft.test.inhouse.testcases.TeamPortalRulesTestCases.testUserCanEditOrganisationRules(TeamPortalRulesTestCases.java:69)\r\n\tat sun.reflect.NativeMethodAccessorImpl.invoke0(Native Method)\r\n\tat sun.reflect.NativeMethodAccessorImpl.invoke(NativeMethodAccessorImpl.java:62)\r\n\tat sun.reflect.DelegatingMethodAccessorImpl.invoke(DelegatingMethodAccessorImpl.java:43)\r\n\tat java.lang.reflect.Method.invoke(Method.java:498)\r\n\tat org.testng.internal.MethodInvocationHelper.invokeMethod(MethodInvocationHelper.java:124)\r\n\tat org.testng.internal.Invoker.invokeMethod(Invoker.java:583)\r\n\tat org.testng.internal.Invoker.invokeTestMethod(Invoker.java:719)\r\n\tat org.testng.internal.Invoker.invokeTestMethods(Invoker.java:989)\r\n\tat org.testng.internal.TestMethodWorker.invokeTestMethods(TestMethodWorker.java:125)\r\n\tat org.testng.internal.TestMethodWorker.run(TestMethodWorker.java:109)\r\n\tat org.testng.TestRunner.privateRun(TestRunner.java:648)\r\n\tat org.testng.TestRunner.run(TestRunner.java:505)\r\n\tat org.testng.SuiteRunner.runTest(SuiteRunner.java:455)\r\n\tat org.testng.SuiteRunner.runSequentially(SuiteRunner.java:450)\r\n\tat org.testng.SuiteRunner.privateRun(SuiteRunner.java:415)\r\n\tat org.testng.SuiteRunner.run(SuiteRunner.java:364)\r\n\tat org.testng.SuiteRunnerWorker.runSuite(SuiteRunnerWorker.java:52)\r\n\tat org.testng.SuiteRunnerWorker.run(SuiteRunnerWorker.java:84)\r\n\tat org.testng.TestNG.runSuitesSequentially(TestNG.java:1208)\r\n\tat org.testng.TestNG.runSuitesLocally(TestNG.java:1137)\r\n\tat org.testng.TestNG.runSuites(TestNG.java:1049)\r\n\tat org.testng.TestNG.run(TestNG.java:1017)\r\n\tat org.apache.maven.surefire.testng.TestNGExecutor.run(TestNGExecutor.java:283)\r\n\tat org.apache.maven.surefire.testng.TestNGXmlTestSuite.execute(TestNGXmlTestSuite.java:75)\r\n\tat org.apache.maven.surefire.testng.TestNGProvider.invoke(TestNGProvider.java:120)\r\n\tat org.apache.maven.surefire.booter.ForkedBooter.invokeProviderInSameClassLoader(ForkedBooter.java:383)\r\n\tat org.apache.maven.surefire.booter.ForkedBooter.runSuitesInProcess(ForkedBooter.java:344)\r\n\tat org.apache.maven.surefire.booter.ForkedBooter.execute(ForkedBooter.java:125)\r\n\tat org.apache.maven.surefire.booter.ForkedBooter.main(ForkedBooter.java:417)\r\n"},"stage":"finished","start":1532438479471,"stop":1532438494520,"parameters":[{"name":"ruleName","value":"Test Organization"}]}],"parameters":[{"name":"ruleName","value":"Test Organization"}]},{"name":"verifyRuleDoesNotExist","status":"passed","stage":"finished","start":1532438494520,"stop":1532438539613,"steps":[{"name":"isRulesTableEmpty","status":"passed","stage":"finished","start":1532438494520,"stop":1532438524600},{"name":"deleteRuleIfExists","status":"broken","statusDetails":{"known":false,"muted":false,"flaky":false,"message":"no such element: Unable to locate element: {\"method\":\"xpath\",\"selector\":\"//td[text()='New Organization']\"}\n  (Session info: chrome=67.0.3396.99)\n  (Driver info: chromedriver=2.40.565498 (ea082db3280dd6843ebfb08a625e3eb905c4f5ab),platform=Windows NT 10.0.17134 x86_64) (WARNING: The server did not provide any stacktrace information)\nCommand duration or timeout: 0 milliseconds\nFor documentation on this error, please visit: http://seleniumhq.org/exceptions/no_such_element.html\nBuild info: version: '3.12.0', revision: '7c6e0b3', time: '2018-05-08T14:04:26.12Z'\nSystem info: host: 'DESKTOP-RNHDCNI', ip: '46.255.32.10', os.name: 'Windows 10', os.arch: 'amd64', os.version: '10.0', java.version: '1.8.0_161'\nDriver info: org.openqa.selenium.chrome.ChromeDriver\nCapabilities {acceptInsecureCerts: false, acceptSslCerts: false, applicationCacheEnabled: false, browserConnectionEnabled: false, browserName: chrome, chrome: {chromedriverVersion: 2.40.565498 (ea082db3280dd6..., userDataDir: C:\\Users\\Irene\\AppData\\Loca...}, cssSelectorsEnabled: true, databaseEnabled: false, handlesAlerts: true, hasTouchScreen: false, javascriptEnabled: true, locationContextEnabled: true, mobileEmulationEnabled: false, nativeEvents: true, networkConnectionEnabled: false, pageLoadStrategy: normal, platform: XP, platformName: XP, rotatable: false, setWindowRect: true, takesHeapSnapshot: true, takesScreenshot: true, unexpectedAlertBehaviour: , unhandledPromptBehavior: , version: 67.0.3396.99, webStorageEnabled: true}\nSession ID: 8fa7d93b3e8eda40b5bc5d63089e7af9\n*** Element info: {Using=xpath, value=//td[text()='New Organization']}","trace":"org.openqa.selenium.NoSuchElementException: no such element: Unable to locate element: {\"method\":\"xpath\",\"selector\":\"//td[text()='New Organization']\"}\n  (Session info: chrome=67.0.3396.99)\n  (Driver info: chromedriver=2.40.565498 (ea082db3280dd6843ebfb08a625e3eb905c4f5ab),platform=Windows NT 10.0.17134 x86_64) (WARNING: The server did not provide any stacktrace information)\nCommand duration or timeout: 0 milliseconds\nFor documentation on this error, please visit: http://seleniumhq.org/exceptions/no_such_element.html\nBuild info: version: '3.12.0', revision: '7c6e0b3', time: '2018-05-08T14:04:26.12Z'\nSystem info: host: 'DESKTOP-RNHDCNI', ip: '46.255.32.10', os.name: 'Windows 10', os.arch: 'amd64', os.version: '10.0', java.version: '1.8.0_161'\nDriver info: org.openqa.selenium.chrome.ChromeDriver\nCapabilities {acceptInsecureCerts: false, acceptSslCerts: false, applicationCacheEnabled: false, browserConnectionEnabled: false, browserName: chrome, chrome: {chromedriverVersion: 2.40.565498 (ea082db3280dd6..., userDataDir: C:\\Users\\Irene\\AppData\\Loca...}, cssSelectorsEnabled: true, databaseEnabled: false, handlesAlerts: true, hasTouchScreen: false, javascriptEnabled: true, locationContextEnabled: true, mobileEmulationEnabled: false, nativeEvents: true, networkConnectionEnabled: false, pageLoadStrategy: normal, platform: XP, platformName: XP, rotatable: false, setWindowRect: true, takesHeapSnapshot: true, takesScreenshot: true, unexpectedAlertBehaviour: , unhandledPromptBehavior: , version: 67.0.3396.99, webStorageEnabled: true}\nSession ID: 8fa7d93b3e8eda40b5bc5d63089e7af9\n*** Element info: {Using=xpath, value=//td[text()='New Organization']}\r\n\tat sun.reflect.NativeConstructorAccessorImpl.newInstance0(Native Method)\r\n\tat sun.reflect.NativeConstructorAccessorImpl.newInstance(NativeConstructorAccessorImpl.java:62)\r\n\tat sun.reflect.DelegatingConstructorAccessorImpl.newInstance(DelegatingConstructorAccessorImpl.java:45)\r\n\tat java.lang.reflect.Constructor.newInstance(Constructor.java:423)\r\n\tat org.openqa.selenium.remote.ErrorHandler.createThrowable(ErrorHandler.java:214)\r\n\tat org.openqa.selenium.remote.ErrorHandler.throwIfResponseFailed(ErrorHandler.java:166)\r\n\tat org.openqa.selenium.remote.http.JsonHttpResponseCodec.reconstructValue(JsonHttpResponseCodec.java:40)\r\n\tat org.openqa.selenium.remote.http.AbstractHttpResponseCodec.decode(AbstractHttpResponseCodec.java:80)\r\n\tat org.openqa.selenium.remote.http.AbstractHttpResponseCodec.decode(AbstractHttpResponseCodec.java:44)\r\n\tat org.openqa.selenium.remote.HttpCommandExecutor.execute(HttpCommandExecutor.java:158)\r\n\tat org.openqa.selenium.remote.service.DriverCommandExecutor.execute(DriverCommandExecutor.java:83)\r\n\tat org.openqa.selenium.remote.RemoteWebDriver.execute(RemoteWebDriver.java:543)\r\n\tat org.openqa.selenium.remote.RemoteWebDriver.findElement(RemoteWebDriver.java:317)\r\n\tat org.openqa.selenium.remote.RemoteWebDriver.findElementByXPath(RemoteWebDriver.java:419)\r\n\tat org.openqa.selenium.By$ByXPath.findElement(By.java:353)\r\n\tat org.openqa.selenium.remote.RemoteWebDriver.findElement(RemoteWebDriver.java:309)\r\n\tat com.cyberiansoft.test.inhouse.pageObject.RulesPage.deleteRuleIfExists_aroundBody14(RulesPage.java:128)\r\n\tat com.cyberiansoft.test.inhouse.pageObject.RulesPage$AjcClosure15.run(RulesPage.java:1)\r\n\tat org.aspectj.runtime.reflect.JoinPointImpl.proceed(JoinPointImpl.java:149)\r\n\tat io.qameta.allure.aspects.StepsAspects.step(StepsAspects.java:51)\r\n\tat com.cyberiansoft.test.inhouse.pageObject.RulesPage.deleteRuleIfExists(RulesPage.java:127)\r\n\tat com.cyberiansoft.test.inhouse.pageObject.RulesPage.verifyRuleDoesNotExist_aroundBody10(RulesPage.java:109)\r\n\tat com.cyberiansoft.test.inhouse.pageObject.RulesPage$AjcClosure11.run(RulesPage.java:1)\r\n\tat org.aspectj.runtime.reflect.JoinPointImpl.proceed(JoinPointImpl.java:149)\r\n\tat io.qameta.allure.aspects.StepsAspects.step(StepsAspects.java:51)\r\n\tat com.cyberiansoft.test.inhouse.pageObject.RulesPage.verifyRuleDoesNotExist(RulesPage.java:108)\r\n\tat com.cyberiansoft.test.inhouse.testcases.TeamPortalRulesTestCases.testUserCanEditOrganisationRules(TeamPortalRulesTestCases.java:70)\r\n\tat sun.reflect.NativeMethodAccessorImpl.invoke0(Native Method)\r\n\tat sun.reflect.NativeMethodAccessorImpl.invoke(NativeMethodAccessorImpl.java:62)\r\n\tat sun.reflect.DelegatingMethodAccessorImpl.invoke(DelegatingMethodAccessorImpl.java:43)\r\n\tat java.lang.reflect.Method.invoke(Method.java:498)\r\n\tat org.testng.internal.MethodInvocationHelper.invokeMethod(MethodInvocationHelper.java:124)\r\n\tat org.testng.internal.Invoker.invokeMethod(Invoker.java:583)\r\n\tat org.testng.internal.Invoker.invokeTestMethod(Invoker.java:719)\r\n\tat org.testng.internal.Invoker.invokeTestMethods(Invoker.java:989)\r\n\tat org.testng.internal.TestMethodWorker.invokeTestMethods(TestMethodWorker.java:125)\r\n\tat org.testng.internal.TestMethodWorker.run(TestMethodWorker.java:109)\r\n\tat org.testng.TestRunner.privateRun(TestRunner.java:648)\r\n\tat org.testng.TestRunner.run(TestRunner.java:505)\r\n\tat org.testng.SuiteRunner.runTest(SuiteRunner.java:455)\r\n\tat org.testng.SuiteRunner.runSequentially(SuiteRunner.java:450)\r\n\tat org.testng.SuiteRunner.privateRun(SuiteRunner.java:415)\r\n\tat org.testng.SuiteRunner.run(SuiteRunner.java:364)\r\n\tat org.testng.SuiteRunnerWorker.runSuite(SuiteRunnerWorker.java:52)\r\n\tat org.testng.SuiteRunnerWorker.run(SuiteRunnerWorker.java:84)\r\n\tat org.testng.TestNG.runSuitesSequentially(TestNG.java:1208)\r\n\tat org.testng.TestNG.runSuitesLocally(TestNG.java:1137)\r\n\tat org.testng.TestNG.runSuites(TestNG.java:1049)\r\n\tat org.testng.TestNG.run(TestNG.java:1017)\r\n\tat org.apache.maven.surefire.testng.TestNGExecutor.run(TestNGExecutor.java:283)\r\n\tat org.apache.maven.surefire.testng.TestNGXmlTestSuite.execute(TestNGXmlTestSuite.java:75)\r\n\tat org.apache.maven.surefire.testng.TestNGProvider.invoke(TestNGProvider.java:120)\r\n\tat org.apache.maven.surefire.booter.ForkedBooter.invokeProviderInSameClassLoader(ForkedBooter.java:383)\r\n\tat org.apache.maven.surefire.booter.ForkedBooter.runSuitesInProcess(ForkedBooter.java:344)\r\n\tat org.apache.maven.surefire.booter.ForkedBooter.execute(ForkedBooter.java:125)\r\n\tat org.apache.maven.surefire.booter.ForkedBooter.main(ForkedBooter.java:417)\r\n"},"stage":"finished","start":1532438524600,"stop":1532438539613,"parameters":[{"name":"ruleName","value":"New Organization"}]}],"parameters":[{"name":"ruleName","value":"New Organization"}]},{"name":"clickAddNewRuleButton","status":"passed","stage":"finished","start":1532438539614,"stop":1532438542854,"steps":[{"name":"waitABit","status":"passed","stage":"finished","start":1532438539614,"stop":1532438542615,"parameters":[{"name":"milliseconds","value":"3000"}]}]},{"name":"createNewRule","status":"passed","stage":"finished","start":1532438542854,"stop":1532438546211,"steps":[{"name":"fillRuleFields","status":"passed","stage":"finished","start":1532438543810,"stop":1532438544892,"parameters":[{"name":"condition","value":"Description LIKE '%AMT%'"},{"name":"order","value":"1"},{"name":"description","value":"Test"}]},{"name":"clickSubmitRuleButton","status":"passed","stage":"finished","start":1532438544893,"stop":1532438545376,"steps":[{"name":"clickRuleButton","status":"passed","stage":"finished","start":1532438544914,"stop":1532438545376,"steps":[{"name":"waitForLoading","status":"passed","stage":"finished","start":1532438545048,"stop":1532438545376}],"parameters":[{"name":"button","value":"[[ChromeDriver: chrome on XP (8fa7d93b3e8eda40b5bc5d63089e7af9)] -> xpath: //div[@class='form-dialog active']//button[text()='Add New']]"}]}]},{"name":"closeNotification","status":"passed","stage":"finished","start":1532438545376,"stop":1532438546211}],"parameters":[{"name":"ruleName","value":"Test Organization"},{"name":"condition","value":"Description LIKE '%AMT%'"},{"name":"order","value":"1"},{"name":"description","value":"Test"}]},{"name":"checkRuleByName","status":"passed","stage":"finished","start":1532438546211,"stop":1532438546362,"parameters":[{"name":"ruleName","value":"Test Organization"}]},{"name":"clickEditRuleByName","status":"passed","stage":"finished","start":1532438546362,"stop":1532438546578,"parameters":[{"name":"ruleName","value":"Test Organization"}]},{"name":"editExistingRule","status":"passed","stage":"finished","start":1532438546578,"stop":1532438550076,"steps":[{"name":"fillRuleFields","status":"passed","stage":"finished","start":1532438547419,"stop":1532438548213,"parameters":[{"name":"condition","value":"Description LIKE '%MOTEL%'"},{"name":"order","value":"2"},{"name":"description","value":"Test 1234"}]},{"name":"clickUpdateRuleButton","status":"passed","stage":"finished","start":1532438548213,"stop":1532438548984,"steps":[{"name":"clickRuleButton","status":"passed","stage":"finished","start":1532438548243,"stop":1532438548984,"steps":[{"name":"waitForLoading","status":"passed","stage":"finished","start":1532438548542,"stop":1532438548984}],"parameters":[{"name":"button","value":"[[ChromeDriver: chrome on XP (8fa7d93b3e8eda40b5bc5d63089e7af9)] -> xpath: //div[@class='form-dialog active']//button[text()='Update']]"}]}]},{"name":"closeNotification","status":"passed","stage":"finished","start":1532438548984,"stop":1532438550076}],"parameters":[{"name":"organization","value":"Test Organization"},{"name":"condition","value":"Description LIKE '%MOTEL%'"},{"name":"order","value":"2"},{"name":"description","value":"Test 1234"}]},{"name":"checkRuleByName","status":"passed","stage":"finished","start":1532438550076,"stop":1532438550091,"parameters":[{"name":"ruleName","value":"Test Organization"}]},{"name":"deleteRuleByName","status":"passed","stage":"finished","start":1532438550091,"stop":1532438551958,"steps":[{"name":"waitABit","status":"passed","stage":"finished","start":1532438550091,"stop":1532438551092,"parameters":[{"name":"milliseconds","value":"1000"}]},{"name":"waitForLoading","status":"passed","stage":"finished","start":1532438551300,"stop":1532438551652},{"name":"closeNotification","status":"passed","stage":"finished","start":1532438551652,"stop":1532438551958}],"parameters":[{"name":"ruleName","value":"Test Organization"}]}],"parameters":[{"name":"selenium.browser","value":"chrome"},{"name":"arg0","value":"testUserCanEditOrganisationRules.01"},{"name":"arg1","value":"Test Case 59861:Verify user can edit organization rules"},{"name":"arg2","value":"{\"condition\":\"Description LIKE '%AMT%'\",\"condition2\":\"Description LIKE '%MOTEL%'\",\"ruleDescription2\":\"Test 1234\",\"description\":\"Test Case 59861:Verify user can edit organization rules\",\"ruleName\":\"Test Organization\",\"order2\":\"2\",\"ruleName2\":\"New Organization\",\"ruleDescription\":\"Test\",\"rowID\":\"testUserCanEditOrganisationRules.01\",\"order\":\"1\"}"}]}