{"uuid":"8ee15317-bb09-4c1e-bc9b-d43dca4a0567","historyId":"299787051e80220c7038e0daf5a41d84","fullName":"com.cyberiansoft.test.inhouse.testcases.TeamPortalCategoriesTestCases.testUserCanManualAttribute","labels":[{"name":"package","value":"com.cyberiansoft.test.inhouse.testcases.TeamPortalCategoriesTestCases"},{"name":"testClass","value":"com.cyberiansoft.test.inhouse.testcases.TeamPortalCategoriesTestCases"},{"name":"testMethod","value":"testUserCanManualAttribute"},{"name":"parentSuite","value":"Default Suite"},{"name":"suite","value":"TestAutomationProject"},{"name":"subSuite","value":"com.cyberiansoft.test.inhouse.testcases.TeamPortalCategoriesTestCases"},{"name":"host","value":"DESKTOP-RNHDCNI"},{"name":"thread","value":"12592@DESKTOP-RNHDCNI.main(1)"}],"links":[],"name":"testUserCanManualAttribute","status":"failed","statusDetails":{"known":false,"muted":false,"flaky":false,"message":"The menu has not been displayed!","trace":"java.lang.AssertionError: The menu has not been displayed!\r\n\tat org.testng.Assert.fail(Assert.java:85)\r\n\tat com.cyberiansoft.test.inhouse.pageObject.LeftMenuPanel.clickMenu_aroundBody0(LeftMenuPanel.java:73)\r\n\tat com.cyberiansoft.test.inhouse.pageObject.LeftMenuPanel$AjcClosure1.run(LeftMenuPanel.java:1)\r\n\tat org.aspectj.runtime.reflect.JoinPointImpl.proceed(JoinPointImpl.java:149)\r\n\tat io.qameta.allure.aspects.StepsAspects.step(StepsAspects.java:51)\r\n\tat com.cyberiansoft.test.inhouse.pageObject.LeftMenuPanel.clickMenu(LeftMenuPanel.java:71)\r\n\tat com.cyberiansoft.test.inhouse.pageObject.LeftMenuPanel.clickClientManagement_aroundBody4(LeftMenuPanel.java:92)\r\n\tat com.cyberiansoft.test.inhouse.pageObject.LeftMenuPanel$AjcClosure5.run(LeftMenuPanel.java:1)\r\n\tat org.aspectj.runtime.reflect.JoinPointImpl.proceed(JoinPointImpl.java:149)\r\n\tat io.qameta.allure.aspects.StepsAspects.step(StepsAspects.java:51)\r\n\tat com.cyberiansoft.test.inhouse.pageObject.LeftMenuPanel.clickClientManagement(LeftMenuPanel.java:92)\r\n\tat com.cyberiansoft.test.inhouse.testcases.TeamPortalCategoriesTestCases.testUserCanManualAttribute(TeamPortalCategoriesTestCases.java:112)\r\n\tat sun.reflect.NativeMethodAccessorImpl.invoke0(Native Method)\r\n\tat sun.reflect.NativeMethodAccessorImpl.invoke(NativeMethodAccessorImpl.java:62)\r\n\tat sun.reflect.DelegatingMethodAccessorImpl.invoke(DelegatingMethodAccessorImpl.java:43)\r\n\tat java.lang.reflect.Method.invoke(Method.java:498)\r\n\tat org.testng.internal.MethodInvocationHelper.invokeMethod(MethodInvocationHelper.java:124)\r\n\tat org.testng.internal.Invoker.invokeMethod(Invoker.java:583)\r\n\tat org.testng.internal.Invoker.invokeTestMethod(Invoker.java:719)\r\n\tat org.testng.internal.Invoker.invokeTestMethods(Invoker.java:989)\r\n\tat org.testng.internal.TestMethodWorker.invokeTestMethods(TestMethodWorker.java:125)\r\n\tat org.testng.internal.TestMethodWorker.run(TestMethodWorker.java:109)\r\n\tat org.testng.TestRunner.privateRun(TestRunner.java:648)\r\n\tat org.testng.TestRunner.run(TestRunner.java:505)\r\n\tat org.testng.SuiteRunner.runTest(SuiteRunner.java:455)\r\n\tat org.testng.SuiteRunner.runSequentially(SuiteRunner.java:450)\r\n\tat org.testng.SuiteRunner.privateRun(SuiteRunner.java:415)\r\n\tat org.testng.SuiteRunner.run(SuiteRunner.java:364)\r\n\tat org.testng.SuiteRunnerWorker.runSuite(SuiteRunnerWorker.java:52)\r\n\tat org.testng.SuiteRunnerWorker.run(SuiteRunnerWorker.java:84)\r\n\tat org.testng.TestNG.runSuitesSequentially(TestNG.java:1208)\r\n\tat org.testng.TestNG.runSuitesLocally(TestNG.java:1137)\r\n\tat org.testng.TestNG.runSuites(TestNG.java:1049)\r\n\tat org.testng.TestNG.run(TestNG.java:1017)\r\n\tat org.testng.IDEARemoteTestNG.run(IDEARemoteTestNG.java:72)\r\n\tat org.testng.RemoteTestNGStarter.main(RemoteTestNGStarter.java:123)\r\nCaused by: org.openqa.selenium.TimeoutException: Expected condition failed: waiting for element to be clickable: Proxy element for: DefaultElementLocator 'By.xpath: //span[text()='Client Management']' (tried for 60 second(s) with 250 milliseconds interval)\r\n\tat org.openqa.selenium.support.ui.WebDriverWait.timeoutException(WebDriverWait.java:81)\r\n\tat org.openqa.selenium.support.ui.FluentWait.until(FluentWait.java:271)\r\n\tat com.cyberiansoft.test.inhouse.pageObject.LeftMenuPanel.clickMenu_aroundBody0(LeftMenuPanel.java:71)\r\n\t... 34 more\r\nCaused by: org.openqa.selenium.NoSuchElementException: no such element: Unable to locate element: {\"method\":\"xpath\",\"selector\":\"//span[text()='Client Management']\"}\n  (Session info: chrome=67.0.3396.99)\n  (Driver info: chromedriver=2.40.565498 (ea082db3280dd6843ebfb08a625e3eb905c4f5ab),platform=Windows NT 10.0.17134 x86_64) (WARNING: The server did not provide any stacktrace information)\nCommand duration or timeout: 0 milliseconds\nFor documentation on this error, please visit: http://seleniumhq.org/exceptions/no_such_element.html\nBuild info: version: '3.12.0', revision: '7c6e0b3', time: '2018-05-08T14:04:26.12Z'\nSystem info: host: 'DESKTOP-RNHDCNI', ip: '46.255.33.32', os.name: 'Windows 10', os.arch: 'amd64', os.version: '10.0', java.version: '1.8.0_161'\nDriver info: org.openqa.selenium.chrome.ChromeDriver\nCapabilities {acceptInsecureCerts: false, acceptSslCerts: false, applicationCacheEnabled: false, browserConnectionEnabled: false, browserName: chrome, chrome: {chromedriverVersion: 2.40.565498 (ea082db3280dd6..., userDataDir: C:\\Users\\Irene\\AppData\\Loca...}, cssSelectorsEnabled: true, databaseEnabled: false, handlesAlerts: true, hasTouchScreen: false, javascriptEnabled: true, locationContextEnabled: true, mobileEmulationEnabled: false, nativeEvents: true, networkConnectionEnabled: false, pageLoadStrategy: normal, platform: XP, platformName: XP, rotatable: false, setWindowRect: true, takesHeapSnapshot: true, takesScreenshot: true, unexpectedAlertBehaviour: , unhandledPromptBehavior: , version: 67.0.3396.99, webStorageEnabled: true}\nSession ID: b52b06c283b24482556755ea77b9d55e\n*** Element info: {Using=xpath, value=//span[text()='Client Management']}\r\n\tat sun.reflect.NativeConstructorAccessorImpl.newInstance0(Native Method)\r\n\tat sun.reflect.NativeConstructorAccessorImpl.newInstance(NativeConstructorAccessorImpl.java:62)\r\n\tat sun.reflect.DelegatingConstructorAccessorImpl.newInstance(DelegatingConstructorAccessorImpl.java:45)\r\n\tat java.lang.reflect.Constructor.newInstance(Constructor.java:423)\r\n\tat org.openqa.selenium.remote.ErrorHandler.createThrowable(ErrorHandler.java:214)\r\n\tat org.openqa.selenium.remote.ErrorHandler.throwIfResponseFailed(ErrorHandler.java:166)\r\n\tat org.openqa.selenium.remote.http.JsonHttpResponseCodec.reconstructValue(JsonHttpResponseCodec.java:40)\r\n\tat org.openqa.selenium.remote.http.AbstractHttpResponseCodec.decode(AbstractHttpResponseCodec.java:80)\r\n\tat org.openqa.selenium.remote.http.AbstractHttpResponseCodec.decode(AbstractHttpResponseCodec.java:44)\r\n\tat org.openqa.selenium.remote.HttpCommandExecutor.execute(HttpCommandExecutor.java:158)\r\n\tat org.openqa.selenium.remote.service.DriverCommandExecutor.execute(DriverCommandExecutor.java:83)\r\n\tat org.openqa.selenium.remote.RemoteWebDriver.execute(RemoteWebDriver.java:543)\r\n\tat org.openqa.selenium.remote.RemoteWebDriver.findElement(RemoteWebDriver.java:317)\r\n\tat org.openqa.selenium.remote.RemoteWebDriver.findElementByXPath(RemoteWebDriver.java:419)\r\n\tat org.openqa.selenium.By$ByXPath.findElement(By.java:353)\r\n\tat org.openqa.selenium.remote.RemoteWebDriver.findElement(RemoteWebDriver.java:309)\r\n\tat org.openqa.selenium.support.pagefactory.DefaultElementLocator.findElement(DefaultElementLocator.java:69)\r\n\tat org.openqa.selenium.support.pagefactory.internal.LocatingElementHandler.invoke(LocatingElementHandler.java:38)\r\n\tat com.sun.proxy.$Proxy12.isDisplayed(Unknown Source)\r\n\tat org.openqa.selenium.support.ui.ExpectedConditions.elementIfVisible(ExpectedConditions.java:315)\r\n\tat org.openqa.selenium.support.ui.ExpectedConditions.access$100(ExpectedConditions.java:44)\r\n\tat org.openqa.selenium.support.ui.ExpectedConditions$10.apply(ExpectedConditions.java:301)\r\n\tat org.openqa.selenium.support.ui.ExpectedConditions$10.apply(ExpectedConditions.java:298)\r\n\tat org.openqa.selenium.support.ui.ExpectedConditions$23.apply(ExpectedConditions.java:686)\r\n\tat org.openqa.selenium.support.ui.ExpectedConditions$23.apply(ExpectedConditions.java:682)\r\n\tat org.openqa.selenium.support.ui.FluentWait.until(FluentWait.java:248)\r\n\t... 35 more\r\n"},"stage":"finished","start":1532343337141,"stop":1532343465531,"steps":[{"name":"clickClients","status":"passed","stage":"finished","start":1532343337746,"stop":1532343339254,"steps":[{"name":"clickMenu","status":"passed","stage":"finished","start":1532343339105,"stop":1532343339254,"parameters":[{"name":"menu","value":"[[ChromeDriver: chrome on XP (b52b06c283b24482556755ea77b9d55e)] -> xpath: //span[text()='Clients']]"}]}]},{"name":"clickCategoriesSubmenu","status":"passed","stage":"finished","start":1532343339254,"stop":1532343340881,"steps":[{"name":"clickSubMenu","status":"passed","stage":"finished","start":1532343339280,"stop":1532343339540,"parameters":[{"name":"submenu","value":"[[ChromeDriver: chrome on XP (b52b06c283b24482556755ea77b9d55e)] -> xpath: //span[text()='Categories']]"}]},{"name":"waitForLoading","status":"passed","stage":"finished","start":1532343339541,"stop":1532343340856}]},{"name":"verifyCategoriesDoNotExist","status":"passed","stage":"finished","start":1532343340881,"stop":1532343358718,"steps":[{"name":"isCategoryDisplayed","status":"passed","stage":"finished","start":1532343340882,"stop":1532343341953,"steps":[{"name":"waitABit","status":"passed","stage":"finished","start":1532343340883,"stop":1532343341884,"parameters":[{"name":"milliseconds","value":"1000"}]}],"parameters":[{"name":"category","value":"Test Category"}]},{"name":"deleteCategory","status":"passed","stage":"finished","start":1532343341953,"stop":1532343342649,"steps":[{"name":"closeNotification","status":"passed","stage":"finished","start":1532343342136,"stop":1532343342649}],"parameters":[{"name":"name","value":"Test Category"}]},{"name":"isCategoryDisplayed","status":"passed","stage":"finished","start":1532343342649,"stop":1532343358718,"steps":[{"name":"waitABit","status":"passed","stage":"finished","start":1532343342649,"stop":1532343343650,"parameters":[{"name":"milliseconds","value":"1000"}]}],"parameters":[{"name":"category","value":"Test Category"}]}],"parameters":[{"name":"category","value":"Test Category"}]},{"name":"clickAddCategoryButton","status":"passed","stage":"finished","start":1532343358718,"stop":1532343358804,"steps":[{"name":"clickWithJS","status":"passed","stage":"finished","start":1532343358768,"stop":1532343358804,"parameters":[{"name":"element","value":"[[ChromeDriver: chrome on XP (b52b06c283b24482556755ea77b9d55e)] -> xpath: //div[@class='dropdown-toggle btn-add-category']]"}]}]},{"name":"setCategory","status":"passed","stage":"finished","start":1532343358805,"stop":1532343358972,"parameters":[{"name":"category","value":"Test Category"}]},{"name":"clickSubmitCategoryButton","status":"passed","stage":"finished","start":1532343358973,"stop":1532343360209,"steps":[{"name":"waitForLoading","status":"passed","stage":"finished","start":1532343359156,"stop":1532343360055}]},{"name":"clickAddAttributeButtonForCategory","status":"passed","stage":"finished","start":1532343360210,"stop":1532343360408,"parameters":[{"name":"name","value":"Test Category"}]},{"name":"fillNotAutomatedAttributeFields","status":"passed","stage":"finished","start":1532343360409,"stop":1532343361753,"parameters":[{"name":"name","value":"Manual attribute"},{"name":"dataType","value":"String"}]},{"name":"clickAddAttributeButton","status":"passed","stage":"finished","start":1532343361753,"stop":1532343363251,"steps":[{"name":"waitForLoading","status":"passed","stage":"finished","start":1532343361920,"stop":1532343362510},{"name":"closeNotification","status":"passed","stage":"finished","start":1532343362510,"stop":1532343363251}]},{"name":"clickClientSegmentsSubmenu","status":"passed","stage":"finished","start":1532343363251,"stop":1532343366029,"steps":[{"name":"clickSubMenu","status":"passed","stage":"finished","start":1532343363298,"stop":1532343363480,"parameters":[{"name":"submenu","value":"[[ChromeDriver: chrome on XP (b52b06c283b24482556755ea77b9d55e)] -> xpath: //span[text()='Client Segments']]"}]},{"name":"waitForLoading","status":"passed","stage":"finished","start":1532343363480,"stop":1532343365921}]},{"name":"searchClientSegment","status":"passed","stage":"finished","start":1532343366030,"stop":1532343372012,"steps":[{"name":"refreshPage","status":"passed","stage":"finished","start":1532343366030,"stop":1532343371001,"steps":[{"name":"waitABit","status":"passed","stage":"finished","start":1532343367000,"stop":1532343371001,"parameters":[{"name":"milliseconds","value":"4000"}]}]},{"name":"clickSearch","status":"passed","stage":"finished","start":1532343371239,"stop":1532343371973}],"parameters":[{"name":"client","value":"CompanyAutomation"}]},{"name":"expandAttributesList","status":"passed","stage":"finished","start":1532343372012,"stop":1532343372202,"parameters":[{"name":"name","value":"CompanyAutomation"}]},{"name":"setAttributeValue","status":"passed","stage":"finished","start":1532343372202,"stop":1532343373844,"steps":[{"name":"waitForLoading","status":"passed","stage":"finished","start":1532343372739,"stop":1532343373844}],"parameters":[{"name":"attributeName","value":"Manual attribute"},{"name":"attributeValue","value":"15"}]},{"name":"checkAttributeValue","status":"passed","stage":"finished","start":1532343373844,"stop":1532343374449,"steps":[{"name":"waitABit","status":"passed","stage":"finished","start":1532343373844,"stop":1532343374345,"parameters":[{"name":"milliseconds","value":"500"}]}],"parameters":[{"name":"attName","value":"Manual attribute"},{"name":"attValue","value":"15"}]},{"name":"clickClientManagement","status":"failed","statusDetails":{"known":false,"muted":false,"flaky":false,"message":"The menu has not been displayed!","trace":"java.lang.AssertionError: The menu has not been displayed!\r\n\tat org.testng.Assert.fail(Assert.java:85)\r\n\tat com.cyberiansoft.test.inhouse.pageObject.LeftMenuPanel.clickMenu_aroundBody0(LeftMenuPanel.java:73)\r\n\tat com.cyberiansoft.test.inhouse.pageObject.LeftMenuPanel$AjcClosure1.run(LeftMenuPanel.java:1)\r\n\tat org.aspectj.runtime.reflect.JoinPointImpl.proceed(JoinPointImpl.java:149)\r\n\tat io.qameta.allure.aspects.StepsAspects.step(StepsAspects.java:51)\r\n\tat com.cyberiansoft.test.inhouse.pageObject.LeftMenuPanel.clickMenu(LeftMenuPanel.java:71)\r\n\tat com.cyberiansoft.test.inhouse.pageObject.LeftMenuPanel.clickClientManagement_aroundBody4(LeftMenuPanel.java:92)\r\n\tat com.cyberiansoft.test.inhouse.pageObject.LeftMenuPanel$AjcClosure5.run(LeftMenuPanel.java:1)\r\n\tat org.aspectj.runtime.reflect.JoinPointImpl.proceed(JoinPointImpl.java:149)\r\n\tat io.qameta.allure.aspects.StepsAspects.step(StepsAspects.java:51)\r\n\tat com.cyberiansoft.test.inhouse.pageObject.LeftMenuPanel.clickClientManagement(LeftMenuPanel.java:92)\r\n\tat com.cyberiansoft.test.inhouse.testcases.TeamPortalCategoriesTestCases.testUserCanManualAttribute(TeamPortalCategoriesTestCases.java:112)\r\n\tat sun.reflect.NativeMethodAccessorImpl.invoke0(Native Method)\r\n\tat sun.reflect.NativeMethodAccessorImpl.invoke(NativeMethodAccessorImpl.java:62)\r\n\tat sun.reflect.DelegatingMethodAccessorImpl.invoke(DelegatingMethodAccessorImpl.java:43)\r\n\tat java.lang.reflect.Method.invoke(Method.java:498)\r\n\tat org.testng.internal.MethodInvocationHelper.invokeMethod(MethodInvocationHelper.java:124)\r\n\tat org.testng.internal.Invoker.invokeMethod(Invoker.java:583)\r\n\tat org.testng.internal.Invoker.invokeTestMethod(Invoker.java:719)\r\n\tat org.testng.internal.Invoker.invokeTestMethods(Invoker.java:989)\r\n\tat org.testng.internal.TestMethodWorker.invokeTestMethods(TestMethodWorker.java:125)\r\n\tat org.testng.internal.TestMethodWorker.run(TestMethodWorker.java:109)\r\n\tat org.testng.TestRunner.privateRun(TestRunner.java:648)\r\n\tat org.testng.TestRunner.run(TestRunner.java:505)\r\n\tat org.testng.SuiteRunner.runTest(SuiteRunner.java:455)\r\n\tat org.testng.SuiteRunner.runSequentially(SuiteRunner.java:450)\r\n\tat org.testng.SuiteRunner.privateRun(SuiteRunner.java:415)\r\n\tat org.testng.SuiteRunner.run(SuiteRunner.java:364)\r\n\tat org.testng.SuiteRunnerWorker.runSuite(SuiteRunnerWorker.java:52)\r\n\tat org.testng.SuiteRunnerWorker.run(SuiteRunnerWorker.java:84)\r\n\tat org.testng.TestNG.runSuitesSequentially(TestNG.java:1208)\r\n\tat org.testng.TestNG.runSuitesLocally(TestNG.java:1137)\r\n\tat org.testng.TestNG.runSuites(TestNG.java:1049)\r\n\tat org.testng.TestNG.run(TestNG.java:1017)\r\n\tat org.testng.IDEARemoteTestNG.run(IDEARemoteTestNG.java:72)\r\n\tat org.testng.RemoteTestNGStarter.main(RemoteTestNGStarter.java:123)\r\nCaused by: org.openqa.selenium.TimeoutException: Expected condition failed: waiting for element to be clickable: Proxy element for: DefaultElementLocator 'By.xpath: //span[text()='Client Management']' (tried for 60 second(s) with 250 milliseconds interval)\r\n\tat org.openqa.selenium.support.ui.WebDriverWait.timeoutException(WebDriverWait.java:81)\r\n\tat org.openqa.selenium.support.ui.FluentWait.until(FluentWait.java:271)\r\n\tat com.cyberiansoft.test.inhouse.pageObject.LeftMenuPanel.clickMenu_aroundBody0(LeftMenuPanel.java:71)\r\n\t... 34 more\r\nCaused by: org.openqa.selenium.NoSuchElementException: no such element: Unable to locate element: {\"method\":\"xpath\",\"selector\":\"//span[text()='Client Management']\"}\n  (Session info: chrome=67.0.3396.99)\n  (Driver info: chromedriver=2.40.565498 (ea082db3280dd6843ebfb08a625e3eb905c4f5ab),platform=Windows NT 10.0.17134 x86_64) (WARNING: The server did not provide any stacktrace information)\nCommand duration or timeout: 0 milliseconds\nFor documentation on this error, please visit: http://seleniumhq.org/exceptions/no_such_element.html\nBuild info: version: '3.12.0', revision: '7c6e0b3', time: '2018-05-08T14:04:26.12Z'\nSystem info: host: 'DESKTOP-RNHDCNI', ip: '46.255.33.32', os.name: 'Windows 10', os.arch: 'amd64', os.version: '10.0', java.version: '1.8.0_161'\nDriver info: org.openqa.selenium.chrome.ChromeDriver\nCapabilities {acceptInsecureCerts: false, acceptSslCerts: false, applicationCacheEnabled: false, browserConnectionEnabled: false, browserName: chrome, chrome: {chromedriverVersion: 2.40.565498 (ea082db3280dd6..., userDataDir: C:\\Users\\Irene\\AppData\\Loca...}, cssSelectorsEnabled: true, databaseEnabled: false, handlesAlerts: true, hasTouchScreen: false, javascriptEnabled: true, locationContextEnabled: true, mobileEmulationEnabled: false, nativeEvents: true, networkConnectionEnabled: false, pageLoadStrategy: normal, platform: XP, platformName: XP, rotatable: false, setWindowRect: true, takesHeapSnapshot: true, takesScreenshot: true, unexpectedAlertBehaviour: , unhandledPromptBehavior: , version: 67.0.3396.99, webStorageEnabled: true}\nSession ID: b52b06c283b24482556755ea77b9d55e\n*** Element info: {Using=xpath, value=//span[text()='Client Management']}\r\n\tat sun.reflect.NativeConstructorAccessorImpl.newInstance0(Native Method)\r\n\tat sun.reflect.NativeConstructorAccessorImpl.newInstance(NativeConstructorAccessorImpl.java:62)\r\n\tat sun.reflect.DelegatingConstructorAccessorImpl.newInstance(DelegatingConstructorAccessorImpl.java:45)\r\n\tat java.lang.reflect.Constructor.newInstance(Constructor.java:423)\r\n\tat org.openqa.selenium.remote.ErrorHandler.createThrowable(ErrorHandler.java:214)\r\n\tat org.openqa.selenium.remote.ErrorHandler.throwIfResponseFailed(ErrorHandler.java:166)\r\n\tat org.openqa.selenium.remote.http.JsonHttpResponseCodec.reconstructValue(JsonHttpResponseCodec.java:40)\r\n\tat org.openqa.selenium.remote.http.AbstractHttpResponseCodec.decode(AbstractHttpResponseCodec.java:80)\r\n\tat org.openqa.selenium.remote.http.AbstractHttpResponseCodec.decode(AbstractHttpResponseCodec.java:44)\r\n\tat org.openqa.selenium.remote.HttpCommandExecutor.execute(HttpCommandExecutor.java:158)\r\n\tat org.openqa.selenium.remote.service.DriverCommandExecutor.execute(DriverCommandExecutor.java:83)\r\n\tat org.openqa.selenium.remote.RemoteWebDriver.execute(RemoteWebDriver.java:543)\r\n\tat org.openqa.selenium.remote.RemoteWebDriver.findElement(RemoteWebDriver.java:317)\r\n\tat org.openqa.selenium.remote.RemoteWebDriver.findElementByXPath(RemoteWebDriver.java:419)\r\n\tat org.openqa.selenium.By$ByXPath.findElement(By.java:353)\r\n\tat org.openqa.selenium.remote.RemoteWebDriver.findElement(RemoteWebDriver.java:309)\r\n\tat org.openqa.selenium.support.pagefactory.DefaultElementLocator.findElement(DefaultElementLocator.java:69)\r\n\tat org.openqa.selenium.support.pagefactory.internal.LocatingElementHandler.invoke(LocatingElementHandler.java:38)\r\n\tat com.sun.proxy.$Proxy12.isDisplayed(Unknown Source)\r\n\tat org.openqa.selenium.support.ui.ExpectedConditions.elementIfVisible(ExpectedConditions.java:315)\r\n\tat org.openqa.selenium.support.ui.ExpectedConditions.access$100(ExpectedConditions.java:44)\r\n\tat org.openqa.selenium.support.ui.ExpectedConditions$10.apply(ExpectedConditions.java:301)\r\n\tat org.openqa.selenium.support.ui.ExpectedConditions$10.apply(ExpectedConditions.java:298)\r\n\tat org.openqa.selenium.support.ui.ExpectedConditions$23.apply(ExpectedConditions.java:686)\r\n\tat org.openqa.selenium.support.ui.ExpectedConditions$23.apply(ExpectedConditions.java:682)\r\n\tat org.openqa.selenium.support.ui.FluentWait.until(FluentWait.java:248)\r\n\t... 35 more\r\n"},"stage":"finished","start":1532343374454,"stop":1532343465496,"steps":[{"name":"clickMenu","status":"failed","statusDetails":{"known":false,"muted":false,"flaky":false,"message":"The menu has not been displayed!","trace":"java.lang.AssertionError: The menu has not been displayed!\r\n\tat org.testng.Assert.fail(Assert.java:85)\r\n\tat com.cyberiansoft.test.inhouse.pageObject.LeftMenuPanel.clickMenu_aroundBody0(LeftMenuPanel.java:73)\r\n\tat com.cyberiansoft.test.inhouse.pageObject.LeftMenuPanel$AjcClosure1.run(LeftMenuPanel.java:1)\r\n\tat org.aspectj.runtime.reflect.JoinPointImpl.proceed(JoinPointImpl.java:149)\r\n\tat io.qameta.allure.aspects.StepsAspects.step(StepsAspects.java:51)\r\n\tat com.cyberiansoft.test.inhouse.pageObject.LeftMenuPanel.clickMenu(LeftMenuPanel.java:71)\r\n\tat com.cyberiansoft.test.inhouse.pageObject.LeftMenuPanel.clickClientManagement_aroundBody4(LeftMenuPanel.java:92)\r\n\tat com.cyberiansoft.test.inhouse.pageObject.LeftMenuPanel$AjcClosure5.run(LeftMenuPanel.java:1)\r\n\tat org.aspectj.runtime.reflect.JoinPointImpl.proceed(JoinPointImpl.java:149)\r\n\tat io.qameta.allure.aspects.StepsAspects.step(StepsAspects.java:51)\r\n\tat com.cyberiansoft.test.inhouse.pageObject.LeftMenuPanel.clickClientManagement(LeftMenuPanel.java:92)\r\n\tat com.cyberiansoft.test.inhouse.testcases.TeamPortalCategoriesTestCases.testUserCanManualAttribute(TeamPortalCategoriesTestCases.java:112)\r\n\tat sun.reflect.NativeMethodAccessorImpl.invoke0(Native Method)\r\n\tat sun.reflect.NativeMethodAccessorImpl.invoke(NativeMethodAccessorImpl.java:62)\r\n\tat sun.reflect.DelegatingMethodAccessorImpl.invoke(DelegatingMethodAccessorImpl.java:43)\r\n\tat java.lang.reflect.Method.invoke(Method.java:498)\r\n\tat org.testng.internal.MethodInvocationHelper.invokeMethod(MethodInvocationHelper.java:124)\r\n\tat org.testng.internal.Invoker.invokeMethod(Invoker.java:583)\r\n\tat org.testng.internal.Invoker.invokeTestMethod(Invoker.java:719)\r\n\tat org.testng.internal.Invoker.invokeTestMethods(Invoker.java:989)\r\n\tat org.testng.internal.TestMethodWorker.invokeTestMethods(TestMethodWorker.java:125)\r\n\tat org.testng.internal.TestMethodWorker.run(TestMethodWorker.java:109)\r\n\tat org.testng.TestRunner.privateRun(TestRunner.java:648)\r\n\tat org.testng.TestRunner.run(TestRunner.java:505)\r\n\tat org.testng.SuiteRunner.runTest(SuiteRunner.java:455)\r\n\tat org.testng.SuiteRunner.runSequentially(SuiteRunner.java:450)\r\n\tat org.testng.SuiteRunner.privateRun(SuiteRunner.java:415)\r\n\tat org.testng.SuiteRunner.run(SuiteRunner.java:364)\r\n\tat org.testng.SuiteRunnerWorker.runSuite(SuiteRunnerWorker.java:52)\r\n\tat org.testng.SuiteRunnerWorker.run(SuiteRunnerWorker.java:84)\r\n\tat org.testng.TestNG.runSuitesSequentially(TestNG.java:1208)\r\n\tat org.testng.TestNG.runSuitesLocally(TestNG.java:1137)\r\n\tat org.testng.TestNG.runSuites(TestNG.java:1049)\r\n\tat org.testng.TestNG.run(TestNG.java:1017)\r\n\tat org.testng.IDEARemoteTestNG.run(IDEARemoteTestNG.java:72)\r\n\tat org.testng.RemoteTestNGStarter.main(RemoteTestNGStarter.java:123)\r\nCaused by: org.openqa.selenium.TimeoutException: Expected condition failed: waiting for element to be clickable: Proxy element for: DefaultElementLocator 'By.xpath: //span[text()='Client Management']' (tried for 60 second(s) with 250 milliseconds interval)\r\n\tat org.openqa.selenium.support.ui.WebDriverWait.timeoutException(WebDriverWait.java:81)\r\n\tat org.openqa.selenium.support.ui.FluentWait.until(FluentWait.java:271)\r\n\tat com.cyberiansoft.test.inhouse.pageObject.LeftMenuPanel.clickMenu_aroundBody0(LeftMenuPanel.java:71)\r\n\t... 34 more\r\nCaused by: org.openqa.selenium.NoSuchElementException: no such element: Unable to locate element: {\"method\":\"xpath\",\"selector\":\"//span[text()='Client Management']\"}\n  (Session info: chrome=67.0.3396.99)\n  (Driver info: chromedriver=2.40.565498 (ea082db3280dd6843ebfb08a625e3eb905c4f5ab),platform=Windows NT 10.0.17134 x86_64) (WARNING: The server did not provide any stacktrace information)\nCommand duration or timeout: 0 milliseconds\nFor documentation on this error, please visit: http://seleniumhq.org/exceptions/no_such_element.html\nBuild info: version: '3.12.0', revision: '7c6e0b3', time: '2018-05-08T14:04:26.12Z'\nSystem info: host: 'DESKTOP-RNHDCNI', ip: '46.255.33.32', os.name: 'Windows 10', os.arch: 'amd64', os.version: '10.0', java.version: '1.8.0_161'\nDriver info: org.openqa.selenium.chrome.ChromeDriver\nCapabilities {acceptInsecureCerts: false, acceptSslCerts: false, applicationCacheEnabled: false, browserConnectionEnabled: false, browserName: chrome, chrome: {chromedriverVersion: 2.40.565498 (ea082db3280dd6..., userDataDir: C:\\Users\\Irene\\AppData\\Loca...}, cssSelectorsEnabled: true, databaseEnabled: false, handlesAlerts: true, hasTouchScreen: false, javascriptEnabled: true, locationContextEnabled: true, mobileEmulationEnabled: false, nativeEvents: true, networkConnectionEnabled: false, pageLoadStrategy: normal, platform: XP, platformName: XP, rotatable: false, setWindowRect: true, takesHeapSnapshot: true, takesScreenshot: true, unexpectedAlertBehaviour: , unhandledPromptBehavior: , version: 67.0.3396.99, webStorageEnabled: true}\nSession ID: b52b06c283b24482556755ea77b9d55e\n*** Element info: {Using=xpath, value=//span[text()='Client Management']}\r\n\tat sun.reflect.NativeConstructorAccessorImpl.newInstance0(Native Method)\r\n\tat sun.reflect.NativeConstructorAccessorImpl.newInstance(NativeConstructorAccessorImpl.java:62)\r\n\tat sun.reflect.DelegatingConstructorAccessorImpl.newInstance(DelegatingConstructorAccessorImpl.java:45)\r\n\tat java.lang.reflect.Constructor.newInstance(Constructor.java:423)\r\n\tat org.openqa.selenium.remote.ErrorHandler.createThrowable(ErrorHandler.java:214)\r\n\tat org.openqa.selenium.remote.ErrorHandler.throwIfResponseFailed(ErrorHandler.java:166)\r\n\tat org.openqa.selenium.remote.http.JsonHttpResponseCodec.reconstructValue(JsonHttpResponseCodec.java:40)\r\n\tat org.openqa.selenium.remote.http.AbstractHttpResponseCodec.decode(AbstractHttpResponseCodec.java:80)\r\n\tat org.openqa.selenium.remote.http.AbstractHttpResponseCodec.decode(AbstractHttpResponseCodec.java:44)\r\n\tat org.openqa.selenium.remote.HttpCommandExecutor.execute(HttpCommandExecutor.java:158)\r\n\tat org.openqa.selenium.remote.service.DriverCommandExecutor.execute(DriverCommandExecutor.java:83)\r\n\tat org.openqa.selenium.remote.RemoteWebDriver.execute(RemoteWebDriver.java:543)\r\n\tat org.openqa.selenium.remote.RemoteWebDriver.findElement(RemoteWebDriver.java:317)\r\n\tat org.openqa.selenium.remote.RemoteWebDriver.findElementByXPath(RemoteWebDriver.java:419)\r\n\tat org.openqa.selenium.By$ByXPath.findElement(By.java:353)\r\n\tat org.openqa.selenium.remote.RemoteWebDriver.findElement(RemoteWebDriver.java:309)\r\n\tat org.openqa.selenium.support.pagefactory.DefaultElementLocator.findElement(DefaultElementLocator.java:69)\r\n\tat org.openqa.selenium.support.pagefactory.internal.LocatingElementHandler.invoke(LocatingElementHandler.java:38)\r\n\tat com.sun.proxy.$Proxy12.isDisplayed(Unknown Source)\r\n\tat org.openqa.selenium.support.ui.ExpectedConditions.elementIfVisible(ExpectedConditions.java:315)\r\n\tat org.openqa.selenium.support.ui.ExpectedConditions.access$100(ExpectedConditions.java:44)\r\n\tat org.openqa.selenium.support.ui.ExpectedConditions$10.apply(ExpectedConditions.java:301)\r\n\tat org.openqa.selenium.support.ui.ExpectedConditions$10.apply(ExpectedConditions.java:298)\r\n\tat org.openqa.selenium.support.ui.ExpectedConditions$23.apply(ExpectedConditions.java:686)\r\n\tat org.openqa.selenium.support.ui.ExpectedConditions$23.apply(ExpectedConditions.java:682)\r\n\tat org.openqa.selenium.support.ui.FluentWait.until(FluentWait.java:248)\r\n\t... 35 more\r\n"},"stage":"finished","start":1532343389469,"stop":1532343465496,"parameters":[{"name":"menu","value":"Proxy element for: DefaultElementLocator 'By.xpath: //span[text()='Client Management']'"}]}]}],"parameters":[{"name":"arg0","value":"testUserCanManualAttribute.01"},{"name":"arg1","value":"Test Case 59881:Verify manual attribute"},{"name":"arg2","value":"{\"zip\":\"123AB\",\"country\":\"United States\",\"lastName\":\"User\",\"address\":\"Address 1\",\"address2\":\"Address 2\",\"city\":\"LA\",\"attributeValue\":\"15\",\"dataType\":\"String\",\"description\":\"Test Case 59881:Verify manual attribute\",\"title\":\"Job title\",\"rowID\":\"testUserCanManualAttribute.01\",\"firstName\":\"Test\",\"name\":\"CompanyAutomation\",\"nickname\":\"Nock for company\",\"attributeName\":\"Manual attribute\",\"state\":\"California\",\"businessPhone\":\"+380963665214\",\"category\":\"Test Category\",\"cellPhone\":\"+380963665214\"}"}]}