{"uuid":"916e5c9a-c450-45da-ad28-c5fa53526bbd","historyId":"3718572b6c0324c46013aa658e684842","fullName":"com.cyberiansoft.test.inhouse.testcases.TeamPortalUserTestCases.testUserCanSendNotifications","labels":[{"name":"package","value":"com.cyberiansoft.test.inhouse.testcases.TeamPortalUserTestCases"},{"name":"testClass","value":"com.cyberiansoft.test.inhouse.testcases.TeamPortalUserTestCases"},{"name":"testMethod","value":"testUserCanSendNotifications"},{"name":"parentSuite","value":"Default Suite"},{"name":"suite","value":"TestAutomationProject"},{"name":"subSuite","value":"com.cyberiansoft.test.inhouse.testcases.TeamPortalUserTestCases"},{"name":"host","value":"DESKTOP-RNHDCNI"},{"name":"thread","value":"12044@DESKTOP-RNHDCNI.main(1)"}],"links":[],"name":"testUserCanSendNotifications","status":"failed","statusDetails":{"known":false,"muted":false,"flaky":false,"message":"The submenu has not been clicked!","trace":"java.lang.AssertionError: The submenu has not been clicked!\r\n\tat org.testng.Assert.fail(Assert.java:85)\r\n\tat com.cyberiansoft.test.inhouse.pageObject.LeftMenuPanel.clickSubMenu_aroundBody2(LeftMenuPanel.java:85)\r\n\tat com.cyberiansoft.test.inhouse.pageObject.LeftMenuPanel$AjcClosure3.run(LeftMenuPanel.java:1)\r\n\tat org.aspectj.runtime.reflect.JoinPointImpl.proceed(JoinPointImpl.java:149)\r\n\tat io.qameta.allure.aspects.StepsAspects.step(StepsAspects.java:51)\r\n\tat com.cyberiansoft.test.inhouse.pageObject.LeftMenuPanel.clickSubMenu(LeftMenuPanel.java:83)\r\n\tat com.cyberiansoft.test.inhouse.pageObject.LeftMenuPanel.clickClientQuotesSubmenu_aroundBody12(LeftMenuPanel.java:138)\r\n\tat com.cyberiansoft.test.inhouse.pageObject.LeftMenuPanel$AjcClosure13.run(LeftMenuPanel.java:1)\r\n\tat org.aspectj.runtime.reflect.JoinPointImpl.proceed(JoinPointImpl.java:149)\r\n\tat io.qameta.allure.aspects.StepsAspects.step(StepsAspects.java:51)\r\n\tat com.cyberiansoft.test.inhouse.pageObject.LeftMenuPanel.clickClientQuotesSubmenu(LeftMenuPanel.java:138)\r\n\tat com.cyberiansoft.test.inhouse.testcases.TeamPortalUserTestCases.testUserCanSendNotifications(TeamPortalUserTestCases.java:129)\r\n\tat sun.reflect.NativeMethodAccessorImpl.invoke0(Native Method)\r\n\tat sun.reflect.NativeMethodAccessorImpl.invoke(NativeMethodAccessorImpl.java:62)\r\n\tat sun.reflect.DelegatingMethodAccessorImpl.invoke(DelegatingMethodAccessorImpl.java:43)\r\n\tat java.lang.reflect.Method.invoke(Method.java:498)\r\n\tat org.testng.internal.MethodInvocationHelper.invokeMethod(MethodInvocationHelper.java:124)\r\n\tat org.testng.internal.Invoker.invokeMethod(Invoker.java:583)\r\n\tat org.testng.internal.Invoker.invokeTestMethod(Invoker.java:719)\r\n\tat org.testng.internal.Invoker.invokeTestMethods(Invoker.java:989)\r\n\tat org.testng.internal.TestMethodWorker.invokeTestMethods(TestMethodWorker.java:125)\r\n\tat org.testng.internal.TestMethodWorker.run(TestMethodWorker.java:109)\r\n\tat org.testng.TestRunner.privateRun(TestRunner.java:648)\r\n\tat org.testng.TestRunner.run(TestRunner.java:505)\r\n\tat org.testng.SuiteRunner.runTest(SuiteRunner.java:455)\r\n\tat org.testng.SuiteRunner.runSequentially(SuiteRunner.java:450)\r\n\tat org.testng.SuiteRunner.privateRun(SuiteRunner.java:415)\r\n\tat org.testng.SuiteRunner.run(SuiteRunner.java:364)\r\n\tat org.testng.SuiteRunnerWorker.runSuite(SuiteRunnerWorker.java:52)\r\n\tat org.testng.SuiteRunnerWorker.run(SuiteRunnerWorker.java:84)\r\n\tat org.testng.TestNG.runSuitesSequentially(TestNG.java:1208)\r\n\tat org.testng.TestNG.runSuitesLocally(TestNG.java:1137)\r\n\tat org.testng.TestNG.runSuites(TestNG.java:1049)\r\n\tat org.testng.TestNG.run(TestNG.java:1017)\r\n\tat org.testng.IDEARemoteTestNG.run(IDEARemoteTestNG.java:72)\r\n\tat org.testng.RemoteTestNGStarter.main(RemoteTestNGStarter.java:123)\r\nCaused by: org.openqa.selenium.TimeoutException: Expected condition failed: waiting for element to be clickable: Proxy element for: DefaultElementLocator 'By.xpath: //span[text()='Client Quotes']' (tried for 60 second(s) with 250 milliseconds interval)\r\n\tat org.openqa.selenium.support.ui.WebDriverWait.timeoutException(WebDriverWait.java:81)\r\n\tat org.openqa.selenium.support.ui.FluentWait.until(FluentWait.java:271)\r\n\tat com.cyberiansoft.test.inhouse.pageObject.LeftMenuPanel.clickSubMenu_aroundBody2(LeftMenuPanel.java:83)\r\n\t... 34 more\r\nCaused by: org.openqa.selenium.NoSuchElementException: no such element: Unable to locate element: {\"method\":\"xpath\",\"selector\":\"//span[text()='Client Quotes']\"}\n  (Session info: chrome=67.0.3396.99)\n  (Driver info: chromedriver=2.40.565498 (ea082db3280dd6843ebfb08a625e3eb905c4f5ab),platform=Windows NT 10.0.17134 x86_64) (WARNING: The server did not provide any stacktrace information)\nCommand duration or timeout: 0 milliseconds\nFor documentation on this error, please visit: http://seleniumhq.org/exceptions/no_such_element.html\nBuild info: version: '3.12.0', revision: '7c6e0b3', time: '2018-05-08T14:04:26.12Z'\nSystem info: host: 'DESKTOP-RNHDCNI', ip: '46.255.33.32', os.name: 'Windows 10', os.arch: 'amd64', os.version: '10.0', java.version: '1.8.0_161'\nDriver info: org.openqa.selenium.chrome.ChromeDriver\nCapabilities {acceptInsecureCerts: false, acceptSslCerts: false, applicationCacheEnabled: false, browserConnectionEnabled: false, browserName: chrome, chrome: {chromedriverVersion: 2.40.565498 (ea082db3280dd6..., userDataDir: C:\\Users\\Irene\\AppData\\Loca...}, cssSelectorsEnabled: true, databaseEnabled: false, handlesAlerts: true, hasTouchScreen: false, javascriptEnabled: true, locationContextEnabled: true, mobileEmulationEnabled: false, nativeEvents: true, networkConnectionEnabled: false, pageLoadStrategy: normal, platform: XP, platformName: XP, rotatable: false, setWindowRect: true, takesHeapSnapshot: true, takesScreenshot: true, unexpectedAlertBehaviour: , unhandledPromptBehavior: , version: 67.0.3396.99, webStorageEnabled: true}\nSession ID: 2d2020291d002167fa02eb9925f2e9ad\n*** Element info: {Using=xpath, value=//span[text()='Client Quotes']}\r\n\tat sun.reflect.NativeConstructorAccessorImpl.newInstance0(Native Method)\r\n\tat sun.reflect.NativeConstructorAccessorImpl.newInstance(NativeConstructorAccessorImpl.java:62)\r\n\tat sun.reflect.DelegatingConstructorAccessorImpl.newInstance(DelegatingConstructorAccessorImpl.java:45)\r\n\tat java.lang.reflect.Constructor.newInstance(Constructor.java:423)\r\n\tat org.openqa.selenium.remote.ErrorHandler.createThrowable(ErrorHandler.java:214)\r\n\tat org.openqa.selenium.remote.ErrorHandler.throwIfResponseFailed(ErrorHandler.java:166)\r\n\tat org.openqa.selenium.remote.http.JsonHttpResponseCodec.reconstructValue(JsonHttpResponseCodec.java:40)\r\n\tat org.openqa.selenium.remote.http.AbstractHttpResponseCodec.decode(AbstractHttpResponseCodec.java:80)\r\n\tat org.openqa.selenium.remote.http.AbstractHttpResponseCodec.decode(AbstractHttpResponseCodec.java:44)\r\n\tat org.openqa.selenium.remote.HttpCommandExecutor.execute(HttpCommandExecutor.java:158)\r\n\tat org.openqa.selenium.remote.service.DriverCommandExecutor.execute(DriverCommandExecutor.java:83)\r\n\tat org.openqa.selenium.remote.RemoteWebDriver.execute(RemoteWebDriver.java:543)\r\n\tat org.openqa.selenium.remote.RemoteWebDriver.findElement(RemoteWebDriver.java:317)\r\n\tat org.openqa.selenium.remote.RemoteWebDriver.findElementByXPath(RemoteWebDriver.java:419)\r\n\tat org.openqa.selenium.By$ByXPath.findElement(By.java:353)\r\n\tat org.openqa.selenium.remote.RemoteWebDriver.findElement(RemoteWebDriver.java:309)\r\n\tat org.openqa.selenium.support.pagefactory.DefaultElementLocator.findElement(DefaultElementLocator.java:69)\r\n\tat org.openqa.selenium.support.pagefactory.internal.LocatingElementHandler.invoke(LocatingElementHandler.java:38)\r\n\tat com.sun.proxy.$Proxy12.isDisplayed(Unknown Source)\r\n\tat org.openqa.selenium.support.ui.ExpectedConditions.elementIfVisible(ExpectedConditions.java:315)\r\n\tat org.openqa.selenium.support.ui.ExpectedConditions.access$100(ExpectedConditions.java:44)\r\n\tat org.openqa.selenium.support.ui.ExpectedConditions$10.apply(ExpectedConditions.java:301)\r\n\tat org.openqa.selenium.support.ui.ExpectedConditions$10.apply(ExpectedConditions.java:298)\r\n\tat org.openqa.selenium.support.ui.ExpectedConditions$23.apply(ExpectedConditions.java:686)\r\n\tat org.openqa.selenium.support.ui.ExpectedConditions$23.apply(ExpectedConditions.java:682)\r\n\tat org.openqa.selenium.support.ui.FluentWait.until(FluentWait.java:248)\r\n\t... 35 more\r\n"},"stage":"finished","start":1532350744019,"stop":1532351023509,"steps":[{"name":"clickSalesQuotes","status":"passed","stage":"finished","start":1532350744766,"stop":1532350746044,"steps":[{"name":"clickMenu","status":"passed","stage":"finished","start":1532350745886,"stop":1532350746044,"parameters":[{"name":"menu","value":"[[ChromeDriver: chrome on XP (2d2020291d002167fa02eb9925f2e9ad)] -> xpath: //span[text()='Sales Quotes']]"}]}]},{"name":"clickSignedAgreements","status":"passed","stage":"finished","start":1532350746044,"stop":1532350763231,"steps":[{"name":"clickSubMenu","status":"passed","stage":"finished","start":1532350746073,"stop":1532350746540,"parameters":[{"name":"submenu","value":"[[ChromeDriver: chrome on XP (2d2020291d002167fa02eb9925f2e9ad)] -> xpath: //span[text()='Signed Agreements']]"}]},{"name":"waitForLoading","status":"passed","stage":"finished","start":1532350746541,"stop":1532350763105,"steps":[{"name":"waitABit","status":"passed","stage":"finished","start":1532350761604,"stop":1532350763105,"parameters":[{"name":"milliseconds","value":"1500"}]}]}]},{"name":"searchUser","status":"passed","stage":"finished","start":1532350763232,"stop":1532350833116,"parameters":[{"name":"searchValue","value":"CompanyAutomation"}]},{"name":"deleteUsers","status":"passed","stage":"finished","start":1532350833117,"stop":1532350924135,"steps":[{"name":"deleteParameters","status":"passed","stage":"finished","start":1532350863189,"stop":1532350924135,"parameters":[{"name":"deleteParameter","value":"CompanyAutomation"}]}],"parameters":[{"name":"deleteParameter","value":"CompanyAutomation"}]},{"name":"clickAddClientButton","status":"passed","stage":"finished","start":1532350924135,"stop":1532350924315},{"name":"fillNewClientProfile","status":"passed","stage":"finished","start":1532350924315,"stop":1532350927222,"steps":[{"name":"setNewClientName","status":"passed","stage":"finished","start":1532350924387,"stop":1532350925144,"parameters":[{"name":"name","value":"CompanyAutomation"}]},{"name":"setNewClientNickName","status":"passed","stage":"finished","start":1532350925145,"stop":1532350925343,"parameters":[{"name":"name","value":"Nock for company"}]},{"name":"setNewClientAddress","status":"passed","stage":"finished","start":1532350925343,"stop":1532350925498,"parameters":[{"name":"address","value":"Address 1"}]},{"name":"setNewClientAddress2","status":"passed","stage":"finished","start":1532350925499,"stop":1532350925627,"parameters":[{"name":"address2","value":"Address 2"}]},{"name":"setNewClientZip","status":"passed","stage":"finished","start":1532350925627,"stop":1532350925744,"parameters":[{"name":"zip","value":"123AB"}]},{"name":"setNewClientCountry","status":"passed","stage":"finished","start":1532350925744,"stop":1532350925917,"parameters":[{"name":"country","value":"United States"}]},{"name":"setNewClientCity","status":"passed","stage":"finished","start":1532350925918,"stop":1532350926020,"parameters":[{"name":"city","value":"LA"}]},{"name":"setNewClientBusinessPhone","status":"passed","stage":"finished","start":1532350926020,"stop":1532350926191,"parameters":[{"name":"businessPhone","value":"+380963665214"}]},{"name":"setNewClientCellPhone","status":"passed","stage":"finished","start":1532350926192,"stop":1532350926400,"parameters":[{"name":"cellPhone","value":"+380963665214"}]},{"name":"setNewClientFirstName","status":"passed","stage":"finished","start":1532350926400,"stop":1532350926561,"parameters":[{"name":"firstName","value":"Test"}]},{"name":"setNewClientLastName","status":"passed","stage":"finished","start":1532350926562,"stop":1532350926724,"parameters":[{"name":"lastName","value":"User"}]},{"name":"setNewClientTitle","status":"passed","stage":"finished","start":1532350926724,"stop":1532350926883,"parameters":[{"name":"title","value":"Job title"}]},{"name":"setNewClientEmail","status":"passed","stage":"finished","start":1532350926884,"stop":1532350927222,"parameters":[{"name":"email","value":"test.cyberiansoft@gmail.com"}]}],"parameters":[{"name":"name","value":"CompanyAutomation"},{"name":"nickname","value":"Nock for company"},{"name":"address","value":"Address 1"},{"name":"address2","value":"Address 2"},{"name":"zip","value":"123AB"},{"name":"country","value":"United States"},{"name":"state","value":"California"},{"name":"city","value":"LA"},{"name":"businessPhone","value":"+380963665214"},{"name":"cellPhone","value":"+380963665214"},{"name":"firstName","value":"Test"},{"name":"lastName","value":"User"},{"name":"title","value":"Job title"},{"name":"email","value":"test.cyberiansoft@gmail.com"}]},{"name":"clickConfirmNewClientButton","status":"passed","stage":"finished","start":1532350927222,"stop":1532350928791},{"name":"isUserCreated","status":"passed","stage":"finished","start":1532350928791,"stop":1532350929801,"steps":[{"name":"searchUser","status":"passed","stage":"finished","start":1532350928791,"stop":1532350929791,"steps":[{"name":"clickWithJS","status":"passed","stage":"finished","start":1532350929131,"stop":1532350929168,"parameters":[{"name":"element","value":"[[ChromeDriver: chrome on XP (2d2020291d002167fa02eb9925f2e9ad)] -> id: btnSearch]"}]},{"name":"waitForProcessing","status":"passed","stage":"finished","start":1532350929169,"stop":1532350929791}],"parameters":[{"name":"searchValue","value":"CompanyAutomation"}]}],"parameters":[{"name":"verifyParameter","value":"CompanyAutomation"}]},{"name":"clickAddAgreementBTN","status":"passed","stage":"finished","start":1532350929806,"stop":1532350930016,"parameters":[{"name":"agreementIdentifier","value":"CompanyAutomation"}]},{"name":"setAgreement","status":"passed","stage":"finished","start":1532350930016,"stop":1532350932446,"steps":[{"name":"setAgreementName","status":"passed","stage":"finished","start":1532350930017,"stop":1532350930606,"parameters":[{"name":"name","value":"First agreement"}]},{"name":"selectEdition","status":"passed","stage":"finished","start":1532350930606,"stop":1532350930756,"parameters":[{"name":"edition","value":"Repair360 FREE"}]},{"name":"saveAgreement","status":"passed","stage":"finished","start":1532350930756,"stop":1532350930879}],"parameters":[{"name":"agreement","value":"First agreement"},{"name":"team","value":"Repair360 FREE"}]},{"name":"clickClientQuotesSubmenu","status":"failed","statusDetails":{"known":false,"muted":false,"flaky":false,"message":"The submenu has not been clicked!","trace":"java.lang.AssertionError: The submenu has not been clicked!\r\n\tat org.testng.Assert.fail(Assert.java:85)\r\n\tat com.cyberiansoft.test.inhouse.pageObject.LeftMenuPanel.clickSubMenu_aroundBody2(LeftMenuPanel.java:85)\r\n\tat com.cyberiansoft.test.inhouse.pageObject.LeftMenuPanel$AjcClosure3.run(LeftMenuPanel.java:1)\r\n\tat org.aspectj.runtime.reflect.JoinPointImpl.proceed(JoinPointImpl.java:149)\r\n\tat io.qameta.allure.aspects.StepsAspects.step(StepsAspects.java:51)\r\n\tat com.cyberiansoft.test.inhouse.pageObject.LeftMenuPanel.clickSubMenu(LeftMenuPanel.java:83)\r\n\tat com.cyberiansoft.test.inhouse.pageObject.LeftMenuPanel.clickClientQuotesSubmenu_aroundBody12(LeftMenuPanel.java:138)\r\n\tat com.cyberiansoft.test.inhouse.pageObject.LeftMenuPanel$AjcClosure13.run(LeftMenuPanel.java:1)\r\n\tat org.aspectj.runtime.reflect.JoinPointImpl.proceed(JoinPointImpl.java:149)\r\n\tat io.qameta.allure.aspects.StepsAspects.step(StepsAspects.java:51)\r\n\tat com.cyberiansoft.test.inhouse.pageObject.LeftMenuPanel.clickClientQuotesSubmenu(LeftMenuPanel.java:138)\r\n\tat com.cyberiansoft.test.inhouse.testcases.TeamPortalUserTestCases.testUserCanSendNotifications(TeamPortalUserTestCases.java:129)\r\n\tat sun.reflect.NativeMethodAccessorImpl.invoke0(Native Method)\r\n\tat sun.reflect.NativeMethodAccessorImpl.invoke(NativeMethodAccessorImpl.java:62)\r\n\tat sun.reflect.DelegatingMethodAccessorImpl.invoke(DelegatingMethodAccessorImpl.java:43)\r\n\tat java.lang.reflect.Method.invoke(Method.java:498)\r\n\tat org.testng.internal.MethodInvocationHelper.invokeMethod(MethodInvocationHelper.java:124)\r\n\tat org.testng.internal.Invoker.invokeMethod(Invoker.java:583)\r\n\tat org.testng.internal.Invoker.invokeTestMethod(Invoker.java:719)\r\n\tat org.testng.internal.Invoker.invokeTestMethods(Invoker.java:989)\r\n\tat org.testng.internal.TestMethodWorker.invokeTestMethods(TestMethodWorker.java:125)\r\n\tat org.testng.internal.TestMethodWorker.run(TestMethodWorker.java:109)\r\n\tat org.testng.TestRunner.privateRun(TestRunner.java:648)\r\n\tat org.testng.TestRunner.run(TestRunner.java:505)\r\n\tat org.testng.SuiteRunner.runTest(SuiteRunner.java:455)\r\n\tat org.testng.SuiteRunner.runSequentially(SuiteRunner.java:450)\r\n\tat org.testng.SuiteRunner.privateRun(SuiteRunner.java:415)\r\n\tat org.testng.SuiteRunner.run(SuiteRunner.java:364)\r\n\tat org.testng.SuiteRunnerWorker.runSuite(SuiteRunnerWorker.java:52)\r\n\tat org.testng.SuiteRunnerWorker.run(SuiteRunnerWorker.java:84)\r\n\tat org.testng.TestNG.runSuitesSequentially(TestNG.java:1208)\r\n\tat org.testng.TestNG.runSuitesLocally(TestNG.java:1137)\r\n\tat org.testng.TestNG.runSuites(TestNG.java:1049)\r\n\tat org.testng.TestNG.run(TestNG.java:1017)\r\n\tat org.testng.IDEARemoteTestNG.run(IDEARemoteTestNG.java:72)\r\n\tat org.testng.RemoteTestNGStarter.main(RemoteTestNGStarter.java:123)\r\nCaused by: org.openqa.selenium.TimeoutException: Expected condition failed: waiting for element to be clickable: Proxy element for: DefaultElementLocator 'By.xpath: //span[text()='Client Quotes']' (tried for 60 second(s) with 250 milliseconds interval)\r\n\tat org.openqa.selenium.support.ui.WebDriverWait.timeoutException(WebDriverWait.java:81)\r\n\tat org.openqa.selenium.support.ui.FluentWait.until(FluentWait.java:271)\r\n\tat com.cyberiansoft.test.inhouse.pageObject.LeftMenuPanel.clickSubMenu_aroundBody2(LeftMenuPanel.java:83)\r\n\t... 34 more\r\nCaused by: org.openqa.selenium.NoSuchElementException: no such element: Unable to locate element: {\"method\":\"xpath\",\"selector\":\"//span[text()='Client Quotes']\"}\n  (Session info: chrome=67.0.3396.99)\n  (Driver info: chromedriver=2.40.565498 (ea082db3280dd6843ebfb08a625e3eb905c4f5ab),platform=Windows NT 10.0.17134 x86_64) (WARNING: The server did not provide any stacktrace information)\nCommand duration or timeout: 0 milliseconds\nFor documentation on this error, please visit: http://seleniumhq.org/exceptions/no_such_element.html\nBuild info: version: '3.12.0', revision: '7c6e0b3', time: '2018-05-08T14:04:26.12Z'\nSystem info: host: 'DESKTOP-RNHDCNI', ip: '46.255.33.32', os.name: 'Windows 10', os.arch: 'amd64', os.version: '10.0', java.version: '1.8.0_161'\nDriver info: org.openqa.selenium.chrome.ChromeDriver\nCapabilities {acceptInsecureCerts: false, acceptSslCerts: false, applicationCacheEnabled: false, browserConnectionEnabled: false, browserName: chrome, chrome: {chromedriverVersion: 2.40.565498 (ea082db3280dd6..., userDataDir: C:\\Users\\Irene\\AppData\\Loca...}, cssSelectorsEnabled: true, databaseEnabled: false, handlesAlerts: true, hasTouchScreen: false, javascriptEnabled: true, locationContextEnabled: true, mobileEmulationEnabled: false, nativeEvents: true, networkConnectionEnabled: false, pageLoadStrategy: normal, platform: XP, platformName: XP, rotatable: false, setWindowRect: true, takesHeapSnapshot: true, takesScreenshot: true, unexpectedAlertBehaviour: , unhandledPromptBehavior: , version: 67.0.3396.99, webStorageEnabled: true}\nSession ID: 2d2020291d002167fa02eb9925f2e9ad\n*** Element info: {Using=xpath, value=//span[text()='Client Quotes']}\r\n\tat sun.reflect.NativeConstructorAccessorImpl.newInstance0(Native Method)\r\n\tat sun.reflect.NativeConstructorAccessorImpl.newInstance(NativeConstructorAccessorImpl.java:62)\r\n\tat sun.reflect.DelegatingConstructorAccessorImpl.newInstance(DelegatingConstructorAccessorImpl.java:45)\r\n\tat java.lang.reflect.Constructor.newInstance(Constructor.java:423)\r\n\tat org.openqa.selenium.remote.ErrorHandler.createThrowable(ErrorHandler.java:214)\r\n\tat org.openqa.selenium.remote.ErrorHandler.throwIfResponseFailed(ErrorHandler.java:166)\r\n\tat org.openqa.selenium.remote.http.JsonHttpResponseCodec.reconstructValue(JsonHttpResponseCodec.java:40)\r\n\tat org.openqa.selenium.remote.http.AbstractHttpResponseCodec.decode(AbstractHttpResponseCodec.java:80)\r\n\tat org.openqa.selenium.remote.http.AbstractHttpResponseCodec.decode(AbstractHttpResponseCodec.java:44)\r\n\tat org.openqa.selenium.remote.HttpCommandExecutor.execute(HttpCommandExecutor.java:158)\r\n\tat org.openqa.selenium.remote.service.DriverCommandExecutor.execute(DriverCommandExecutor.java:83)\r\n\tat org.openqa.selenium.remote.RemoteWebDriver.execute(RemoteWebDriver.java:543)\r\n\tat org.openqa.selenium.remote.RemoteWebDriver.findElement(RemoteWebDriver.java:317)\r\n\tat org.openqa.selenium.remote.RemoteWebDriver.findElementByXPath(RemoteWebDriver.java:419)\r\n\tat org.openqa.selenium.By$ByXPath.findElement(By.java:353)\r\n\tat org.openqa.selenium.remote.RemoteWebDriver.findElement(RemoteWebDriver.java:309)\r\n\tat org.openqa.selenium.support.pagefactory.DefaultElementLocator.findElement(DefaultElementLocator.java:69)\r\n\tat org.openqa.selenium.support.pagefactory.internal.LocatingElementHandler.invoke(LocatingElementHandler.java:38)\r\n\tat com.sun.proxy.$Proxy12.isDisplayed(Unknown Source)\r\n\tat org.openqa.selenium.support.ui.ExpectedConditions.elementIfVisible(ExpectedConditions.java:315)\r\n\tat org.openqa.selenium.support.ui.ExpectedConditions.access$100(ExpectedConditions.java:44)\r\n\tat org.openqa.selenium.support.ui.ExpectedConditions$10.apply(ExpectedConditions.java:301)\r\n\tat org.openqa.selenium.support.ui.ExpectedConditions$10.apply(ExpectedConditions.java:298)\r\n\tat org.openqa.selenium.support.ui.ExpectedConditions$23.apply(ExpectedConditions.java:686)\r\n\tat org.openqa.selenium.support.ui.ExpectedConditions$23.apply(ExpectedConditions.java:682)\r\n\tat org.openqa.selenium.support.ui.FluentWait.until(FluentWait.java:248)\r\n\t... 35 more\r\n"},"stage":"finished","start":1532350932447,"stop":1532351023489,"steps":[{"name":"clickSubMenu","status":"failed","statusDetails":{"known":false,"muted":false,"flaky":false,"message":"The submenu has not been clicked!","trace":"java.lang.AssertionError: The submenu has not been clicked!\r\n\tat org.testng.Assert.fail(Assert.java:85)\r\n\tat com.cyberiansoft.test.inhouse.pageObject.LeftMenuPanel.clickSubMenu_aroundBody2(LeftMenuPanel.java:85)\r\n\tat com.cyberiansoft.test.inhouse.pageObject.LeftMenuPanel$AjcClosure3.run(LeftMenuPanel.java:1)\r\n\tat org.aspectj.runtime.reflect.JoinPointImpl.proceed(JoinPointImpl.java:149)\r\n\tat io.qameta.allure.aspects.StepsAspects.step(StepsAspects.java:51)\r\n\tat com.cyberiansoft.test.inhouse.pageObject.LeftMenuPanel.clickSubMenu(LeftMenuPanel.java:83)\r\n\tat com.cyberiansoft.test.inhouse.pageObject.LeftMenuPanel.clickClientQuotesSubmenu_aroundBody12(LeftMenuPanel.java:138)\r\n\tat com.cyberiansoft.test.inhouse.pageObject.LeftMenuPanel$AjcClosure13.run(LeftMenuPanel.java:1)\r\n\tat org.aspectj.runtime.reflect.JoinPointImpl.proceed(JoinPointImpl.java:149)\r\n\tat io.qameta.allure.aspects.StepsAspects.step(StepsAspects.java:51)\r\n\tat com.cyberiansoft.test.inhouse.pageObject.LeftMenuPanel.clickClientQuotesSubmenu(LeftMenuPanel.java:138)\r\n\tat com.cyberiansoft.test.inhouse.testcases.TeamPortalUserTestCases.testUserCanSendNotifications(TeamPortalUserTestCases.java:129)\r\n\tat sun.reflect.NativeMethodAccessorImpl.invoke0(Native Method)\r\n\tat sun.reflect.NativeMethodAccessorImpl.invoke(NativeMethodAccessorImpl.java:62)\r\n\tat sun.reflect.DelegatingMethodAccessorImpl.invoke(DelegatingMethodAccessorImpl.java:43)\r\n\tat java.lang.reflect.Method.invoke(Method.java:498)\r\n\tat org.testng.internal.MethodInvocationHelper.invokeMethod(MethodInvocationHelper.java:124)\r\n\tat org.testng.internal.Invoker.invokeMethod(Invoker.java:583)\r\n\tat org.testng.internal.Invoker.invokeTestMethod(Invoker.java:719)\r\n\tat org.testng.internal.Invoker.invokeTestMethods(Invoker.java:989)\r\n\tat org.testng.internal.TestMethodWorker.invokeTestMethods(TestMethodWorker.java:125)\r\n\tat org.testng.internal.TestMethodWorker.run(TestMethodWorker.java:109)\r\n\tat org.testng.TestRunner.privateRun(TestRunner.java:648)\r\n\tat org.testng.TestRunner.run(TestRunner.java:505)\r\n\tat org.testng.SuiteRunner.runTest(SuiteRunner.java:455)\r\n\tat org.testng.SuiteRunner.runSequentially(SuiteRunner.java:450)\r\n\tat org.testng.SuiteRunner.privateRun(SuiteRunner.java:415)\r\n\tat org.testng.SuiteRunner.run(SuiteRunner.java:364)\r\n\tat org.testng.SuiteRunnerWorker.runSuite(SuiteRunnerWorker.java:52)\r\n\tat org.testng.SuiteRunnerWorker.run(SuiteRunnerWorker.java:84)\r\n\tat org.testng.TestNG.runSuitesSequentially(TestNG.java:1208)\r\n\tat org.testng.TestNG.runSuitesLocally(TestNG.java:1137)\r\n\tat org.testng.TestNG.runSuites(TestNG.java:1049)\r\n\tat org.testng.TestNG.run(TestNG.java:1017)\r\n\tat org.testng.IDEARemoteTestNG.run(IDEARemoteTestNG.java:72)\r\n\tat org.testng.RemoteTestNGStarter.main(RemoteTestNGStarter.java:123)\r\nCaused by: org.openqa.selenium.TimeoutException: Expected condition failed: waiting for element to be clickable: Proxy element for: DefaultElementLocator 'By.xpath: //span[text()='Client Quotes']' (tried for 60 second(s) with 250 milliseconds interval)\r\n\tat org.openqa.selenium.support.ui.WebDriverWait.timeoutException(WebDriverWait.java:81)\r\n\tat org.openqa.selenium.support.ui.FluentWait.until(FluentWait.java:271)\r\n\tat com.cyberiansoft.test.inhouse.pageObject.LeftMenuPanel.clickSubMenu_aroundBody2(LeftMenuPanel.java:83)\r\n\t... 34 more\r\nCaused by: org.openqa.selenium.NoSuchElementException: no such element: Unable to locate element: {\"method\":\"xpath\",\"selector\":\"//span[text()='Client Quotes']\"}\n  (Session info: chrome=67.0.3396.99)\n  (Driver info: chromedriver=2.40.565498 (ea082db3280dd6843ebfb08a625e3eb905c4f5ab),platform=Windows NT 10.0.17134 x86_64) (WARNING: The server did not provide any stacktrace information)\nCommand duration or timeout: 0 milliseconds\nFor documentation on this error, please visit: http://seleniumhq.org/exceptions/no_such_element.html\nBuild info: version: '3.12.0', revision: '7c6e0b3', time: '2018-05-08T14:04:26.12Z'\nSystem info: host: 'DESKTOP-RNHDCNI', ip: '46.255.33.32', os.name: 'Windows 10', os.arch: 'amd64', os.version: '10.0', java.version: '1.8.0_161'\nDriver info: org.openqa.selenium.chrome.ChromeDriver\nCapabilities {acceptInsecureCerts: false, acceptSslCerts: false, applicationCacheEnabled: false, browserConnectionEnabled: false, browserName: chrome, chrome: {chromedriverVersion: 2.40.565498 (ea082db3280dd6..., userDataDir: C:\\Users\\Irene\\AppData\\Loca...}, cssSelectorsEnabled: true, databaseEnabled: false, handlesAlerts: true, hasTouchScreen: false, javascriptEnabled: true, locationContextEnabled: true, mobileEmulationEnabled: false, nativeEvents: true, networkConnectionEnabled: false, pageLoadStrategy: normal, platform: XP, platformName: XP, rotatable: false, setWindowRect: true, takesHeapSnapshot: true, takesScreenshot: true, unexpectedAlertBehaviour: , unhandledPromptBehavior: , version: 67.0.3396.99, webStorageEnabled: true}\nSession ID: 2d2020291d002167fa02eb9925f2e9ad\n*** Element info: {Using=xpath, value=//span[text()='Client Quotes']}\r\n\tat sun.reflect.NativeConstructorAccessorImpl.newInstance0(Native Method)\r\n\tat sun.reflect.NativeConstructorAccessorImpl.newInstance(NativeConstructorAccessorImpl.java:62)\r\n\tat sun.reflect.DelegatingConstructorAccessorImpl.newInstance(DelegatingConstructorAccessorImpl.java:45)\r\n\tat java.lang.reflect.Constructor.newInstance(Constructor.java:423)\r\n\tat org.openqa.selenium.remote.ErrorHandler.createThrowable(ErrorHandler.java:214)\r\n\tat org.openqa.selenium.remote.ErrorHandler.throwIfResponseFailed(ErrorHandler.java:166)\r\n\tat org.openqa.selenium.remote.http.JsonHttpResponseCodec.reconstructValue(JsonHttpResponseCodec.java:40)\r\n\tat org.openqa.selenium.remote.http.AbstractHttpResponseCodec.decode(AbstractHttpResponseCodec.java:80)\r\n\tat org.openqa.selenium.remote.http.AbstractHttpResponseCodec.decode(AbstractHttpResponseCodec.java:44)\r\n\tat org.openqa.selenium.remote.HttpCommandExecutor.execute(HttpCommandExecutor.java:158)\r\n\tat org.openqa.selenium.remote.service.DriverCommandExecutor.execute(DriverCommandExecutor.java:83)\r\n\tat org.openqa.selenium.remote.RemoteWebDriver.execute(RemoteWebDriver.java:543)\r\n\tat org.openqa.selenium.remote.RemoteWebDriver.findElement(RemoteWebDriver.java:317)\r\n\tat org.openqa.selenium.remote.RemoteWebDriver.findElementByXPath(RemoteWebDriver.java:419)\r\n\tat org.openqa.selenium.By$ByXPath.findElement(By.java:353)\r\n\tat org.openqa.selenium.remote.RemoteWebDriver.findElement(RemoteWebDriver.java:309)\r\n\tat org.openqa.selenium.support.pagefactory.DefaultElementLocator.findElement(DefaultElementLocator.java:69)\r\n\tat org.openqa.selenium.support.pagefactory.internal.LocatingElementHandler.invoke(LocatingElementHandler.java:38)\r\n\tat com.sun.proxy.$Proxy12.isDisplayed(Unknown Source)\r\n\tat org.openqa.selenium.support.ui.ExpectedConditions.elementIfVisible(ExpectedConditions.java:315)\r\n\tat org.openqa.selenium.support.ui.ExpectedConditions.access$100(ExpectedConditions.java:44)\r\n\tat org.openqa.selenium.support.ui.ExpectedConditions$10.apply(ExpectedConditions.java:301)\r\n\tat org.openqa.selenium.support.ui.ExpectedConditions$10.apply(ExpectedConditions.java:298)\r\n\tat org.openqa.selenium.support.ui.ExpectedConditions$23.apply(ExpectedConditions.java:686)\r\n\tat org.openqa.selenium.support.ui.ExpectedConditions$23.apply(ExpectedConditions.java:682)\r\n\tat org.openqa.selenium.support.ui.FluentWait.until(FluentWait.java:248)\r\n\t... 35 more\r\n"},"stage":"finished","start":1532350947496,"stop":1532351023488,"parameters":[{"name":"submenu","value":"Proxy element for: DefaultElementLocator 'By.xpath: //span[text()='Client Quotes']'"}]}]}],"parameters":[{"name":"arg0","value":"testUserCanSendNotifications.01"},{"name":"arg1","value":"Test Case 66650:Verify user can send notification (sms/email)"},{"name":"arg2","value":"{\"zip\":\"123AB\",\"country\":\"United States\",\"lastName\":\"User\",\"address\":\"Address 1\",\"newAgreement\":\"New\",\"address2\":\"Address 2\",\"city\":\"LA\",\"secondAgreement\":\"Second Agreement\",\"emailTitle\":\"Agreement\",\"description\":\"Test Case 66650:Verify user can send notification (sms\\/email)\",\"discount\":\"20 min comm.-$10 per m.\",\"team\":\"Repair360 FREE\",\"title\":\"Job title\",\"firstAgreement\":\"First agreement\",\"rowID\":\"testUserCanSendNotifications.01\",\"firstName\":\"Test\",\"noAgreement\":\"No\",\"price\":\"$200.00\",\"name\":\"CompanyAutomation\",\"nickname\":\"Nock for company\",\"state\":\"California\",\"businessPhone\":\"+380963665214\",\"cellPhone\":\"+380963665214\",\"email\":\"test.cyberiansoft@gmail.com\"}"}]}