{"uuid":"c408be38-2ff2-4e37-8d9e-a9b14e3dda8e","historyId":"81529586873f1e2dd42e0d0390b71b77","fullName":"com.cyberiansoft.test.bo.testcases.BackOfficeOperationsServiceRequestsTestCases.testMiscellaneousEventsAppointmentCreated","labels":[{"name":"package","value":"com.cyberiansoft.test.bo.testcases.BackOfficeOperationsServiceRequestsTestCases"},{"name":"testClass","value":"com.cyberiansoft.test.bo.testcases.BackOfficeOperationsServiceRequestsTestCases"},{"name":"testMethod","value":"testMiscellaneousEventsAppointmentCreated"},{"name":"parentSuite","value":"Default Suite"},{"name":"suite","value":"TestAutomationProject"},{"name":"subSuite","value":"com.cyberiansoft.test.bo.testcases.BackOfficeOperationsServiceRequestsTestCases"},{"name":"host","value":"DESKTOP-RNHDCNI"},{"name":"thread","value":"13372@DESKTOP-RNHDCNI.main(1)"}],"links":[],"name":"testMiscellaneousEventsAppointmentCreated","status":"failed","statusDetails":{"known":false,"muted":false,"flaky":false,"message":"The combobox is not clickable.","trace":"java.lang.AssertionError: The combobox is not clickable.\r\n\tat org.testng.Assert.fail(Assert.java:85)\r\n\tat com.cyberiansoft.test.bo.utils.WebElementsBot.selectComboboxValueWithTyping(WebElementsBot.java:90)\r\n\tat com.cyberiansoft.test.bo.pageobjects.webpages.ServiceRequestsListWebPage.setServiceRequestAppointmentTechnicians(ServiceRequestsListWebPage.java:526)\r\n\tat com.cyberiansoft.test.bo.pageobjects.webpages.ServiceRequestsListWebPage.addAppointmentFromSRlist(ServiceRequestsListWebPage.java:1141)\r\n\tat com.cyberiansoft.test.bo.testcases.BackOfficeOperationsServiceRequestsTestCases.testMiscellaneousEventsAppointmentCreated(BackOfficeOperationsServiceRequestsTestCases.java:1185)\r\n\tat sun.reflect.NativeMethodAccessorImpl.invoke0(Native Method)\r\n\tat sun.reflect.NativeMethodAccessorImpl.invoke(NativeMethodAccessorImpl.java:62)\r\n\tat sun.reflect.DelegatingMethodAccessorImpl.invoke(DelegatingMethodAccessorImpl.java:43)\r\n\tat java.lang.reflect.Method.invoke(Method.java:498)\r\n\tat org.testng.internal.MethodInvocationHelper.invokeMethod(MethodInvocationHelper.java:124)\r\n\tat org.testng.internal.Invoker.invokeMethod(Invoker.java:583)\r\n\tat org.testng.internal.Invoker.invokeTestMethod(Invoker.java:719)\r\n\tat org.testng.internal.Invoker.invokeTestMethods(Invoker.java:989)\r\n\tat org.testng.internal.TestMethodWorker.invokeTestMethods(TestMethodWorker.java:125)\r\n\tat org.testng.internal.TestMethodWorker.run(TestMethodWorker.java:109)\r\n\tat org.testng.TestRunner.privateRun(TestRunner.java:648)\r\n\tat org.testng.TestRunner.run(TestRunner.java:505)\r\n\tat org.testng.SuiteRunner.runTest(SuiteRunner.java:455)\r\n\tat org.testng.SuiteRunner.runSequentially(SuiteRunner.java:450)\r\n\tat org.testng.SuiteRunner.privateRun(SuiteRunner.java:415)\r\n\tat org.testng.SuiteRunner.run(SuiteRunner.java:364)\r\n\tat org.testng.SuiteRunnerWorker.runSuite(SuiteRunnerWorker.java:52)\r\n\tat org.testng.SuiteRunnerWorker.run(SuiteRunnerWorker.java:84)\r\n\tat org.testng.TestNG.runSuitesSequentially(TestNG.java:1208)\r\n\tat org.testng.TestNG.runSuitesLocally(TestNG.java:1137)\r\n\tat org.testng.TestNG.runSuites(TestNG.java:1049)\r\n\tat org.testng.TestNG.run(TestNG.java:1017)\r\n\tat org.testng.IDEARemoteTestNG.run(IDEARemoteTestNG.java:72)\r\n\tat org.testng.RemoteTestNGStarter.main(RemoteTestNGStarter.java:123)\r\nCaused by: org.openqa.selenium.WebDriverException: unknown error: Element <input name=\"ctl00$ctl00$Content$Main$rcbTechnician\" type=\"text\" class=\"rcbInput radPreventDecorate rcbEmptyMessage\" id=\"ctl00_ctl00_Content_Main_rcbTechnician_Input\" value=\"All\" autocomplete=\"off\"> is not clickable at point (716, 272). Other element would receive the click: <td>...</td>\n  (Session info: chrome=67.0.3396.99)\n  (Driver info: chromedriver=2.40.565498 (ea082db3280dd6843ebfb08a625e3eb905c4f5ab),platform=Windows NT 10.0.17134 x86_64) (WARNING: The server did not provide any stacktrace information)\nCommand duration or timeout: 0 milliseconds\nBuild info: version: '3.12.0', revision: '7c6e0b3', time: '2018-05-08T14:04:26.12Z'\nSystem info: host: 'DESKTOP-RNHDCNI', ip: '78.137.22.61', os.name: 'Windows 10', os.arch: 'amd64', os.version: '10.0', java.version: '1.8.0_161'\nDriver info: org.openqa.selenium.chrome.ChromeDriver\nCapabilities {acceptInsecureCerts: false, acceptSslCerts: false, applicationCacheEnabled: false, browserConnectionEnabled: false, browserName: chrome, chrome: {chromedriverVersion: 2.40.565498 (ea082db3280dd6..., userDataDir: C:\\Users\\Irene\\AppData\\Loca...}, cssSelectorsEnabled: true, databaseEnabled: false, handlesAlerts: true, hasTouchScreen: false, javascriptEnabled: true, locationContextEnabled: true, mobileEmulationEnabled: false, nativeEvents: true, networkConnectionEnabled: false, pageLoadStrategy: normal, platform: XP, platformName: XP, rotatable: false, setWindowRect: true, takesHeapSnapshot: true, takesScreenshot: true, unexpectedAlertBehaviour: , unhandledPromptBehavior: , version: 67.0.3396.99, webStorageEnabled: true}\nSession ID: 05aefc8c56cdd029c3e464bff2c95952\r\n\tat sun.reflect.NativeConstructorAccessorImpl.newInstance0(Native Method)\r\n\tat sun.reflect.NativeConstructorAccessorImpl.newInstance(NativeConstructorAccessorImpl.java:62)\r\n\tat sun.reflect.DelegatingConstructorAccessorImpl.newInstance(DelegatingConstructorAccessorImpl.java:45)\r\n\tat java.lang.reflect.Constructor.newInstance(Constructor.java:423)\r\n\tat org.openqa.selenium.remote.ErrorHandler.createThrowable(ErrorHandler.java:214)\r\n\tat org.openqa.selenium.remote.ErrorHandler.throwIfResponseFailed(ErrorHandler.java:166)\r\n\tat org.openqa.selenium.remote.http.JsonHttpResponseCodec.reconstructValue(JsonHttpResponseCodec.java:40)\r\n\tat org.openqa.selenium.remote.http.AbstractHttpResponseCodec.decode(AbstractHttpResponseCodec.java:80)\r\n\tat org.openqa.selenium.remote.http.AbstractHttpResponseCodec.decode(AbstractHttpResponseCodec.java:44)\r\n\tat org.openqa.selenium.remote.HttpCommandExecutor.execute(HttpCommandExecutor.java:158)\r\n\tat org.openqa.selenium.remote.service.DriverCommandExecutor.execute(DriverCommandExecutor.java:83)\r\n\tat org.openqa.selenium.remote.RemoteWebDriver.execute(RemoteWebDriver.java:543)\r\n\tat org.openqa.selenium.remote.RemoteWebElement.execute(RemoteWebElement.java:276)\r\n\tat org.openqa.selenium.remote.RemoteWebElement.click(RemoteWebElement.java:83)\r\n\tat sun.reflect.NativeMethodAccessorImpl.invoke0(Native Method)\r\n\tat sun.reflect.NativeMethodAccessorImpl.invoke(NativeMethodAccessorImpl.java:62)\r\n\tat sun.reflect.DelegatingMethodAccessorImpl.invoke(DelegatingMethodAccessorImpl.java:43)\r\n\tat java.lang.reflect.Method.invoke(Method.java:498)\r\n\tat org.openqa.selenium.support.pagefactory.internal.LocatingElementHandler.invoke(LocatingElementHandler.java:51)\r\n\tat com.sun.proxy.$Proxy12.click(Unknown Source)\r\n\tat com.cyberiansoft.test.bo.utils.WebElementsBot.selectComboboxValueWithTyping(WebElementsBot.java:88)\r\n\t... 27 more\r\n"},"stage":"finished","start":1531830343061,"stop":1531830487821,"parameters":[{"name":"arg0","value":"testMiscellaneousEventsAppointmentCreated.01"},{"name":"arg1","value":"Test Case 31234:Miscellaneous - Events: Appointment Created"},{"name":"arg2","value":"{\"serviceRequestType\":\"Zak_Request_Type\",\"notificationDropDown\":\"ServiceRequest Checked In\",\"emailKeyWord\":\"was created\",\"alert\":\"test appointment Appointment Created\",\"description\":\"Test Case 31234:Miscellaneous - Events: Appointment Created\",\"eventNewName\":\"test appointment SR Checked In\",\"technician\":\"Automation 2 Appointment Tech\",\"event\":\"Appointment Created\",\"serviceRequestGeneralInfo\":\"Automation1 Primary  Tech\",\"selected\":\"test appointment creation\\/fail\",\"rowID\":\"testMiscellaneousEventsAppointmentCreated.01\",\"customer\":\"Automation Wholesale\"}"}]}