{"uuid":"c999490e-1538-45da-9904-c823bb1e7435","historyId":"3718572b6c0324c46013aa658e684842","fullName":"com.cyberiansoft.test.inhouse.testcases.TeamPortalUserTestCases.testUserCanSendNotifications","labels":[{"name":"package","value":"com.cyberiansoft.test.inhouse.testcases.TeamPortalUserTestCases"},{"name":"testClass","value":"com.cyberiansoft.test.inhouse.testcases.TeamPortalUserTestCases"},{"name":"testMethod","value":"testUserCanSendNotifications"},{"name":"parentSuite","value":"Default Suite"},{"name":"suite","value":"TestAutomationProject"},{"name":"subSuite","value":"com.cyberiansoft.test.inhouse.testcases.TeamPortalUserTestCases"},{"name":"host","value":"DESKTOP-RNHDCNI"},{"name":"thread","value":"1520@DESKTOP-RNHDCNI.main(1)"}],"links":[],"name":"testUserCanSendNotifications","status":"broken","statusDetails":{"known":false,"muted":false,"flaky":false,"message":"Element should have been \"select\" but was \"input\"\nBuild info: version: '3.12.0', revision: '7c6e0b3', time: '2018-05-08T14:04:26.12Z'\nSystem info: host: 'DESKTOP-RNHDCNI', ip: '46.255.33.32', os.name: 'Windows 10', os.arch: 'amd64', os.version: '10.0', java.version: '1.8.0_161'\nDriver info: driver.version: unknown","trace":"org.openqa.selenium.support.ui.UnexpectedTagNameException: Element should have been \"select\" but was \"input\"\nBuild info: version: '3.12.0', revision: '7c6e0b3', time: '2018-05-08T14:04:26.12Z'\nSystem info: host: 'DESKTOP-RNHDCNI', ip: '46.255.33.32', os.name: 'Windows 10', os.arch: 'amd64', os.version: '10.0', java.version: '1.8.0_161'\nDriver info: driver.version: unknown\r\n\tat org.openqa.selenium.support.ui.Select.<init>(Select.java:47)\r\n\tat com.cyberiansoft.test.inhouse.pageObject.ClientQuotesDetailPage.selectDiscount_aroundBody12(ClientQuotesDetailPage.java:242)\r\n\tat com.cyberiansoft.test.inhouse.pageObject.ClientQuotesDetailPage$AjcClosure13.run(ClientQuotesDetailPage.java:1)\r\n\tat org.aspectj.runtime.reflect.JoinPointImpl.proceed(JoinPointImpl.java:149)\r\n\tat io.qameta.allure.aspects.StepsAspects.step(StepsAspects.java:51)\r\n\tat com.cyberiansoft.test.inhouse.pageObject.ClientQuotesDetailPage.selectDiscount(ClientQuotesDetailPage.java:240)\r\n\tat com.cyberiansoft.test.inhouse.testcases.TeamPortalUserTestCases.testUserCanSendNotifications(TeamPortalUserTestCases.java:144)\r\n\tat sun.reflect.NativeMethodAccessorImpl.invoke0(Native Method)\r\n\tat sun.reflect.NativeMethodAccessorImpl.invoke(NativeMethodAccessorImpl.java:62)\r\n\tat sun.reflect.DelegatingMethodAccessorImpl.invoke(DelegatingMethodAccessorImpl.java:43)\r\n\tat java.lang.reflect.Method.invoke(Method.java:498)\r\n\tat org.testng.internal.MethodInvocationHelper.invokeMethod(MethodInvocationHelper.java:124)\r\n\tat org.testng.internal.Invoker.invokeMethod(Invoker.java:583)\r\n\tat org.testng.internal.Invoker.invokeTestMethod(Invoker.java:719)\r\n\tat org.testng.internal.Invoker.invokeTestMethods(Invoker.java:989)\r\n\tat org.testng.internal.TestMethodWorker.invokeTestMethods(TestMethodWorker.java:125)\r\n\tat org.testng.internal.TestMethodWorker.run(TestMethodWorker.java:109)\r\n\tat org.testng.TestRunner.privateRun(TestRunner.java:648)\r\n\tat org.testng.TestRunner.run(TestRunner.java:505)\r\n\tat org.testng.SuiteRunner.runTest(SuiteRunner.java:455)\r\n\tat org.testng.SuiteRunner.runSequentially(SuiteRunner.java:450)\r\n\tat org.testng.SuiteRunner.privateRun(SuiteRunner.java:415)\r\n\tat org.testng.SuiteRunner.run(SuiteRunner.java:364)\r\n\tat org.testng.SuiteRunnerWorker.runSuite(SuiteRunnerWorker.java:52)\r\n\tat org.testng.SuiteRunnerWorker.run(SuiteRunnerWorker.java:84)\r\n\tat org.testng.TestNG.runSuitesSequentially(TestNG.java:1208)\r\n\tat org.testng.TestNG.runSuitesLocally(TestNG.java:1137)\r\n\tat org.testng.TestNG.runSuites(TestNG.java:1049)\r\n\tat org.testng.TestNG.run(TestNG.java:1017)\r\n\tat org.testng.IDEARemoteTestNG.run(IDEARemoteTestNG.java:72)\r\n\tat org.testng.RemoteTestNGStarter.main(RemoteTestNGStarter.java:123)\r\n"},"stage":"finished","start":1532353933380,"stop":1532354028502,"steps":[{"name":"clickSalesQuotes","status":"passed","stage":"finished","start":1532353933392,"stop":1532353933588,"steps":[{"name":"clickMenu","status":"passed","stage":"finished","start":1532353933413,"stop":1532353933588,"parameters":[{"name":"menu","value":"[[ChromeDriver: chrome on XP (469e4dea33788de220b272b041869d05)] -> xpath: //span[text()='Sales Quotes']]"}]}]},{"name":"clickAgreementsInProgress","status":"passed","stage":"finished","start":1532353933588,"stop":1532353950690,"steps":[{"name":"clickSubMenu","status":"passed","stage":"finished","start":1532353933615,"stop":1532353934044,"parameters":[{"name":"submenu","value":"[[ChromeDriver: chrome on XP (469e4dea33788de220b272b041869d05)] -> xpath: //span[text()='Agreements in Progress']]"}]},{"name":"waitForLoading","status":"passed","stage":"finished","start":1532353934044,"stop":1532353950579,"steps":[{"name":"waitABit","status":"passed","stage":"finished","start":1532353949078,"stop":1532353950579,"parameters":[{"name":"milliseconds","value":"1500"}]}]}]},{"name":"searchUser","status":"passed","stage":"finished","start":1532353950690,"stop":1532353951689,"steps":[{"name":"clickWithJS","status":"passed","stage":"finished","start":1532353951055,"stop":1532353951099,"parameters":[{"name":"element","value":"[[ChromeDriver: chrome on XP (469e4dea33788de220b272b041869d05)] -> id: btnSearch]"}]},{"name":"waitForProcessing","status":"passed","stage":"finished","start":1532353951099,"stop":1532353951689}],"parameters":[{"name":"searchValue","value":"CompanyAutomation"}]},{"name":"deleteUsers","status":"passed","stage":"finished","start":1532353951689,"stop":1532353983952,"steps":[{"name":"deleteParameters","status":"passed","stage":"finished","start":1532353981764,"stop":1532353983952,"steps":[{"name":"waitABit","status":"passed","stage":"finished","start":1532353982413,"stop":1532353983914,"parameters":[{"name":"milliseconds","value":"1500"}]}],"parameters":[{"name":"deleteParameter","value":"CompanyAutomation"}]}],"parameters":[{"name":"deleteParameter","value":"CompanyAutomation"}]},{"name":"clickAddClientButton","status":"passed","stage":"finished","start":1532353983952,"stop":1532353984081},{"name":"fillNewClientProfile","status":"passed","stage":"finished","start":1532353984081,"stop":1532353986669,"steps":[{"name":"setNewClientName","status":"passed","stage":"finished","start":1532353984147,"stop":1532353984914,"parameters":[{"name":"name","value":"CompanyAutomation"}]},{"name":"setNewClientNickName","status":"passed","stage":"finished","start":1532353984914,"stop":1532353985098,"parameters":[{"name":"name","value":"Nock for company"}]},{"name":"setNewClientAddress","status":"passed","stage":"finished","start":1532353985098,"stop":1532353985260,"parameters":[{"name":"address","value":"Address 1"}]},{"name":"setNewClientAddress2","status":"passed","stage":"finished","start":1532353985260,"stop":1532353985399,"parameters":[{"name":"address2","value":"Address 2"}]},{"name":"setNewClientZip","status":"passed","stage":"finished","start":1532353985399,"stop":1532353985508,"parameters":[{"name":"zip","value":"123AB"}]},{"name":"setNewClientCountry","status":"passed","stage":"finished","start":1532353985508,"stop":1532353985662,"parameters":[{"name":"country","value":"United States"}]},{"name":"setNewClientCity","status":"passed","stage":"finished","start":1532353985662,"stop":1532353985753,"parameters":[{"name":"city","value":"LA"}]},{"name":"setNewClientBusinessPhone","status":"passed","stage":"finished","start":1532353985753,"stop":1532353985914,"parameters":[{"name":"businessPhone","value":"+380963665214"}]},{"name":"setNewClientCellPhone","status":"passed","stage":"finished","start":1532353985914,"stop":1532353986071,"parameters":[{"name":"cellPhone","value":"+380963665214"}]},{"name":"setNewClientFirstName","status":"passed","stage":"finished","start":1532353986071,"stop":1532353986202,"parameters":[{"name":"firstName","value":"Test"}]},{"name":"setNewClientLastName","status":"passed","stage":"finished","start":1532353986202,"stop":1532353986302,"parameters":[{"name":"lastName","value":"User"}]},{"name":"setNewClientTitle","status":"passed","stage":"finished","start":1532353986302,"stop":1532353986427,"parameters":[{"name":"title","value":"Job title"}]},{"name":"setNewClientEmail","status":"passed","stage":"finished","start":1532353986427,"stop":1532353986669,"parameters":[{"name":"email","value":"test.cyberiansoft@gmail.com"}]}],"parameters":[{"name":"name","value":"CompanyAutomation"},{"name":"nickname","value":"Nock for company"},{"name":"address","value":"Address 1"},{"name":"address2","value":"Address 2"},{"name":"zip","value":"123AB"},{"name":"country","value":"United States"},{"name":"state","value":"California"},{"name":"city","value":"LA"},{"name":"businessPhone","value":"+380963665214"},{"name":"cellPhone","value":"+380963665214"},{"name":"firstName","value":"Test"},{"name":"lastName","value":"User"},{"name":"title","value":"Job title"},{"name":"email","value":"test.cyberiansoft@gmail.com"}]},{"name":"clickConfirmNewClientButton","status":"passed","stage":"finished","start":1532353986669,"stop":1532353988050},{"name":"isUserCreated","status":"passed","stage":"finished","start":1532353988050,"stop":1532353988966,"steps":[{"name":"searchUser","status":"passed","stage":"finished","start":1532353988050,"stop":1532353988942,"steps":[{"name":"clickWithJS","status":"passed","stage":"finished","start":1532353988286,"stop":1532353988313,"parameters":[{"name":"element","value":"[[ChromeDriver: chrome on XP (469e4dea33788de220b272b041869d05)] -> id: btnSearch]"}]},{"name":"waitForProcessing","status":"passed","stage":"finished","start":1532353988313,"stop":1532353988942}],"parameters":[{"name":"searchValue","value":"CompanyAutomation"}]}],"parameters":[{"name":"verifyParameter","value":"CompanyAutomation"}]},{"name":"clickAddAgreementBTN","status":"passed","stage":"finished","start":1532353988967,"stop":1532353989180,"parameters":[{"name":"agreementIdentifier","value":"CompanyAutomation"}]},{"name":"setAgreement","status":"passed","stage":"finished","start":1532353989180,"stop":1532353991616,"steps":[{"name":"setAgreementName","status":"passed","stage":"finished","start":1532353989180,"stop":1532353989812,"parameters":[{"name":"name","value":"First agreement"}]},{"name":"selectEdition","status":"passed","stage":"finished","start":1532353989813,"stop":1532353989957,"parameters":[{"name":"edition","value":"Repair360 FREE"}]},{"name":"saveAgreement","status":"passed","stage":"finished","start":1532353989957,"stop":1532353990095}],"parameters":[{"name":"agreement","value":"First agreement"},{"name":"team","value":"Repair360 FREE"}]},{"name":"clickAgreementsInProgress","status":"passed","stage":"finished","start":1532353991616,"stop":1532354008384,"steps":[{"name":"clickSubMenu","status":"passed","stage":"finished","start":1532353991640,"stop":1532353991775,"parameters":[{"name":"submenu","value":"[[ChromeDriver: chrome on XP (469e4dea33788de220b272b041869d05)] -> xpath: //span[text()='Agreements in Progress']]"}]},{"name":"waitForLoading","status":"passed","stage":"finished","start":1532353991775,"stop":1532354008309,"steps":[{"name":"waitABit","status":"passed","stage":"finished","start":1532354006809,"stop":1532354008309,"parameters":[{"name":"milliseconds","value":"1500"}]}]}]},{"name":"searchUser","status":"passed","stage":"finished","start":1532354008384,"stop":1532354009074,"steps":[{"name":"clickWithJS","status":"passed","stage":"finished","start":1532354008659,"stop":1532354008688,"parameters":[{"name":"element","value":"[[ChromeDriver: chrome on XP (469e4dea33788de220b272b041869d05)] -> id: btnSearch]"}]},{"name":"waitForProcessing","status":"passed","stage":"finished","start":1532354008688,"stop":1532354009074}],"parameters":[{"name":"searchValue","value":"CompanyAutomation"}]},{"name":"expandAgreementList","status":"passed","stage":"finished","start":1532354009075,"stop":1532354009244,"parameters":[{"name":"identifier","value":"CompanyAutomation"}]},{"name":"clickEditAgreement","status":"passed","stage":"finished","start":1532354009244,"stop":1532354009473,"parameters":[{"name":"s","value":"First agreement"}]},{"name":"verifyAgreementEditionCannotBeChanged","status":"passed","stage":"finished","start":1532354009473,"stop":1532354024546,"steps":[{"name":"selectEdition","status":"broken","statusDetails":{"known":false,"muted":false,"flaky":false,"message":"no such element: Unable to locate element: {\"method\":\"xpath\",\"selector\":\"//div[contains(@class, 'active')]//select[@id='EditionID']\"}\n  (Session info: chrome=67.0.3396.99)\n  (Driver info: chromedriver=2.40.565498 (ea082db3280dd6843ebfb08a625e3eb905c4f5ab),platform=Windows NT 10.0.17134 x86_64) (WARNING: The server did not provide any stacktrace information)\nCommand duration or timeout: 0 milliseconds\nFor documentation on this error, please visit: http://seleniumhq.org/exceptions/no_such_element.html\nBuild info: version: '3.12.0', revision: '7c6e0b3', time: '2018-05-08T14:04:26.12Z'\nSystem info: host: 'DESKTOP-RNHDCNI', ip: '46.255.33.32', os.name: 'Windows 10', os.arch: 'amd64', os.version: '10.0', java.version: '1.8.0_161'\nDriver info: org.openqa.selenium.chrome.ChromeDriver\nCapabilities {acceptInsecureCerts: false, acceptSslCerts: false, applicationCacheEnabled: false, browserConnectionEnabled: false, browserName: chrome, chrome: {chromedriverVersion: 2.40.565498 (ea082db3280dd6..., userDataDir: C:\\Users\\Irene\\AppData\\Loca...}, cssSelectorsEnabled: true, databaseEnabled: false, handlesAlerts: true, hasTouchScreen: false, javascriptEnabled: true, locationContextEnabled: true, mobileEmulationEnabled: false, nativeEvents: true, networkConnectionEnabled: false, pageLoadStrategy: normal, platform: XP, platformName: XP, rotatable: false, setWindowRect: true, takesHeapSnapshot: true, takesScreenshot: true, unexpectedAlertBehaviour: , unhandledPromptBehavior: , version: 67.0.3396.99, webStorageEnabled: true}\nSession ID: 469e4dea33788de220b272b041869d05\n*** Element info: {Using=xpath, value=//div[contains(@class, 'active')]//select[@id='EditionID']}","trace":"org.openqa.selenium.NoSuchElementException: no such element: Unable to locate element: {\"method\":\"xpath\",\"selector\":\"//div[contains(@class, 'active')]//select[@id='EditionID']\"}\n  (Session info: chrome=67.0.3396.99)\n  (Driver info: chromedriver=2.40.565498 (ea082db3280dd6843ebfb08a625e3eb905c4f5ab),platform=Windows NT 10.0.17134 x86_64) (WARNING: The server did not provide any stacktrace information)\nCommand duration or timeout: 0 milliseconds\nFor documentation on this error, please visit: http://seleniumhq.org/exceptions/no_such_element.html\nBuild info: version: '3.12.0', revision: '7c6e0b3', time: '2018-05-08T14:04:26.12Z'\nSystem info: host: 'DESKTOP-RNHDCNI', ip: '46.255.33.32', os.name: 'Windows 10', os.arch: 'amd64', os.version: '10.0', java.version: '1.8.0_161'\nDriver info: org.openqa.selenium.chrome.ChromeDriver\nCapabilities {acceptInsecureCerts: false, acceptSslCerts: false, applicationCacheEnabled: false, browserConnectionEnabled: false, browserName: chrome, chrome: {chromedriverVersion: 2.40.565498 (ea082db3280dd6..., userDataDir: C:\\Users\\Irene\\AppData\\Loca...}, cssSelectorsEnabled: true, databaseEnabled: false, handlesAlerts: true, hasTouchScreen: false, javascriptEnabled: true, locationContextEnabled: true, mobileEmulationEnabled: false, nativeEvents: true, networkConnectionEnabled: false, pageLoadStrategy: normal, platform: XP, platformName: XP, rotatable: false, setWindowRect: true, takesHeapSnapshot: true, takesScreenshot: true, unexpectedAlertBehaviour: , unhandledPromptBehavior: , version: 67.0.3396.99, webStorageEnabled: true}\nSession ID: 469e4dea33788de220b272b041869d05\n*** Element info: {Using=xpath, value=//div[contains(@class, 'active')]//select[@id='EditionID']}\r\n\tat sun.reflect.GeneratedConstructorAccessor24.newInstance(Unknown Source)\r\n\tat sun.reflect.DelegatingConstructorAccessorImpl.newInstance(DelegatingConstructorAccessorImpl.java:45)\r\n\tat java.lang.reflect.Constructor.newInstance(Constructor.java:423)\r\n\tat org.openqa.selenium.remote.ErrorHandler.createThrowable(ErrorHandler.java:214)\r\n\tat org.openqa.selenium.remote.ErrorHandler.throwIfResponseFailed(ErrorHandler.java:166)\r\n\tat org.openqa.selenium.remote.http.JsonHttpResponseCodec.reconstructValue(JsonHttpResponseCodec.java:40)\r\n\tat org.openqa.selenium.remote.http.AbstractHttpResponseCodec.decode(AbstractHttpResponseCodec.java:80)\r\n\tat org.openqa.selenium.remote.http.AbstractHttpResponseCodec.decode(AbstractHttpResponseCodec.java:44)\r\n\tat org.openqa.selenium.remote.HttpCommandExecutor.execute(HttpCommandExecutor.java:158)\r\n\tat org.openqa.selenium.remote.service.DriverCommandExecutor.execute(DriverCommandExecutor.java:83)\r\n\tat org.openqa.selenium.remote.RemoteWebDriver.execute(RemoteWebDriver.java:543)\r\n\tat org.openqa.selenium.remote.RemoteWebDriver.findElement(RemoteWebDriver.java:317)\r\n\tat org.openqa.selenium.remote.RemoteWebDriver.findElementByXPath(RemoteWebDriver.java:419)\r\n\tat org.openqa.selenium.By$ByXPath.findElement(By.java:353)\r\n\tat org.openqa.selenium.remote.RemoteWebDriver.findElement(RemoteWebDriver.java:309)\r\n\tat org.openqa.selenium.support.pagefactory.DefaultElementLocator.findElement(DefaultElementLocator.java:69)\r\n\tat org.openqa.selenium.support.pagefactory.internal.LocatingElementHandler.invoke(LocatingElementHandler.java:38)\r\n\tat com.sun.proxy.$Proxy12.getTagName(Unknown Source)\r\n\tat org.openqa.selenium.support.ui.Select.<init>(Select.java:44)\r\n\tat com.cyberiansoft.test.inhouse.pageObject.ClientQuotesPage.selectEdition_aroundBody52(ClientQuotesPage.java:304)\r\n\tat com.cyberiansoft.test.inhouse.pageObject.ClientQuotesPage$AjcClosure53.run(ClientQuotesPage.java:1)\r\n\tat org.aspectj.runtime.reflect.JoinPointImpl.proceed(JoinPointImpl.java:149)\r\n\tat io.qameta.allure.aspects.StepsAspects.step(StepsAspects.java:51)\r\n\tat com.cyberiansoft.test.inhouse.pageObject.ClientQuotesPage.selectEdition(ClientQuotesPage.java:304)\r\n\tat com.cyberiansoft.test.inhouse.pageObject.ClientQuotesPage.verifyAgreementEditionCannotBeChanged_aroundBody62(ClientQuotesPage.java:348)\r\n\tat com.cyberiansoft.test.inhouse.pageObject.ClientQuotesPage$AjcClosure63.run(ClientQuotesPage.java:1)\r\n\tat org.aspectj.runtime.reflect.JoinPointImpl.proceed(JoinPointImpl.java:149)\r\n\tat io.qameta.allure.aspects.StepsAspects.step(StepsAspects.java:51)\r\n\tat com.cyberiansoft.test.inhouse.pageObject.ClientQuotesPage.verifyAgreementEditionCannotBeChanged(ClientQuotesPage.java:348)\r\n\tat com.cyberiansoft.test.inhouse.testcases.TeamPortalUserTestCases.testUserCanSendNotifications(TeamPortalUserTestCases.java:134)\r\n\tat sun.reflect.NativeMethodAccessorImpl.invoke0(Native Method)\r\n\tat sun.reflect.NativeMethodAccessorImpl.invoke(NativeMethodAccessorImpl.java:62)\r\n\tat sun.reflect.DelegatingMethodAccessorImpl.invoke(DelegatingMethodAccessorImpl.java:43)\r\n\tat java.lang.reflect.Method.invoke(Method.java:498)\r\n\tat org.testng.internal.MethodInvocationHelper.invokeMethod(MethodInvocationHelper.java:124)\r\n\tat org.testng.internal.Invoker.invokeMethod(Invoker.java:583)\r\n\tat org.testng.internal.Invoker.invokeTestMethod(Invoker.java:719)\r\n\tat org.testng.internal.Invoker.invokeTestMethods(Invoker.java:989)\r\n\tat org.testng.internal.TestMethodWorker.invokeTestMethods(TestMethodWorker.java:125)\r\n\tat org.testng.internal.TestMethodWorker.run(TestMethodWorker.java:109)\r\n\tat org.testng.TestRunner.privateRun(TestRunner.java:648)\r\n\tat org.testng.TestRunner.run(TestRunner.java:505)\r\n\tat org.testng.SuiteRunner.runTest(SuiteRunner.java:455)\r\n\tat org.testng.SuiteRunner.runSequentially(SuiteRunner.java:450)\r\n\tat org.testng.SuiteRunner.privateRun(SuiteRunner.java:415)\r\n\tat org.testng.SuiteRunner.run(SuiteRunner.java:364)\r\n\tat org.testng.SuiteRunnerWorker.runSuite(SuiteRunnerWorker.java:52)\r\n\tat org.testng.SuiteRunnerWorker.run(SuiteRunnerWorker.java:84)\r\n\tat org.testng.TestNG.runSuitesSequentially(TestNG.java:1208)\r\n\tat org.testng.TestNG.runSuitesLocally(TestNG.java:1137)\r\n\tat org.testng.TestNG.runSuites(TestNG.java:1049)\r\n\tat org.testng.TestNG.run(TestNG.java:1017)\r\n\tat org.testng.IDEARemoteTestNG.run(IDEARemoteTestNG.java:72)\r\n\tat org.testng.RemoteTestNGStarter.main(RemoteTestNGStarter.java:123)\r\n"},"stage":"finished","start":1532354009473,"stop":1532354024546,"parameters":[{"name":"edition","value":"Repair360 FREE"}]}],"parameters":[{"name":"newName","value":"Repair360 FREE"}]},{"name":"isAgreementNameChangeable","status":"passed","stage":"finished","start":1532354024546,"stop":1532354024768,"parameters":[{"name":"s","value":"Second Agreement"}]},{"name":"updateAgreement","status":"passed","stage":"finished","start":1532354024768,"stop":1532354024891},{"name":"checkAgreementByName","status":"passed","stage":"finished","start":1532354024892,"stop":1532354026387,"steps":[{"name":"waitABit","status":"passed","stage":"finished","start":1532354024892,"stop":1532354025893,"parameters":[{"name":"milliseconds","value":"1000"}]}],"parameters":[{"name":"s","value":"Second Agreement"}]},{"name":"clickSetupAgreementButton","status":"passed","stage":"finished","start":1532354026387,"stop":1532354027894,"steps":[{"name":"waitForProcessing","status":"passed","stage":"finished","start":1532354026387,"stop":1532354026412}],"parameters":[{"name":"agreementIdentifier","value":"Second Agreement"}]},{"name":"checkAgreementStatus","status":"passed","stage":"finished","start":1532354027894,"stop":1532354028165,"parameters":[{"name":"agreement","value":"New"},{"name":"payment","value":"No"},{"name":"letterView","value":"No"},{"name":"agreementView","value":"No"}]},{"name":"clickDiscountButton","status":"passed","stage":"finished","start":1532354028165,"stop":1532354028406},{"name":"selectDiscount","status":"broken","statusDetails":{"known":false,"muted":false,"flaky":false,"message":"Element should have been \"select\" but was \"input\"\nBuild info: version: '3.12.0', revision: '7c6e0b3', time: '2018-05-08T14:04:26.12Z'\nSystem info: host: 'DESKTOP-RNHDCNI', ip: '46.255.33.32', os.name: 'Windows 10', os.arch: 'amd64', os.version: '10.0', java.version: '1.8.0_161'\nDriver info: driver.version: unknown","trace":"org.openqa.selenium.support.ui.UnexpectedTagNameException: Element should have been \"select\" but was \"input\"\nBuild info: version: '3.12.0', revision: '7c6e0b3', time: '2018-05-08T14:04:26.12Z'\nSystem info: host: 'DESKTOP-RNHDCNI', ip: '46.255.33.32', os.name: 'Windows 10', os.arch: 'amd64', os.version: '10.0', java.version: '1.8.0_161'\nDriver info: driver.version: unknown\r\n\tat org.openqa.selenium.support.ui.Select.<init>(Select.java:47)\r\n\tat com.cyberiansoft.test.inhouse.pageObject.ClientQuotesDetailPage.selectDiscount_aroundBody12(ClientQuotesDetailPage.java:242)\r\n\tat com.cyberiansoft.test.inhouse.pageObject.ClientQuotesDetailPage$AjcClosure13.run(ClientQuotesDetailPage.java:1)\r\n\tat org.aspectj.runtime.reflect.JoinPointImpl.proceed(JoinPointImpl.java:149)\r\n\tat io.qameta.allure.aspects.StepsAspects.step(StepsAspects.java:51)\r\n\tat com.cyberiansoft.test.inhouse.pageObject.ClientQuotesDetailPage.selectDiscount(ClientQuotesDetailPage.java:240)\r\n\tat com.cyberiansoft.test.inhouse.testcases.TeamPortalUserTestCases.testUserCanSendNotifications(TeamPortalUserTestCases.java:144)\r\n\tat sun.reflect.NativeMethodAccessorImpl.invoke0(Native Method)\r\n\tat sun.reflect.NativeMethodAccessorImpl.invoke(NativeMethodAccessorImpl.java:62)\r\n\tat sun.reflect.DelegatingMethodAccessorImpl.invoke(DelegatingMethodAccessorImpl.java:43)\r\n\tat java.lang.reflect.Method.invoke(Method.java:498)\r\n\tat org.testng.internal.MethodInvocationHelper.invokeMethod(MethodInvocationHelper.java:124)\r\n\tat org.testng.internal.Invoker.invokeMethod(Invoker.java:583)\r\n\tat org.testng.internal.Invoker.invokeTestMethod(Invoker.java:719)\r\n\tat org.testng.internal.Invoker.invokeTestMethods(Invoker.java:989)\r\n\tat org.testng.internal.TestMethodWorker.invokeTestMethods(TestMethodWorker.java:125)\r\n\tat org.testng.internal.TestMethodWorker.run(TestMethodWorker.java:109)\r\n\tat org.testng.TestRunner.privateRun(TestRunner.java:648)\r\n\tat org.testng.TestRunner.run(TestRunner.java:505)\r\n\tat org.testng.SuiteRunner.runTest(SuiteRunner.java:455)\r\n\tat org.testng.SuiteRunner.runSequentially(SuiteRunner.java:450)\r\n\tat org.testng.SuiteRunner.privateRun(SuiteRunner.java:415)\r\n\tat org.testng.SuiteRunner.run(SuiteRunner.java:364)\r\n\tat org.testng.SuiteRunnerWorker.runSuite(SuiteRunnerWorker.java:52)\r\n\tat org.testng.SuiteRunnerWorker.run(SuiteRunnerWorker.java:84)\r\n\tat org.testng.TestNG.runSuitesSequentially(TestNG.java:1208)\r\n\tat org.testng.TestNG.runSuitesLocally(TestNG.java:1137)\r\n\tat org.testng.TestNG.runSuites(TestNG.java:1049)\r\n\tat org.testng.TestNG.run(TestNG.java:1017)\r\n\tat org.testng.IDEARemoteTestNG.run(IDEARemoteTestNG.java:72)\r\n\tat org.testng.RemoteTestNGStarter.main(RemoteTestNGStarter.java:123)\r\n"},"stage":"finished","start":1532354028406,"stop":1532354028490,"parameters":[{"name":"discount","value":"20 min comm.-$10 per m."}]}],"parameters":[{"name":"arg0","value":"testUserCanSendNotifications.01"},{"name":"arg1","value":"Test Case 66650:Verify user can send notification (sms/email)"},{"name":"arg2","value":"{\"zip\":\"123AB\",\"country\":\"United States\",\"lastName\":\"User\",\"address\":\"Address 1\",\"newAgreement\":\"New\",\"address2\":\"Address 2\",\"city\":\"LA\",\"secondAgreement\":\"Second Agreement\",\"emailTitle\":\"Agreement\",\"description\":\"Test Case 66650:Verify user can send notification (sms\\/email)\",\"discount\":\"20 min comm.-$10 per m.\",\"team\":\"Repair360 FREE\",\"title\":\"Job title\",\"firstAgreement\":\"First agreement\",\"rowID\":\"testUserCanSendNotifications.01\",\"firstName\":\"Test\",\"noAgreement\":\"No\",\"price\":\"$200.00\",\"name\":\"CompanyAutomation\",\"nickname\":\"Nock for company\",\"state\":\"California\",\"businessPhone\":\"+380963665214\",\"cellPhone\":\"+380963665214\",\"email\":\"test.cyberiansoft@gmail.com\"}"}]}