{"uuid":"f1e530cc-d9e9-44c1-b58e-b3f23537180d","historyId":"1530e2a251a92fab8186b4df30bdd97a","fullName":"com.cyberiansoft.test.inhouse.testcases.TeamPortalUserTestCases.testUserCanAddAgreement","labels":[{"name":"package","value":"com.cyberiansoft.test.inhouse.testcases.TeamPortalUserTestCases"},{"name":"testClass","value":"com.cyberiansoft.test.inhouse.testcases.TeamPortalUserTestCases"},{"name":"testMethod","value":"testUserCanAddAgreement"},{"name":"parentSuite","value":"Default Suite"},{"name":"suite","value":"TestAutomationProject"},{"name":"subSuite","value":"com.cyberiansoft.test.inhouse.testcases.TeamPortalUserTestCases"},{"name":"host","value":"DESKTOP-RNHDCNI"},{"name":"thread","value":"14092@DESKTOP-RNHDCNI.main(1)"}],"links":[],"name":"testUserCanAddAgreement","status":"failed","statusDetails":{"known":false,"muted":false,"flaky":false,"message":"The submenu has not been clicked!","trace":"java.lang.AssertionError: The submenu has not been clicked!\r\n\tat org.testng.Assert.fail(Assert.java:85)\r\n\tat com.cyberiansoft.test.inhouse.pageObject.LeftMenuPanel.clickSubMenu_aroundBody2(LeftMenuPanel.java:85)\r\n\tat com.cyberiansoft.test.inhouse.pageObject.LeftMenuPanel$AjcClosure3.run(LeftMenuPanel.java:1)\r\n\tat org.aspectj.runtime.reflect.JoinPointImpl.proceed(JoinPointImpl.java:149)\r\n\tat io.qameta.allure.aspects.StepsAspects.step(StepsAspects.java:51)\r\n\tat com.cyberiansoft.test.inhouse.pageObject.LeftMenuPanel.clickSubMenu(LeftMenuPanel.java:83)\r\n\tat com.cyberiansoft.test.inhouse.pageObject.LeftMenuPanel.clickClientQuotesSubmenu_aroundBody12(LeftMenuPanel.java:138)\r\n\tat com.cyberiansoft.test.inhouse.pageObject.LeftMenuPanel$AjcClosure13.run(LeftMenuPanel.java:1)\r\n\tat org.aspectj.runtime.reflect.JoinPointImpl.proceed(JoinPointImpl.java:149)\r\n\tat io.qameta.allure.aspects.StepsAspects.step(StepsAspects.java:51)\r\n\tat com.cyberiansoft.test.inhouse.pageObject.LeftMenuPanel.clickClientQuotesSubmenu(LeftMenuPanel.java:138)\r\n\tat com.cyberiansoft.test.inhouse.testcases.TeamPortalUserTestCases.testUserCanAddAgreement(TeamPortalUserTestCases.java:96)\r\n\tat sun.reflect.NativeMethodAccessorImpl.invoke0(Native Method)\r\n\tat sun.reflect.NativeMethodAccessorImpl.invoke(NativeMethodAccessorImpl.java:62)\r\n\tat sun.reflect.DelegatingMethodAccessorImpl.invoke(DelegatingMethodAccessorImpl.java:43)\r\n\tat java.lang.reflect.Method.invoke(Method.java:498)\r\n\tat org.testng.internal.MethodInvocationHelper.invokeMethod(MethodInvocationHelper.java:124)\r\n\tat org.testng.internal.Invoker.invokeMethod(Invoker.java:583)\r\n\tat org.testng.internal.Invoker.invokeTestMethod(Invoker.java:719)\r\n\tat org.testng.internal.Invoker.invokeTestMethods(Invoker.java:989)\r\n\tat org.testng.internal.TestMethodWorker.invokeTestMethods(TestMethodWorker.java:125)\r\n\tat org.testng.internal.TestMethodWorker.run(TestMethodWorker.java:109)\r\n\tat org.testng.TestRunner.privateRun(TestRunner.java:648)\r\n\tat org.testng.TestRunner.run(TestRunner.java:505)\r\n\tat org.testng.SuiteRunner.runTest(SuiteRunner.java:455)\r\n\tat org.testng.SuiteRunner.runSequentially(SuiteRunner.java:450)\r\n\tat org.testng.SuiteRunner.privateRun(SuiteRunner.java:415)\r\n\tat org.testng.SuiteRunner.run(SuiteRunner.java:364)\r\n\tat org.testng.SuiteRunnerWorker.runSuite(SuiteRunnerWorker.java:52)\r\n\tat org.testng.SuiteRunnerWorker.run(SuiteRunnerWorker.java:84)\r\n\tat org.testng.TestNG.runSuitesSequentially(TestNG.java:1208)\r\n\tat org.testng.TestNG.runSuitesLocally(TestNG.java:1137)\r\n\tat org.testng.TestNG.runSuites(TestNG.java:1049)\r\n\tat org.testng.TestNG.run(TestNG.java:1017)\r\n\tat org.testng.IDEARemoteTestNG.run(IDEARemoteTestNG.java:72)\r\n\tat org.testng.RemoteTestNGStarter.main(RemoteTestNGStarter.java:123)\r\nCaused by: org.openqa.selenium.TimeoutException: Expected condition failed: waiting for element to be clickable: Proxy element for: DefaultElementLocator 'By.xpath: //span[text()='Client Quotes']' (tried for 60 second(s) with 250 milliseconds interval)\r\n\tat org.openqa.selenium.support.ui.WebDriverWait.timeoutException(WebDriverWait.java:81)\r\n\tat org.openqa.selenium.support.ui.FluentWait.until(FluentWait.java:271)\r\n\tat com.cyberiansoft.test.inhouse.pageObject.LeftMenuPanel.clickSubMenu_aroundBody2(LeftMenuPanel.java:83)\r\n\t... 34 more\r\nCaused by: org.openqa.selenium.NoSuchElementException: no such element: Unable to locate element: {\"method\":\"xpath\",\"selector\":\"//span[text()='Client Quotes']\"}\n  (Session info: chrome=67.0.3396.99)\n  (Driver info: chromedriver=2.40.565498 (ea082db3280dd6843ebfb08a625e3eb905c4f5ab),platform=Windows NT 10.0.17134 x86_64) (WARNING: The server did not provide any stacktrace information)\nCommand duration or timeout: 0 milliseconds\nFor documentation on this error, please visit: http://seleniumhq.org/exceptions/no_such_element.html\nBuild info: version: '3.12.0', revision: '7c6e0b3', time: '2018-05-08T14:04:26.12Z'\nSystem info: host: 'DESKTOP-RNHDCNI', ip: '46.255.33.32', os.name: 'Windows 10', os.arch: 'amd64', os.version: '10.0', java.version: '1.8.0_161'\nDriver info: org.openqa.selenium.chrome.ChromeDriver\nCapabilities {acceptInsecureCerts: false, acceptSslCerts: false, applicationCacheEnabled: false, browserConnectionEnabled: false, browserName: chrome, chrome: {chromedriverVersion: 2.40.565498 (ea082db3280dd6..., userDataDir: C:\\Users\\Irene\\AppData\\Loca...}, cssSelectorsEnabled: true, databaseEnabled: false, handlesAlerts: true, hasTouchScreen: false, javascriptEnabled: true, locationContextEnabled: true, mobileEmulationEnabled: false, nativeEvents: true, networkConnectionEnabled: false, pageLoadStrategy: normal, platform: XP, platformName: XP, rotatable: false, setWindowRect: true, takesHeapSnapshot: true, takesScreenshot: true, unexpectedAlertBehaviour: , unhandledPromptBehavior: , version: 67.0.3396.99, webStorageEnabled: true}\nSession ID: 13940ab4dc88eb97648306953d729a37\n*** Element info: {Using=xpath, value=//span[text()='Client Quotes']}\r\n\tat sun.reflect.NativeConstructorAccessorImpl.newInstance0(Native Method)\r\n\tat sun.reflect.NativeConstructorAccessorImpl.newInstance(NativeConstructorAccessorImpl.java:62)\r\n\tat sun.reflect.DelegatingConstructorAccessorImpl.newInstance(DelegatingConstructorAccessorImpl.java:45)\r\n\tat java.lang.reflect.Constructor.newInstance(Constructor.java:423)\r\n\tat org.openqa.selenium.remote.ErrorHandler.createThrowable(ErrorHandler.java:214)\r\n\tat org.openqa.selenium.remote.ErrorHandler.throwIfResponseFailed(ErrorHandler.java:166)\r\n\tat org.openqa.selenium.remote.http.JsonHttpResponseCodec.reconstructValue(JsonHttpResponseCodec.java:40)\r\n\tat org.openqa.selenium.remote.http.AbstractHttpResponseCodec.decode(AbstractHttpResponseCodec.java:80)\r\n\tat org.openqa.selenium.remote.http.AbstractHttpResponseCodec.decode(AbstractHttpResponseCodec.java:44)\r\n\tat org.openqa.selenium.remote.HttpCommandExecutor.execute(HttpCommandExecutor.java:158)\r\n\tat org.openqa.selenium.remote.service.DriverCommandExecutor.execute(DriverCommandExecutor.java:83)\r\n\tat org.openqa.selenium.remote.RemoteWebDriver.execute(RemoteWebDriver.java:543)\r\n\tat org.openqa.selenium.remote.RemoteWebDriver.findElement(RemoteWebDriver.java:317)\r\n\tat org.openqa.selenium.remote.RemoteWebDriver.findElementByXPath(RemoteWebDriver.java:419)\r\n\tat org.openqa.selenium.By$ByXPath.findElement(By.java:353)\r\n\tat org.openqa.selenium.remote.RemoteWebDriver.findElement(RemoteWebDriver.java:309)\r\n\tat org.openqa.selenium.support.pagefactory.DefaultElementLocator.findElement(DefaultElementLocator.java:69)\r\n\tat org.openqa.selenium.support.pagefactory.internal.LocatingElementHandler.invoke(LocatingElementHandler.java:38)\r\n\tat com.sun.proxy.$Proxy12.isDisplayed(Unknown Source)\r\n\tat org.openqa.selenium.support.ui.ExpectedConditions.elementIfVisible(ExpectedConditions.java:315)\r\n\tat org.openqa.selenium.support.ui.ExpectedConditions.access$100(ExpectedConditions.java:44)\r\n\tat org.openqa.selenium.support.ui.ExpectedConditions$10.apply(ExpectedConditions.java:301)\r\n\tat org.openqa.selenium.support.ui.ExpectedConditions$10.apply(ExpectedConditions.java:298)\r\n\tat org.openqa.selenium.support.ui.ExpectedConditions$23.apply(ExpectedConditions.java:686)\r\n\tat org.openqa.selenium.support.ui.ExpectedConditions$23.apply(ExpectedConditions.java:682)\r\n\tat org.openqa.selenium.support.ui.FluentWait.until(FluentWait.java:248)\r\n\t... 35 more\r\n"},"stage":"finished","start":1532352859943,"stop":1532353028457,"steps":[{"name":"clickSalesQuotes","status":"passed","stage":"finished","start":1532352860316,"stop":1532352861604,"steps":[{"name":"clickMenu","status":"passed","stage":"finished","start":1532352861462,"stop":1532352861604,"parameters":[{"name":"menu","value":"[[ChromeDriver: chrome on XP (13940ab4dc88eb97648306953d729a37)] -> xpath: //span[text()='Sales Quotes']]"}]}]},{"name":"clickAgreementsInProgress","status":"passed","stage":"finished","start":1532352861604,"stop":1532352878746,"steps":[{"name":"clickSubMenu","status":"passed","stage":"finished","start":1532352861627,"stop":1532352862056,"parameters":[{"name":"submenu","value":"[[ChromeDriver: chrome on XP (13940ab4dc88eb97648306953d729a37)] -> xpath: //span[text()='Agreements in Progress']]"}]},{"name":"waitForLoading","status":"passed","stage":"finished","start":1532352862057,"stop":1532352878596,"steps":[{"name":"waitABit","status":"passed","stage":"finished","start":1532352877095,"stop":1532352878596,"parameters":[{"name":"milliseconds","value":"1500"}]}]}]},{"name":"searchUser","status":"passed","stage":"finished","start":1532352878747,"stop":1532352879692,"steps":[{"name":"clickWithJS","status":"passed","stage":"finished","start":1532352879030,"stop":1532352879067,"parameters":[{"name":"element","value":"[[ChromeDriver: chrome on XP (13940ab4dc88eb97648306953d729a37)] -> id: btnSearch]"}]},{"name":"waitForProcessing","status":"passed","stage":"finished","start":1532352879068,"stop":1532352879692}],"parameters":[{"name":"searchValue","value":"CompanyAutomation"}]},{"name":"deleteUsers","status":"passed","stage":"finished","start":1532352879692,"stop":1532352929305,"steps":[{"name":"deleteParameters","status":"passed","stage":"finished","start":1532352909752,"stop":1532352929305,"steps":[{"name":"waitABit","status":"passed","stage":"finished","start":1532352910429,"stop":1532352911930,"parameters":[{"name":"milliseconds","value":"1500"}]},{"name":"waitABit","status":"passed","stage":"finished","start":1532352927770,"stop":1532352929271,"parameters":[{"name":"milliseconds","value":"1500"}]}],"parameters":[{"name":"deleteParameter","value":"CompanyAutomation"}]}],"parameters":[{"name":"deleteParameter","value":"CompanyAutomation"}]},{"name":"clickAddClientButton","status":"passed","stage":"finished","start":1532352929306,"stop":1532352929428},{"name":"fillNewClientProfile","status":"passed","stage":"finished","start":1532352929429,"stop":1532352932043,"steps":[{"name":"setNewClientName","status":"passed","stage":"finished","start":1532352929491,"stop":1532352930238,"parameters":[{"name":"name","value":"CompanyAutomation"}]},{"name":"setNewClientNickName","status":"passed","stage":"finished","start":1532352930239,"stop":1532352930399,"parameters":[{"name":"name","value":"Nock for company"}]},{"name":"setNewClientAddress","status":"passed","stage":"finished","start":1532352930400,"stop":1532352930516,"parameters":[{"name":"address","value":"Address 1"}]},{"name":"setNewClientAddress2","status":"passed","stage":"finished","start":1532352930516,"stop":1532352930641,"parameters":[{"name":"address2","value":"Address 2"}]},{"name":"setNewClientZip","status":"passed","stage":"finished","start":1532352930641,"stop":1532352930757,"parameters":[{"name":"zip","value":"123AB"}]},{"name":"setNewClientCountry","status":"passed","stage":"finished","start":1532352930757,"stop":1532352930922,"parameters":[{"name":"country","value":"United States"}]},{"name":"setNewClientCity","status":"passed","stage":"finished","start":1532352930923,"stop":1532352931032,"parameters":[{"name":"city","value":"LA"}]},{"name":"setNewClientBusinessPhone","status":"passed","stage":"finished","start":1532352931032,"stop":1532352931210,"parameters":[{"name":"businessPhone","value":"+380963665214"}]},{"name":"setNewClientCellPhone","status":"passed","stage":"finished","start":1532352931210,"stop":1532352931360,"parameters":[{"name":"cellPhone","value":"+380963665214"}]},{"name":"setNewClientFirstName","status":"passed","stage":"finished","start":1532352931361,"stop":1532352931461,"parameters":[{"name":"firstName","value":"Test"}]},{"name":"setNewClientLastName","status":"passed","stage":"finished","start":1532352931461,"stop":1532352931624,"parameters":[{"name":"lastName","value":"User"}]},{"name":"setNewClientTitle","status":"passed","stage":"finished","start":1532352931624,"stop":1532352931797,"parameters":[{"name":"title","value":"Job title"}]},{"name":"setNewClientEmail","status":"passed","stage":"finished","start":1532352931798,"stop":1532352932043,"parameters":[{"name":"email","value":"test.cyberiansoft@gmail.com"}]}],"parameters":[{"name":"name","value":"CompanyAutomation"},{"name":"nickname","value":"Nock for company"},{"name":"address","value":"Address 1"},{"name":"address2","value":"Address 2"},{"name":"zip","value":"123AB"},{"name":"country","value":"United States"},{"name":"state","value":"California"},{"name":"city","value":"LA"},{"name":"businessPhone","value":"+380963665214"},{"name":"cellPhone","value":"+380963665214"},{"name":"firstName","value":"Test"},{"name":"lastName","value":"User"},{"name":"title","value":"Job title"},{"name":"email","value":"test.cyberiansoft@gmail.com"}]},{"name":"clickConfirmNewClientButton","status":"passed","stage":"finished","start":1532352932044,"stop":1532352933444},{"name":"isUserCreated","status":"passed","stage":"finished","start":1532352933444,"stop":1532352934998,"steps":[{"name":"searchUser","status":"passed","stage":"finished","start":1532352933444,"stop":1532352934985,"steps":[{"name":"clickWithJS","status":"passed","stage":"finished","start":1532352933706,"stop":1532352933731,"parameters":[{"name":"element","value":"[[ChromeDriver: chrome on XP (13940ab4dc88eb97648306953d729a37)] -> id: btnSearch]"}]},{"name":"waitForProcessing","status":"passed","stage":"finished","start":1532352933731,"stop":1532352934985}],"parameters":[{"name":"searchValue","value":"CompanyAutomation"}]}],"parameters":[{"name":"verifyParameter","value":"CompanyAutomation"}]},{"name":"clickAddAgreementBTN","status":"passed","stage":"finished","start":1532352935005,"stop":1532352935231,"parameters":[{"name":"agreementIdentifier","value":"CompanyAutomation"}]},{"name":"setAgreement","status":"passed","stage":"finished","start":1532352935231,"stop":1532352937366,"steps":[{"name":"setAgreementName","status":"passed","stage":"finished","start":1532352935232,"stop":1532352935857,"parameters":[{"name":"name","value":"First agreement"}]},{"name":"selectEdition","status":"passed","stage":"finished","start":1532352935857,"stop":1532352935995,"parameters":[{"name":"edition","value":"Repair360 FREE"}]},{"name":"saveAgreement","status":"passed","stage":"finished","start":1532352935996,"stop":1532352936126}],"parameters":[{"name":"agreement","value":"First agreement"},{"name":"team","value":"Repair360 FREE"}]},{"name":"clickClientQuotesSubmenu","status":"failed","statusDetails":{"known":false,"muted":false,"flaky":false,"message":"The submenu has not been clicked!","trace":"java.lang.AssertionError: The submenu has not been clicked!\r\n\tat org.testng.Assert.fail(Assert.java:85)\r\n\tat com.cyberiansoft.test.inhouse.pageObject.LeftMenuPanel.clickSubMenu_aroundBody2(LeftMenuPanel.java:85)\r\n\tat com.cyberiansoft.test.inhouse.pageObject.LeftMenuPanel$AjcClosure3.run(LeftMenuPanel.java:1)\r\n\tat org.aspectj.runtime.reflect.JoinPointImpl.proceed(JoinPointImpl.java:149)\r\n\tat io.qameta.allure.aspects.StepsAspects.step(StepsAspects.java:51)\r\n\tat com.cyberiansoft.test.inhouse.pageObject.LeftMenuPanel.clickSubMenu(LeftMenuPanel.java:83)\r\n\tat com.cyberiansoft.test.inhouse.pageObject.LeftMenuPanel.clickClientQuotesSubmenu_aroundBody12(LeftMenuPanel.java:138)\r\n\tat com.cyberiansoft.test.inhouse.pageObject.LeftMenuPanel$AjcClosure13.run(LeftMenuPanel.java:1)\r\n\tat org.aspectj.runtime.reflect.JoinPointImpl.proceed(JoinPointImpl.java:149)\r\n\tat io.qameta.allure.aspects.StepsAspects.step(StepsAspects.java:51)\r\n\tat com.cyberiansoft.test.inhouse.pageObject.LeftMenuPanel.clickClientQuotesSubmenu(LeftMenuPanel.java:138)\r\n\tat com.cyberiansoft.test.inhouse.testcases.TeamPortalUserTestCases.testUserCanAddAgreement(TeamPortalUserTestCases.java:96)\r\n\tat sun.reflect.NativeMethodAccessorImpl.invoke0(Native Method)\r\n\tat sun.reflect.NativeMethodAccessorImpl.invoke(NativeMethodAccessorImpl.java:62)\r\n\tat sun.reflect.DelegatingMethodAccessorImpl.invoke(DelegatingMethodAccessorImpl.java:43)\r\n\tat java.lang.reflect.Method.invoke(Method.java:498)\r\n\tat org.testng.internal.MethodInvocationHelper.invokeMethod(MethodInvocationHelper.java:124)\r\n\tat org.testng.internal.Invoker.invokeMethod(Invoker.java:583)\r\n\tat org.testng.internal.Invoker.invokeTestMethod(Invoker.java:719)\r\n\tat org.testng.internal.Invoker.invokeTestMethods(Invoker.java:989)\r\n\tat org.testng.internal.TestMethodWorker.invokeTestMethods(TestMethodWorker.java:125)\r\n\tat org.testng.internal.TestMethodWorker.run(TestMethodWorker.java:109)\r\n\tat org.testng.TestRunner.privateRun(TestRunner.java:648)\r\n\tat org.testng.TestRunner.run(TestRunner.java:505)\r\n\tat org.testng.SuiteRunner.runTest(SuiteRunner.java:455)\r\n\tat org.testng.SuiteRunner.runSequentially(SuiteRunner.java:450)\r\n\tat org.testng.SuiteRunner.privateRun(SuiteRunner.java:415)\r\n\tat org.testng.SuiteRunner.run(SuiteRunner.java:364)\r\n\tat org.testng.SuiteRunnerWorker.runSuite(SuiteRunnerWorker.java:52)\r\n\tat org.testng.SuiteRunnerWorker.run(SuiteRunnerWorker.java:84)\r\n\tat org.testng.TestNG.runSuitesSequentially(TestNG.java:1208)\r\n\tat org.testng.TestNG.runSuitesLocally(TestNG.java:1137)\r\n\tat org.testng.TestNG.runSuites(TestNG.java:1049)\r\n\tat org.testng.TestNG.run(TestNG.java:1017)\r\n\tat org.testng.IDEARemoteTestNG.run(IDEARemoteTestNG.java:72)\r\n\tat org.testng.RemoteTestNGStarter.main(RemoteTestNGStarter.java:123)\r\nCaused by: org.openqa.selenium.TimeoutException: Expected condition failed: waiting for element to be clickable: Proxy element for: DefaultElementLocator 'By.xpath: //span[text()='Client Quotes']' (tried for 60 second(s) with 250 milliseconds interval)\r\n\tat org.openqa.selenium.support.ui.WebDriverWait.timeoutException(WebDriverWait.java:81)\r\n\tat org.openqa.selenium.support.ui.FluentWait.until(FluentWait.java:271)\r\n\tat com.cyberiansoft.test.inhouse.pageObject.LeftMenuPanel.clickSubMenu_aroundBody2(LeftMenuPanel.java:83)\r\n\t... 34 more\r\nCaused by: org.openqa.selenium.NoSuchElementException: no such element: Unable to locate element: {\"method\":\"xpath\",\"selector\":\"//span[text()='Client Quotes']\"}\n  (Session info: chrome=67.0.3396.99)\n  (Driver info: chromedriver=2.40.565498 (ea082db3280dd6843ebfb08a625e3eb905c4f5ab),platform=Windows NT 10.0.17134 x86_64) (WARNING: The server did not provide any stacktrace information)\nCommand duration or timeout: 0 milliseconds\nFor documentation on this error, please visit: http://seleniumhq.org/exceptions/no_such_element.html\nBuild info: version: '3.12.0', revision: '7c6e0b3', time: '2018-05-08T14:04:26.12Z'\nSystem info: host: 'DESKTOP-RNHDCNI', ip: '46.255.33.32', os.name: 'Windows 10', os.arch: 'amd64', os.version: '10.0', java.version: '1.8.0_161'\nDriver info: org.openqa.selenium.chrome.ChromeDriver\nCapabilities {acceptInsecureCerts: false, acceptSslCerts: false, applicationCacheEnabled: false, browserConnectionEnabled: false, browserName: chrome, chrome: {chromedriverVersion: 2.40.565498 (ea082db3280dd6..., userDataDir: C:\\Users\\Irene\\AppData\\Loca...}, cssSelectorsEnabled: true, databaseEnabled: false, handlesAlerts: true, hasTouchScreen: false, javascriptEnabled: true, locationContextEnabled: true, mobileEmulationEnabled: false, nativeEvents: true, networkConnectionEnabled: false, pageLoadStrategy: normal, platform: XP, platformName: XP, rotatable: false, setWindowRect: true, takesHeapSnapshot: true, takesScreenshot: true, unexpectedAlertBehaviour: , unhandledPromptBehavior: , version: 67.0.3396.99, webStorageEnabled: true}\nSession ID: 13940ab4dc88eb97648306953d729a37\n*** Element info: {Using=xpath, value=//span[text()='Client Quotes']}\r\n\tat sun.reflect.NativeConstructorAccessorImpl.newInstance0(Native Method)\r\n\tat sun.reflect.NativeConstructorAccessorImpl.newInstance(NativeConstructorAccessorImpl.java:62)\r\n\tat sun.reflect.DelegatingConstructorAccessorImpl.newInstance(DelegatingConstructorAccessorImpl.java:45)\r\n\tat java.lang.reflect.Constructor.newInstance(Constructor.java:423)\r\n\tat org.openqa.selenium.remote.ErrorHandler.createThrowable(ErrorHandler.java:214)\r\n\tat org.openqa.selenium.remote.ErrorHandler.throwIfResponseFailed(ErrorHandler.java:166)\r\n\tat org.openqa.selenium.remote.http.JsonHttpResponseCodec.reconstructValue(JsonHttpResponseCodec.java:40)\r\n\tat org.openqa.selenium.remote.http.AbstractHttpResponseCodec.decode(AbstractHttpResponseCodec.java:80)\r\n\tat org.openqa.selenium.remote.http.AbstractHttpResponseCodec.decode(AbstractHttpResponseCodec.java:44)\r\n\tat org.openqa.selenium.remote.HttpCommandExecutor.execute(HttpCommandExecutor.java:158)\r\n\tat org.openqa.selenium.remote.service.DriverCommandExecutor.execute(DriverCommandExecutor.java:83)\r\n\tat org.openqa.selenium.remote.RemoteWebDriver.execute(RemoteWebDriver.java:543)\r\n\tat org.openqa.selenium.remote.RemoteWebDriver.findElement(RemoteWebDriver.java:317)\r\n\tat org.openqa.selenium.remote.RemoteWebDriver.findElementByXPath(RemoteWebDriver.java:419)\r\n\tat org.openqa.selenium.By$ByXPath.findElement(By.java:353)\r\n\tat org.openqa.selenium.remote.RemoteWebDriver.findElement(RemoteWebDriver.java:309)\r\n\tat org.openqa.selenium.support.pagefactory.DefaultElementLocator.findElement(DefaultElementLocator.java:69)\r\n\tat org.openqa.selenium.support.pagefactory.internal.LocatingElementHandler.invoke(LocatingElementHandler.java:38)\r\n\tat com.sun.proxy.$Proxy12.isDisplayed(Unknown Source)\r\n\tat org.openqa.selenium.support.ui.ExpectedConditions.elementIfVisible(ExpectedConditions.java:315)\r\n\tat org.openqa.selenium.support.ui.ExpectedConditions.access$100(ExpectedConditions.java:44)\r\n\tat org.openqa.selenium.support.ui.ExpectedConditions$10.apply(ExpectedConditions.java:301)\r\n\tat org.openqa.selenium.support.ui.ExpectedConditions$10.apply(ExpectedConditions.java:298)\r\n\tat org.openqa.selenium.support.ui.ExpectedConditions$23.apply(ExpectedConditions.java:686)\r\n\tat org.openqa.selenium.support.ui.ExpectedConditions$23.apply(ExpectedConditions.java:682)\r\n\tat org.openqa.selenium.support.ui.FluentWait.until(FluentWait.java:248)\r\n\t... 35 more\r\n"},"stage":"finished","start":1532352937366,"stop":1532353028415,"steps":[{"name":"clickSubMenu","status":"failed","statusDetails":{"known":false,"muted":false,"flaky":false,"message":"The submenu has not been clicked!","trace":"java.lang.AssertionError: The submenu has not been clicked!\r\n\tat org.testng.Assert.fail(Assert.java:85)\r\n\tat com.cyberiansoft.test.inhouse.pageObject.LeftMenuPanel.clickSubMenu_aroundBody2(LeftMenuPanel.java:85)\r\n\tat com.cyberiansoft.test.inhouse.pageObject.LeftMenuPanel$AjcClosure3.run(LeftMenuPanel.java:1)\r\n\tat org.aspectj.runtime.reflect.JoinPointImpl.proceed(JoinPointImpl.java:149)\r\n\tat io.qameta.allure.aspects.StepsAspects.step(StepsAspects.java:51)\r\n\tat com.cyberiansoft.test.inhouse.pageObject.LeftMenuPanel.clickSubMenu(LeftMenuPanel.java:83)\r\n\tat com.cyberiansoft.test.inhouse.pageObject.LeftMenuPanel.clickClientQuotesSubmenu_aroundBody12(LeftMenuPanel.java:138)\r\n\tat com.cyberiansoft.test.inhouse.pageObject.LeftMenuPanel$AjcClosure13.run(LeftMenuPanel.java:1)\r\n\tat org.aspectj.runtime.reflect.JoinPointImpl.proceed(JoinPointImpl.java:149)\r\n\tat io.qameta.allure.aspects.StepsAspects.step(StepsAspects.java:51)\r\n\tat com.cyberiansoft.test.inhouse.pageObject.LeftMenuPanel.clickClientQuotesSubmenu(LeftMenuPanel.java:138)\r\n\tat com.cyberiansoft.test.inhouse.testcases.TeamPortalUserTestCases.testUserCanAddAgreement(TeamPortalUserTestCases.java:96)\r\n\tat sun.reflect.NativeMethodAccessorImpl.invoke0(Native Method)\r\n\tat sun.reflect.NativeMethodAccessorImpl.invoke(NativeMethodAccessorImpl.java:62)\r\n\tat sun.reflect.DelegatingMethodAccessorImpl.invoke(DelegatingMethodAccessorImpl.java:43)\r\n\tat java.lang.reflect.Method.invoke(Method.java:498)\r\n\tat org.testng.internal.MethodInvocationHelper.invokeMethod(MethodInvocationHelper.java:124)\r\n\tat org.testng.internal.Invoker.invokeMethod(Invoker.java:583)\r\n\tat org.testng.internal.Invoker.invokeTestMethod(Invoker.java:719)\r\n\tat org.testng.internal.Invoker.invokeTestMethods(Invoker.java:989)\r\n\tat org.testng.internal.TestMethodWorker.invokeTestMethods(TestMethodWorker.java:125)\r\n\tat org.testng.internal.TestMethodWorker.run(TestMethodWorker.java:109)\r\n\tat org.testng.TestRunner.privateRun(TestRunner.java:648)\r\n\tat org.testng.TestRunner.run(TestRunner.java:505)\r\n\tat org.testng.SuiteRunner.runTest(SuiteRunner.java:455)\r\n\tat org.testng.SuiteRunner.runSequentially(SuiteRunner.java:450)\r\n\tat org.testng.SuiteRunner.privateRun(SuiteRunner.java:415)\r\n\tat org.testng.SuiteRunner.run(SuiteRunner.java:364)\r\n\tat org.testng.SuiteRunnerWorker.runSuite(SuiteRunnerWorker.java:52)\r\n\tat org.testng.SuiteRunnerWorker.run(SuiteRunnerWorker.java:84)\r\n\tat org.testng.TestNG.runSuitesSequentially(TestNG.java:1208)\r\n\tat org.testng.TestNG.runSuitesLocally(TestNG.java:1137)\r\n\tat org.testng.TestNG.runSuites(TestNG.java:1049)\r\n\tat org.testng.TestNG.run(TestNG.java:1017)\r\n\tat org.testng.IDEARemoteTestNG.run(IDEARemoteTestNG.java:72)\r\n\tat org.testng.RemoteTestNGStarter.main(RemoteTestNGStarter.java:123)\r\nCaused by: org.openqa.selenium.TimeoutException: Expected condition failed: waiting for element to be clickable: Proxy element for: DefaultElementLocator 'By.xpath: //span[text()='Client Quotes']' (tried for 60 second(s) with 250 milliseconds interval)\r\n\tat org.openqa.selenium.support.ui.WebDriverWait.timeoutException(WebDriverWait.java:81)\r\n\tat org.openqa.selenium.support.ui.FluentWait.until(FluentWait.java:271)\r\n\tat com.cyberiansoft.test.inhouse.pageObject.LeftMenuPanel.clickSubMenu_aroundBody2(LeftMenuPanel.java:83)\r\n\t... 34 more\r\nCaused by: org.openqa.selenium.NoSuchElementException: no such element: Unable to locate element: {\"method\":\"xpath\",\"selector\":\"//span[text()='Client Quotes']\"}\n  (Session info: chrome=67.0.3396.99)\n  (Driver info: chromedriver=2.40.565498 (ea082db3280dd6843ebfb08a625e3eb905c4f5ab),platform=Windows NT 10.0.17134 x86_64) (WARNING: The server did not provide any stacktrace information)\nCommand duration or timeout: 0 milliseconds\nFor documentation on this error, please visit: http://seleniumhq.org/exceptions/no_such_element.html\nBuild info: version: '3.12.0', revision: '7c6e0b3', time: '2018-05-08T14:04:26.12Z'\nSystem info: host: 'DESKTOP-RNHDCNI', ip: '46.255.33.32', os.name: 'Windows 10', os.arch: 'amd64', os.version: '10.0', java.version: '1.8.0_161'\nDriver info: org.openqa.selenium.chrome.ChromeDriver\nCapabilities {acceptInsecureCerts: false, acceptSslCerts: false, applicationCacheEnabled: false, browserConnectionEnabled: false, browserName: chrome, chrome: {chromedriverVersion: 2.40.565498 (ea082db3280dd6..., userDataDir: C:\\Users\\Irene\\AppData\\Loca...}, cssSelectorsEnabled: true, databaseEnabled: false, handlesAlerts: true, hasTouchScreen: false, javascriptEnabled: true, locationContextEnabled: true, mobileEmulationEnabled: false, nativeEvents: true, networkConnectionEnabled: false, pageLoadStrategy: normal, platform: XP, platformName: XP, rotatable: false, setWindowRect: true, takesHeapSnapshot: true, takesScreenshot: true, unexpectedAlertBehaviour: , unhandledPromptBehavior: , version: 67.0.3396.99, webStorageEnabled: true}\nSession ID: 13940ab4dc88eb97648306953d729a37\n*** Element info: {Using=xpath, value=//span[text()='Client Quotes']}\r\n\tat sun.reflect.NativeConstructorAccessorImpl.newInstance0(Native Method)\r\n\tat sun.reflect.NativeConstructorAccessorImpl.newInstance(NativeConstructorAccessorImpl.java:62)\r\n\tat sun.reflect.DelegatingConstructorAccessorImpl.newInstance(DelegatingConstructorAccessorImpl.java:45)\r\n\tat java.lang.reflect.Constructor.newInstance(Constructor.java:423)\r\n\tat org.openqa.selenium.remote.ErrorHandler.createThrowable(ErrorHandler.java:214)\r\n\tat org.openqa.selenium.remote.ErrorHandler.throwIfResponseFailed(ErrorHandler.java:166)\r\n\tat org.openqa.selenium.remote.http.JsonHttpResponseCodec.reconstructValue(JsonHttpResponseCodec.java:40)\r\n\tat org.openqa.selenium.remote.http.AbstractHttpResponseCodec.decode(AbstractHttpResponseCodec.java:80)\r\n\tat org.openqa.selenium.remote.http.AbstractHttpResponseCodec.decode(AbstractHttpResponseCodec.java:44)\r\n\tat org.openqa.selenium.remote.HttpCommandExecutor.execute(HttpCommandExecutor.java:158)\r\n\tat org.openqa.selenium.remote.service.DriverCommandExecutor.execute(DriverCommandExecutor.java:83)\r\n\tat org.openqa.selenium.remote.RemoteWebDriver.execute(RemoteWebDriver.java:543)\r\n\tat org.openqa.selenium.remote.RemoteWebDriver.findElement(RemoteWebDriver.java:317)\r\n\tat org.openqa.selenium.remote.RemoteWebDriver.findElementByXPath(RemoteWebDriver.java:419)\r\n\tat org.openqa.selenium.By$ByXPath.findElement(By.java:353)\r\n\tat org.openqa.selenium.remote.RemoteWebDriver.findElement(RemoteWebDriver.java:309)\r\n\tat org.openqa.selenium.support.pagefactory.DefaultElementLocator.findElement(DefaultElementLocator.java:69)\r\n\tat org.openqa.selenium.support.pagefactory.internal.LocatingElementHandler.invoke(LocatingElementHandler.java:38)\r\n\tat com.sun.proxy.$Proxy12.isDisplayed(Unknown Source)\r\n\tat org.openqa.selenium.support.ui.ExpectedConditions.elementIfVisible(ExpectedConditions.java:315)\r\n\tat org.openqa.selenium.support.ui.ExpectedConditions.access$100(ExpectedConditions.java:44)\r\n\tat org.openqa.selenium.support.ui.ExpectedConditions$10.apply(ExpectedConditions.java:301)\r\n\tat org.openqa.selenium.support.ui.ExpectedConditions$10.apply(ExpectedConditions.java:298)\r\n\tat org.openqa.selenium.support.ui.ExpectedConditions$23.apply(ExpectedConditions.java:686)\r\n\tat org.openqa.selenium.support.ui.ExpectedConditions$23.apply(ExpectedConditions.java:682)\r\n\tat org.openqa.selenium.support.ui.FluentWait.until(FluentWait.java:248)\r\n\t... 35 more\r\n"},"stage":"finished","start":1532352952422,"stop":1532353028414,"parameters":[{"name":"submenu","value":"Proxy element for: DefaultElementLocator 'By.xpath: //span[text()='Client Quotes']'"}]}]}],"parameters":[{"name":"arg0","value":"testUserCanAddAgreement.01"},{"name":"arg1","value":"Test Case 66621:Verify user can add agreement"},{"name":"arg2","value":"{\"zip\":\"123AB\",\"country\":\"United States\",\"lastName\":\"User\",\"address\":\"Address 1\",\"address2\":\"Address 2\",\"city\":\"LA\",\"secondAgreement\":\"Second Agreement\",\"description\":\"Test Case 66621:Verify user can add agreement\",\"team\":\"Repair360 FREE\",\"title\":\"Job title\",\"firstAgreement\":\"First agreement\",\"rowID\":\"testUserCanAddAgreement.01\",\"firstName\":\"Test\",\"name\":\"CompanyAutomation\",\"nickname\":\"Nock for company\",\"state\":\"California\",\"businessPhone\":\"+380963665214\",\"cellPhone\":\"+380963665214\",\"email\":\"test.cyberiansoft@gmail.com\"}"}]}