{"uuid":"fd5a39b7-e8f7-4ea7-92a3-d5ee5048acdc","historyId":"e53d3448bb52a29fc900d1f1632d2c74","fullName":"com.cyberiansoft.test.bo.testcases.BackOfficeOperationsInvoiceTestCases.checkOperationInvoiceSentMailInMailActivity","labels":[{"name":"package","value":"com.cyberiansoft.test.bo.testcases.BackOfficeOperationsInvoiceTestCases"},{"name":"testClass","value":"com.cyberiansoft.test.bo.testcases.BackOfficeOperationsInvoiceTestCases"},{"name":"testMethod","value":"checkOperationInvoiceSentMailInMailActivity"},{"name":"parentSuite","value":"Default Suite"},{"name":"suite","value":"TestAutomationProject"},{"name":"subSuite","value":"com.cyberiansoft.test.bo.testcases.BackOfficeOperationsInvoiceTestCases"},{"name":"host","value":"DESKTOP-RNHDCNI"},{"name":"thread","value":"6432@DESKTOP-RNHDCNI.main(1)"}],"links":[],"name":"checkOperationInvoiceSentMailInMailActivity","status":"failed","statusDetails":{"known":false,"muted":false,"flaky":false,"message":"The button has not been displayed.","trace":"java.lang.AssertionError: The button has not been displayed.\r\n\tat org.testng.Assert.fail(Assert.java:85)\r\n\tat com.cyberiansoft.test.bo.pageobjects.webpages.InvoicesWebPage.selectOptionForFirstInvoice(InvoicesWebPage.java:599)\r\n\tat com.cyberiansoft.test.bo.pageobjects.webpages.InvoicesWebPage.selectEmailActivity(InvoicesWebPage.java:574)\r\n\tat com.cyberiansoft.test.bo.testcases.BackOfficeOperationsInvoiceTestCases.checkOperationInvoiceSentMailInMailActivity(BackOfficeOperationsInvoiceTestCases.java:761)\r\n\tat sun.reflect.NativeMethodAccessorImpl.invoke0(Native Method)\r\n\tat sun.reflect.NativeMethodAccessorImpl.invoke(NativeMethodAccessorImpl.java:62)\r\n\tat sun.reflect.DelegatingMethodAccessorImpl.invoke(DelegatingMethodAccessorImpl.java:43)\r\n\tat java.lang.reflect.Method.invoke(Method.java:498)\r\n\tat org.testng.internal.MethodInvocationHelper.invokeMethod(MethodInvocationHelper.java:124)\r\n\tat org.testng.internal.Invoker.invokeMethod(Invoker.java:583)\r\n\tat org.testng.internal.Invoker.invokeTestMethod(Invoker.java:719)\r\n\tat org.testng.internal.Invoker.invokeTestMethods(Invoker.java:989)\r\n\tat org.testng.internal.TestMethodWorker.invokeTestMethods(TestMethodWorker.java:125)\r\n\tat org.testng.internal.TestMethodWorker.run(TestMethodWorker.java:109)\r\n\tat org.testng.TestRunner.privateRun(TestRunner.java:648)\r\n\tat org.testng.TestRunner.run(TestRunner.java:505)\r\n\tat org.testng.SuiteRunner.runTest(SuiteRunner.java:455)\r\n\tat org.testng.SuiteRunner.runSequentially(SuiteRunner.java:450)\r\n\tat org.testng.SuiteRunner.privateRun(SuiteRunner.java:415)\r\n\tat org.testng.SuiteRunner.run(SuiteRunner.java:364)\r\n\tat org.testng.SuiteRunnerWorker.runSuite(SuiteRunnerWorker.java:52)\r\n\tat org.testng.SuiteRunnerWorker.run(SuiteRunnerWorker.java:84)\r\n\tat org.testng.TestNG.runSuitesSequentially(TestNG.java:1208)\r\n\tat org.testng.TestNG.runSuitesLocally(TestNG.java:1137)\r\n\tat org.testng.TestNG.runSuites(TestNG.java:1049)\r\n\tat org.testng.TestNG.run(TestNG.java:1017)\r\n\tat org.testng.IDEARemoteTestNG.run(IDEARemoteTestNG.java:72)\r\n\tat org.testng.RemoteTestNGStarter.main(RemoteTestNGStarter.java:123)\r\nCaused by: org.openqa.selenium.TimeoutException: Expected condition failed: waiting for visibility of [[ChromeDriver: chrome on XP (d27b29ce0ccc4fec149dc43f33dc08c6)] -> xpath: //span[contains(text(), 'Email Activity')]] (tried for 15 second(s) with 1 milliseconds interval)\nBuild info: version: '3.12.0', revision: '7c6e0b3', time: '2018-05-08T14:04:26.12Z'\nSystem info: host: 'DESKTOP-RNHDCNI', ip: '46.255.33.64', os.name: 'Windows 10', os.arch: 'amd64', os.version: '10.0', java.version: '1.8.0_161'\nDriver info: org.openqa.selenium.chrome.ChromeDriver\nCapabilities {acceptInsecureCerts: false, acceptSslCerts: false, applicationCacheEnabled: false, browserConnectionEnabled: false, browserName: chrome, chrome: {chromedriverVersion: 2.40.565498 (ea082db3280dd6..., userDataDir: C:\\Users\\Irene\\AppData\\Loca...}, cssSelectorsEnabled: true, databaseEnabled: false, handlesAlerts: true, hasTouchScreen: false, javascriptEnabled: true, locationContextEnabled: true, mobileEmulationEnabled: false, nativeEvents: true, networkConnectionEnabled: false, pageLoadStrategy: normal, platform: XP, platformName: XP, rotatable: false, setWindowRect: true, takesHeapSnapshot: true, takesScreenshot: true, unexpectedAlertBehaviour: , unhandledPromptBehavior: , version: 67.0.3396.99, webStorageEnabled: true}\nSession ID: d27b29ce0ccc4fec149dc43f33dc08c6\r\n\tat org.openqa.selenium.support.ui.WebDriverWait.timeoutException(WebDriverWait.java:81)\r\n\tat org.openqa.selenium.support.ui.FluentWait.until(FluentWait.java:271)\r\n\tat com.cyberiansoft.test.bo.pageobjects.webpages.InvoicesWebPage.selectOptionForFirstInvoice(InvoicesWebPage.java:584)\r\n\t... 26 more\r\n"},"stage":"finished","start":1531914508317,"stop":1531914591855,"parameters":[]}